L 1 "..\..\Pictures\blinker_rechts_on.c"
N/*****************************************************************************
N*   This software is copyright protected. All rights reserved 
N*   Toshiba Electronics Europe GmbH 
N*   European LSI Design and Engineering Center (ELDEC)
N****************************************************************************** 
N*   File Name   : $RCSfile: blinker_rechts_on.c,v $ 
N*   Description : Image files
N****************************************************************************** 
N*   PROJECT     : Capricorn 
N*   MODULE      : Graphics 
N*               : $Name:  $ 
N*   LIBRARIES   : None 
N*   AUTHOR      : $Author: mto $
N****************************************************************************** 
N*   VERSION     : $Revision: 1.1 $ 
N*   RELEASE     : Preliminary & Confidential 
N*   DATE        : $Date: 2014/05/09 14:05:52 $ 
N*   SOURCE MOD. : $Source: /teenet/mpumcu/Capricorn/Capricorn_Bt/bld/Basic_Graphics_Keil/Pictures/blinker_rechts_on.c,v $ 
N*   LOG:        : please have a look at the end of the file
N*****************************************************************************/
N/************************************************************************
N * Generated using TEE Capricorn: Image to C Code Generator
N * Version 1.16
N * Toshiba Electronics Europe GmbH
N * This software is copyright protected. All rights reserved
N ************************************************************************
N * Converted on: 11.3.2013 @ 11:43
N * Output format: FMT_RLERGBA32
N * Image Dimensions : Width=65, Height=69
N * Input Filename: C:\Ortmann20130227\Capricorn\Software\Demos\Capricorn_F\Valeo\blinker_rechts_on.png
N * Data is RLE compressed
N * Uncompressed Data Size : 17.52 KB
N * Compressed Data Size : 13.60 KB
N * Compression Ratio : 22.40%
N ************************************************************************/
N
N#include "captypes.h"
L 1 "..\..\..\..\common\inc\captypes.h" 1
N/*****************************************************************************
N*   This software is copyright protected. All rights reserved
N*   Toshiba Electronics Europe GmbH
N*   European LSI Design and Engineering Center (ELDEC)
N******************************************************************************
N*   DESCRIPTION : Standard core definitions
N******************************************************************************
N*   PLATFORM    : TMPR46xXBG-300
N*   PROJECT     :
N*   MODULE      : Capricorn standard C types
N*   LIBRARIES   : None
N******************************************************************************
N*   VERSION     : $Revision: 1.6 $
N*   DATE        : $Date: 2015/05/04 09:07:19 $
N*   TAG         : $Name:  $
N*   RELEASE     : Preliminary & Confidential
N*****************************************************************************/
N#ifndef CAPTYPES_H
N#define CAPTYPES_H
N
N/**********************************************
N*                Include files                *
N**********************************************/
N
N/*********************************************/
N
N
N/**********************************************
N*                Definitions                  *
N**********************************************/
N/* Simple error codes */
N#define C_SUCCESS                           (0)
N#define C_FAILED                            (-1)
N
N/* Simple boolean value */
N#define C_FALSE                             (0)
N#define C_TRUE                              (1)
N
N/* NULL pointer definition */
N#define C_NULL                              ((void*)0)
N
N/* NULL pointer definition */
N#define TYPES_NULL_PTR   ((void *)0UL)
N
N/*********************************************/
N
N
N/**********************************************
N*            Primitive data types             *
N**********************************************/
N
N/*
N *  MISRA-C & ELDEC MPU/MCU software coding
N *  guideline compliant type definitions
N */
Ntypedef signed char int8_t;                 /* 1 byte,  prefix i8 */
Ntypedef signed short int16_t;               /* 2 bytes, prefix i16 */
Ntypedef signed int int32_t;                 /* 4 bytes, prefix i32 */
Ntypedef signed long long int64_t;           /* 8 bytes, prefix i64 */
Ntypedef unsigned char uint8_t;              /* 1 byte,  prefix u8 */
Ntypedef unsigned short uint16_t;            /* 2 bytes, prefix u16 */
Ntypedef unsigned int uint32_t;              /* 4 bytes, prefix u32 */
Ntypedef unsigned long long uint64_t;        /* 8 bytes, prefix u64 */
Ntypedef int bool_t;                         /* 4 bytes, prefix bo */
Ntypedef float float32_t;                    /* 4 bytes, prefix f32 */
Ntypedef double float64_t;                   /* 8 bytes, prefix f64 */
N
N/*********************************************/
N/*
N Definition for Cortex R4 32-bit memory/registers */
N#define TYPES_REG32 (volatile int32_t*)
N/*
N Definition for Cortex R4 16-bit memory/registers */
N#define TYPES_REG16 (volatile uint16_t*)
N/*
N Definition for Cortex R4 8-bit memory/registers */
N#define TYPES_REG8 (volatile uint8_t*)
N
N
N#endif /* CAPTYPES_H */
N
N/***************************************************************************/
N
N
N/***********************  BEGIN of DISCLAIMER   *****************************
N
N- TOSHIBA is continually working to improve the quality and reliability of
N  its products.
N  Nevertheless, semiconductor devices in general can malfunction or fail
N  due to their inherent electrical sensitivity and vulnerability to physical
N  stress. It is the responsibility of the buyer, when utilizing TOSHIBA
N  products, to comply with the standards of safety in making a safe design
N  for the entire system, and to avoid situations in which a malfunction or
N  failure of such TOSHIBA products could cause loss of human life,
N  bodily injury or damage to property.
N
N  In developing your designs, please ensure that TOSHIBA products are used
N  within specified operating ranges as set forth in the most recent TOSHIBA
N  products specifications. Also, please keep in mind the precautions and
N  conditions set forth in the Handling Guide for Semiconductor Devices, or
N  TOSHIBA Semiconductor Reliability Handbook etc..
N
N- The Toshiba products listed in this document are intended for usage in
N  general electronics applications (computer, personal equipment,
N  office equipment, measuring equipment,industrial robotics, domestic
N  appliances, etc.). These Toshiba products are neither intended nor
N  warranted for usage in equipment that requires extraordinarily high quality
N  and/or reliability or a malfunction or failure of which may cause loss
N  of human life or bodily injury (Unintended Usage).
N  Unintended Usage include atomic energy control instruments, airplane or
N  spaceship instruments, transportation instruments, traffic signal
N  instruments, combustion control instruments, medical instruments,
N  all types of safety devices, etc..
N  Unintended Usage of Toshiba products listed in this document shall be made
N  at the customer’s own risk.
N
N- Toshiba assumes no liability for any damage or losses (including but not
N  limited to, loss of business profit,business interruption, loss of business
N  information,and other pecuniary losses) occurring from the use of,
N  or inability to use, this product.
N
N- The products described in this document are subject to the foreign exchange
N  and foreign trade laws.
N
N- The products described in this document contain components made in the
N  United States and subject to export control of the U.S. authorities.
N  Diversion contrary to the U.S. law is prohibited.
N
N- The information contained herein is presented only as a guide for the
N  applications of our products.
N  No responsibility is assumed by TOSHIBA CORPORATION for any infringements
N  of intellectual property or other rights of the third parties which may
N  result from its use.
N  No license is granted by implication or otherwise under any intellectual
N  property or other rights of TOSHIBA CORPORATION or others.
N
N- The information contained herein is subject to change without notice.
N
N****************************  END of DISCLAIMER ****************************/
N
L 38 "..\..\Pictures\blinker_rechts_on.c" 2
N#include "images_defs.h"
L 1 "..\..\usecases\images\inc\images_defs.h" 1
N/*****************************************************************************
N*   This software is copyright protected. All rights reserved 
N*   Toshiba Electronics Europe GmbH 
N*   European LSI Design and Engineering Center (ELDEC)
N****************************************************************************** 
N*   File Name   : $RCSfile: images_defs.h,v $ 
N*   Description : Image files
N****************************************************************************** 
N*   PROJECT     : Capricorn 
N*   MODULE      : Graphics 
N*               : $Name:  $ 
N*   LIBRARIES   : None 
N*   AUTHOR      : $Author: mto $
N****************************************************************************** 
N*   VERSION     : $Revision: 1.1 $ 
N*   RELEASE     : Preliminary & Confidential 
N*   DATE        : $Date: 2014/05/09 14:05:52 $ 
N*   SOURCE MOD. : $Source: /teenet/mpumcu/Capricorn/Capricorn_Bt/bld/Basic_Graphics_Keil/usecases/images/inc/images_defs.h,v $ 
N*   LOG:        : please have a look at the end of the file
N*****************************************************************************/
N/************************************************************************
N * Generated using TEE Capricorn: Image to C Code Generator
N * Version 1.16
N * Toshiba Electronics Europe GmbH
N * This software is copyright protected. All rights reserved
N ************************************************************************
N * Converted on: 11.3.2013 @ 11:43
N ************************************************************************/
N#ifndef IMAGES_DEFS_H
N#define IMAGES_DEFS_H
N
N#define BACKGROUND_COLOR_0 (0x0000FFFF)
N#define BACKGROUND_COLOR_1 (0x00FF00FF)
N
N#define BLINKER_LINKS_OFF_SIZE (2467)
N#define BLINKER_LINKS_OFF_HEIGHT (69)
N#define BLINKER_LINKS_OFF_WIDTH (65)
N#define BLINKER_LINKS_OFF_XPOS (0)
N#define BLINKER_LINKS_OFF_YPOS (0)
N#define BLINKER_LINKS_OFF_XCPOS (0)
N#define BLINKER_LINKS_OFF_YCPOS (0)
N#define STIMAGE_INDICATOR_SIZE_X (4)
N#define STIMAGE_INDICATOR_SIZE_Y (1)
N
N#define BLINKER_LINKS_ON_SIZE (3496)
N#define BLINKER_LINKS_ON_HEIGHT (69)
N#define BLINKER_LINKS_ON_WIDTH (65)
N#define BLINKER_LINKS_ON_XPOS (0)
N#define BLINKER_LINKS_ON_YPOS (0)
N#define BLINKER_LINKS_ON_XCPOS (0)
N#define BLINKER_LINKS_ON_YCPOS (0)
N
N#define BLINKER_RECHTS_OFF_SIZE (2505)
N#define BLINKER_RECHTS_OFF_HEIGHT (69)
N#define BLINKER_RECHTS_OFF_WIDTH (65)
N#define BLINKER_RECHTS_OFF_XPOS (0)
N#define BLINKER_RECHTS_OFF_YPOS (0)
N#define BLINKER_RECHTS_OFF_XCPOS (0)
N#define BLINKER_RECHTS_OFF_YCPOS (0)
N
N#define BLINKER_RECHTS_ON_SIZE (3481)
N#define BLINKER_RECHTS_ON_HEIGHT (69)
N#define BLINKER_RECHTS_ON_WIDTH (65)
N#define BLINKER_RECHTS_ON_XPOS (0)
N#define BLINKER_RECHTS_ON_YPOS (0)
N#define BLINKER_RECHTS_ON_XCPOS (0)
N#define BLINKER_RECHTS_ON_YCPOS (0)
N
N#define ICONS_ABBLENDLICHT_SIZE (1662)
N#define ICONS_ABBLENDLICHT_HEIGHT (42)
N#define ICONS_ABBLENDLICHT_WIDTH (59)
N#define ICONS_ABBLENDLICHT_XPOS (0)
N#define ICONS_ABBLENDLICHT_YPOS (0)
N#define ICONS_ABBLENDLICHT_XCPOS (0)
N#define ICONS_ABBLENDLICHT_YCPOS (0)
N#define STIMAGE_ICONS_SIZE_X (4)
N#define STIMAGE_ICONS_SIZE_Y (1)
N
N#define ICONS_BATTERIE_SIZE (1552)
N#define ICONS_BATTERIE_HEIGHT (42)
N#define ICONS_BATTERIE_WIDTH (59)
N#define ICONS_BATTERIE_XPOS (0)
N#define ICONS_BATTERIE_YPOS (0)
N#define ICONS_BATTERIE_XCPOS (0)
N#define ICONS_BATTERIE_YCPOS (0)
N
N#define ICONS_FERNLICHT_SIZE (1519)
N#define ICONS_FERNLICHT_HEIGHT (42)
N#define ICONS_FERNLICHT_WIDTH (59)
N#define ICONS_FERNLICHT_XPOS (0)
N#define ICONS_FERNLICHT_YPOS (0)
N#define ICONS_FERNLICHT_XCPOS (0)
N#define ICONS_FERNLICHT_YCPOS (0)
N
N#define ICONS_OEL_SIZE (1557)
N#define ICONS_OEL_HEIGHT (42)
N#define ICONS_OEL_WIDTH (59)
N#define ICONS_OEL_XPOS (0)
N#define ICONS_OEL_YPOS (0)
N#define ICONS_OEL_XCPOS (0)
N#define ICONS_OEL_YCPOS (0)
N
N#endif
N/***************************************************************************/
N
N/***********************  BEGIN of DISCLAIMER   *****************************
N
N- TOSHIBA is continually working to improve the quality and reliability of
N  its products.
N  Nevertheless, semiconductor devices in general can malfunction or fail
N  due to their inherent electrical sensitivity and vulnerability to physical
N  stress. It is the responsibility of the buyer, when utilizing TOSHIBA
N  products, to comply with the standards of safety in making a safe design
N  for the entire system, and to avoid situations in which a malfunction or
N  failure of such TOSHIBA products could cause loss of human life,
N  bodily injury or damage to property.
N
N  In developing your designs, please ensure that TOSHIBA products are used
N  within specified operating ranges as set forth in the most recent TOSHIBA
N  products specifications. Also, please keep in mind the precautions and
N  conditions set forth in the ï¿½Handling Guide for Semiconductor Devices, or
N  TOSHIBA Semiconductor Reliability Handbook etc..
N
N- The Toshiba products listed in this document are intended for usage in
N  general electronics applications (computer, personal equipment,
N  office equipment, measuring equipment,industrial robotics, domestic
N  appliances, etc.). These Toshiba products are neither intended nor
N  warranted for usage in equipment that requires extraordinarily high quality
N  and/or reliability or a malfunction or failure of which may cause loss
N  of human life or bodily injury (ï¿½Unintended Usage).
N  Unintended Usage include atomic energy control instruments, airplane or
N  spaceship instruments, transportation instruments, traffic signal
N  instruments, combustion control instruments, medical instruments,
N  all types of safety devices, etc..
N  Unintended Usage of Toshiba products listed in this document shall be made
N  at the customerï¿½s own risk.
N
N- Toshiba assumes no liability for any damage or losses (including but not
N
N  limited to, loss of business profit,business interruption, loss of business
N  information,and other pecuniary losses) occurring from the use of,
N  or inability to use, this product.
N
N- The products described in this document are subject to the foreign exchange
N  and foreign trade laws.
N
N- The products described in this document contain components made in the
N  United States and subject to export control of the U.S. authorities.
N  Diversion contrary to the U.S. law is prohibited.
N
N- The information contained herein is presented only as a guide for the
N  applications of our products.
N  No responsibility is assumed by TOSHIBA CORPORATION for any infringements
N  of intellectual property or other rights of the third parties which may
N  result from its use.
N  No license is granted by implication or otherwise under any intellectual
N  property or other rights of TOSHIBA CORPORATION or others.
N
N- The information contained herein is subject to change without notice.
N
N****************************  END of DISCLAIMER ****************************/
N
N/********************************* BEGIN OF LOG ******************************
N*
N* $Log: images_defs.h,v $
N* Revision 1.1  2014/05/09 14:05:52  mto
N* initial version
N*
N* 
N********************************** END OF LOG ******************************/ 
L 39 "..\..\Pictures\blinker_rechts_on.c" 2
N
N#if defined(__GHS__) || defined(__ghs__)
X#if 0L || 0L
S#pragma ghs section data = ".ROMgraphics"
S#define ALIGNED
N#endif /* defined(__GHS__) || defined(__ghs__) */
N
N#if defined(_DIAB_TOOL)
X#if 0L
S#pragma section .data ".ROMgraphics"
S/* fixme: specify alignment */
S#define ALIGNED
N#endif /* defined(_DIAB_TOOL) */
N
N#if defined(__arm__) && defined(__ARMCC_VERSION)
X#if 1L && 1L
N#pragma arm section rwdata = ".ROMgraphics"
N#define ALIGNED __align(8)
N#endif /* defined(__arm__) && defined(__ARMCC_VERSION) */
N
N#if defined(__GHS__) || defined(__ghs__)
X#if 0L || 0L
S#pragma alignvar(8)
N#endif /* defined(__GHS__) || defined(__ghs__) */
NALIGNED uint32_t u32_blinker_rechts_on_RLE[BLINKER_RECHTS_ON_SIZE] = {
X__align(8) uint32_t u32_blinker_rechts_on_RLE[(3481)] = {
N0xfccc008a, 0xcc0004cc, 0xcc04ccfc, 0xcc08ccfc, 0xcc08ccfc, 0x0c82ccfc, 0x01ccfccc, 0xccfccc0c, 
N0xfccc0882, 0xcc0803cc, 0xcc04ccfc, 0xcc04ccfc, 0x0085ccfc, 0x1accfccc, 0xccfccc00, 0xccfccc04, 
N0xccfccc00, 0xccfccc00, 0xccfccc04, 0xccfccc00, 0xccfccc00, 0xccfccc04, 0xccfccc00, 0xccfccc00, 
N0xccfccc04, 0xccfccc00, 0xccfccc00, 0xccfccc04, 0xccfccc00, 0xccfccc00, 0xccfccc04, 0xccfccc00, 
N0xccfccc00, 0xccfccc04, 0xccfccc00, 0xccfccc00, 0xccfccc04, 0xccfccc00, 0xccfccc00, 0xccfccc04, 
N0xfccc008e, 0xcc0002cc, 0xcc04ccfc, 0x0084ccfc, 0x08ccfccc, 0xccfccc00, 0xccfccc08, 0xccfccc0c, 
N0xccfccc0c, 0xccfccc10, 0xccfccc14, 0xccfccc14, 0xccfccc18, 0xfccc1482, 0xcc1405cc, 0xcc10ccfc, 
N0xcc10ccfc, 0xcc0cccfc, 0xcc08ccfc, 0x00a1ccfc, 0x08ccfccc, 0xccfccc00, 0xccfccc04, 0xccfccc00, 
N0xccfccc00, 0xccfccc04, 0xccfccc00, 0xccfccc00, 0xccfccc04, 0xfccc0087, 0xcc0008cc, 0xcc08ccfc, 
N0xcc08ccfc, 0xcc10ccfc, 0xcc14ccfc, 0xcc18ccfc, 0xcc1cccfc, 0xcc1cccfc, 0x2083ccfc, 0x08ccfccc, 
N0xccfccc20, 0xccfccc1c, 0xccfccc1c, 0xccfccc18, 0xccfccc14, 0xccfccc10, 0xccfccc0c, 0xccfccc08, 
N0xfccc0087, 0xcc0014cc, 0xcc04ccfc, 0xcc00ccfc, 0xcc00ccfc, 0xcc04ccfc, 0xcc00ccfc, 0xcc00ccfc, 
N0xcc04ccfc, 0xcc00ccfc, 0xcc00ccfc, 0xcc04ccfc, 0xcc00ccfc, 0xcc00ccfc, 0xcc04ccfc, 0xcc00ccfc, 
N0xcc00ccfc, 0xcc04ccfc, 0xcc00ccfc, 0xcc00ccfc, 0xcc04ccfc, 0x0092ccfc, 0x16ccfccc, 0xccfccc00, 
N0xccfccc08, 0xccfccc0c, 0xccfccc14, 0xccfccc18, 0xccfccc20, 0xccfccc20, 0xccfccc24, 0xccfccc28, 
N0xccfccc28, 0xccfccc2c, 0xccfccc2c, 0xccfccc28, 0xccfccc28, 0xccfccc24, 0xccfccc20, 0xccfccc1c, 
N0xccfccc1c, 0xccfccc14, 0xccfccc10, 0xccfccc08, 0xccfccc04, 0xfccc009a, 0xcc000bcc, 0xcc04ccfc, 
N0xcc00ccfc, 0xcc00ccfc, 0xcc04ccfc, 0xcc00ccfc, 0xcc00ccfc, 0xcc04ccfc, 0xcc00ccfc, 0xcc00ccfc, 
N0xcc04ccfc, 0x0085ccfc, 0x0accfccc, 0xccfccc00, 0xccfccc08, 0xccfccc10, 0xccfccc14, 0xccfccc1c, 
N0xccfccc20, 0xccfccc28, 0xccfccc2c, 0xccfccc30, 0xccfccc30, 0xfccc3483, 0xcc340ccc, 0xcc30ccfc, 
N0xcc30ccfc, 0xcc28ccfc, 0xcc28ccfc, 0xcc20ccfc, 0xcc1cccfc, 0xcc18ccfc, 0xcc14ccfc, 0xcc0cccfc, 
N0xcc08ccfc, 0xcc04ccfc, 0x0084ccfc, 0x11ccfccc, 0xccfccc00, 0xccfccc04, 0xccfccc00, 0xccfccc00, 
N0xccfccc04, 0xccfccc00, 0xccfccc00, 0xccfccc04, 0xccfccc00, 0xccfccc00, 0xccfccc04, 0xccfccc00, 
N0xccfccc00, 0xccfccc04, 0xccfccc00, 0xccfccc00, 0xccfccc04, 0xfccc0092, 0xcc001ccc, 0xcc08ccfc, 
N0xcc10ccfc, 0xcc14ccfc, 0xcc20ccfc, 0xcc24ccfc, 0xcc2cccfc, 0xcc30ccfc, 0xcc34ccfc, 0xcc38ccfc, 
N0xcc3cccfc, 0xcc3cccfc, 0xcc40ccfc, 0xcc40ccfc, 0xcc3cccfc, 0xcc3cccfc, 0xcc38ccfc, 0xcc34ccfc, 
N0xcc30ccfc, 0xcc2cccfc, 0xcc28ccfc, 0xcc20ccfc, 0xcc1cccfc, 0xcc18ccfc, 0xcc10ccfc, 0xcc0cccfc, 
N0xcc08ccfc, 0xcc04ccfc, 0x0096ccfc, 0x0bccfccc, 0xccfccc00, 0xccfccc04, 0xccfccc00, 0xccfccc00, 
N0xccfccc04, 0xccfccc00, 0xccfccc00, 0xccfccc04, 0xccfccc00, 0xccfccc00, 0xccfccc04, 0xfccc0083, 
N0xcc000ccc, 0xcc04ccfc, 0xcc10ccfc, 0xcc14ccfc, 0xcc20ccfc, 0xcc24ccfc, 0xcc2cccfc, 0xcc34ccfc, 
N0xcc38ccfc, 0xcc3cccfc, 0xcc40ccfc, 0xcc44ccfc, 0x4883ccfc, 0x0fccfccc, 0xccfccc48, 0xccfccc44, 
N0xccfccc40, 0xccfccc3c, 0xccfccc3c, 0xccfccc34, 0xccfccc30, 0xccfccc28, 0xccfccc28, 0xccfccc20, 
N0xccfccc18, 0xccfccc14, 0xccfccc10, 0xccfccc0c, 0xccfccc04, 0xfccc0087, 0xcc000bcc, 0xcc04ccfc, 
N0xcc00ccfc, 0xcc00ccfc, 0xcc04ccfc, 0xcc00ccfc, 0xcc00ccfc, 0xcc04ccfc, 0xcc00ccfc, 0xcc00ccfc, 
N0xcc04ccfc, 0x0090ccfc, 0x21ccfccc, 0xccfccc00, 0xccfccc04, 0xccfccc0c, 0xccfccc14, 0xccfccc20, 
N0xccfccc24, 0xccfccc2c, 0xccfccc34, 0xccfccc38, 0xccfccc40, 0xccfccc48, 0xccfccc4c, 0xccfccc50, 
N0xccfccc50, 0xccfccc54, 0xccfccc54, 0xccfccc50, 0xccfccc50, 0xccfccc4c, 0xccfccc48, 0xccfccc40, 
N0xccfccc3c, 0xccfccc38, 0xccfccc34, 0xccfccc2c, 0xccfccc28, 0xccfccc24, 0xccfccc20, 0xccfccc18, 
N0xccfccc14, 0xccfccc10, 0xccfccc08, 0xccfccc04, 0xfccc0093, 0xcc000bcc, 0xcc04ccfc, 0xcc00ccfc, 
N0xcc00ccfc, 0xcc04ccfc, 0xcc00ccfc, 0xcc00ccfc, 0xcc04ccfc, 0xcc00ccfc, 0xcc00ccfc, 0xcc04ccfc, 
N0x0082ccfc, 0x0eccfccc, 0xccfccc00, 0xccfccc08, 0xccfccc10, 0xccfccc1c, 0xccfccc20, 0xccfccc2c, 
N0xccfccc34, 0xccfccc3c, 0xccfccc44, 0xccfccc48, 0xccfccc50, 0xccfccc54, 0xccfccc5c, 0xccfccc58, 
N0xfccc5c82, 0xcc5c13cc, 0xcc58ccfc, 0xcc54ccfc, 0xcc50ccfc, 0xcc4cccfc, 0xcc44ccfc, 0xcc40ccfc, 
N0xcc3cccfc, 0xcc38ccfc, 0xcc30ccfc, 0xcc2cccfc, 0xcc28ccfc, 0xcc24ccfc, 0xcc1cccfc, 0xcc18ccfc, 
N0xcc14ccfc, 0xcc0cccfc, 0xcc08ccfc, 0xcc04ccfc, 0x0086ccfc, 0x08ccfccc, 0xccfccc00, 0xccfccc04, 
N0xccfccc00, 0xccfccc00, 0xccfccc04, 0xccfccc00, 0xccfccc00, 0xccfccc04, 0xfccc008f, 0xcc0025cc, 
N0xcc04ccfc, 0xcc0cccfc, 0xcc14ccfc, 0xcc20ccfc, 0xcc28ccfc, 0xcc30ccfc, 0xcc3cccfc, 0xcc40ccfc, 
N0xcc48ccfc, 0xcc50ccfc, 0xcc58ccfc, 0xcc5cccfc, 0xcc60ccfc, 0xcc64ccfc, 0xcc68ccfc, 0xcc68ccfc, 
N0xcc64ccfc, 0xcc64ccfc, 0xcc5cccfc, 0xcc5cccfc, 0xcc54ccfc, 0xcc50ccfc, 0xcc48ccfc, 0xcc44ccfc, 
N0xcc3cccfc, 0xcc3cccfc, 0xcc34ccfc, 0xcc30ccfc, 0xcc28ccfc, 0xcc28ccfc, 0xcc20ccfc, 0xcc1cccfc, 
N0xcc14ccfc, 0xcc10ccfc, 0xcc0cccfc, 0xcc08ccfc, 0x0090ccfc, 0x1bccfccc, 0xccfccc00, 0xccfccc04, 
N0xccfccc00, 0xccfccc00, 0xccfccc04, 0xccfccc00, 0xccfccc00, 0xccfccc04, 0xccfccc00, 0xccfccc00, 
N0xccfccc04, 0xccfccc00, 0xccfccc00, 0xccfccc04, 0xccfccc10, 0xccfccc18, 0xccfccc24, 0xccfccc2c, 
N0xccfccc38, 0xccfccc3c, 0xccfccc48, 0xccfccc50, 0xccfccc58, 0xccfccc60, 0xccfccc64, 0x64fc64ec, 
N0xa8fca894, 0xfccc7082, 0xcc7016cc, 0xcc6cccfc, 0xcc68ccfc, 0xcc60ccfc, 0xcc5cccfc, 0xcc58ccfc, 
N0xcc54ccfc, 0xcc4cccfc, 0xcc48ccfc, 0xcc44ccfc, 0xcc3cccfc, 0xcc38ccfc, 0xcc34ccfc, 0xcc30ccfc, 
N0xcc28ccfc, 0xcc24ccfc, 0xcc20ccfc, 0xcc1cccfc, 0xcc14ccfc, 0xcc10ccfc, 0xcc0cccfc, 0xcc04ccfc, 
N0x0087ccfc, 0x05ccfccc, 0xccfccc00, 0xccfccc04, 0xccfccc00, 0xccfccc00, 0xccfccc04, 0xfccc008e, 
N0xcc0029cc, 0xcc08ccfc, 0xcc14ccfc, 0xcc1cccfc, 0xcc28ccfc, 0xcc30ccfc, 0xcc38ccfc, 0xcc44ccfc, 
N0xcc4cccfc, 0xcc58ccfc, 0xcc5cccfc, 0xcc64ccfc, 0xcc70ccfc, 0x58fcccfc, 0x08fc58fc, 0x54e408fc, 
N0xc08c54fc, 0xcc78c0fc, 0xcc74ccfc, 0xcc6cccfc, 0xcc6cccfc, 0xcc64ccfc, 0xcc60ccfc, 0xcc5cccfc, 
N0xcc58ccfc, 0xcc50ccfc, 0xcc4cccfc, 0xcc44ccfc, 0xcc44ccfc, 0xcc3cccfc, 0xcc38ccfc, 0xcc30ccfc, 
N0xcc2cccfc, 0xcc28ccfc, 0xcc24ccfc, 0xcc1cccfc, 0xcc18ccfc, 0xcc14ccfc, 0xcc10ccfc, 0xcc08ccfc, 
N0xcc04ccfc, 0x008dccfc, 0x02ccfccc, 0xccfccc00, 0xccfccc04, 0xfccc0083, 0xcc0031cc, 0xcc04ccfc, 
N0xcc00ccfc, 0xcc00ccfc, 0xcc04ccfc, 0xcc00ccfc, 0xcc00ccfc, 0xcc0cccfc, 0xcc18ccfc, 0xcc20ccfc, 
N0xcc28ccfc, 0xcc34ccfc, 0xcc3cccfc, 0xcc48ccfc, 0xcc50ccfc, 0xcc5cccfc, 0xcc64ccfc, 0xcc6cccfc, 
N0xcc74ccfc, 0x64fcccfc, 0x38fc64fc, 0x00fc38fc, 0x10fc00fc, 0x74d010fc, 0xcc8074fc, 0xcc78ccfc, 
N0xcc74ccfc, 0xcc6cccfc, 0xcc68ccfc, 0xcc64ccfc, 0xcc5cccfc, 0xcc5cccfc, 0xcc54ccfc, 0xcc50ccfc, 
N0xcc48ccfc, 0xcc44ccfc, 0xcc40ccfc, 0xcc3cccfc, 0xcc34ccfc, 0xcc34ccfc, 0xcc2cccfc, 0xcc28ccfc, 
N0xcc20ccfc, 0xcc1cccfc, 0xcc18ccfc, 0xcc14ccfc, 0xcc0cccfc, 0xcc08ccfc, 0xcc04ccfc, 0x0086ccfc, 
N0x02ccfccc, 0xccfccc00, 0xccfccc04, 0xfccc0085, 0xcc0002cc, 0xcc04ccfc, 0x0086ccfc, 0x2dccfccc, 
N0xccfccc00, 0xccfccc04, 0xccfccc0c, 0xccfccc14, 0xccfccc24, 0xccfccc2c, 0xccfccc34, 0xccfccc40, 
N0xccfccc48, 0xccfccc54, 0xccfccc5c, 0xccfccc68, 0xccfccc70, 0xccfccc78, 0x5cfc5cfc, 0x54fc54fc, 
N0x0cfc0cfc, 0x00fc00fc, 0x00fc00fc, 0x24fc24fc, 0x98fc98b4, 0xccfccc7c, 0xccfccc78, 0xccfccc70, 
N0xccfccc6c, 0xccfccc68, 0xccfccc64, 0xccfccc5c, 0xccfccc58, 0xccfccc54, 0xccfccc50, 0xccfccc48, 
N0xccfccc44, 0xccfccc40, 0xccfccc38, 0xccfccc34, 0xccfccc30, 0xccfccc28, 0xccfccc28, 0xccfccc20, 
N0xccfccc1c, 0xccfccc14, 0xccfccc10, 0xccfccc0c, 0xccfccc08, 0xfccc008a, 0xcc0002cc, 0xcc04ccfc, 
N0x0086ccfc, 0x13ccfccc, 0xccfccc00, 0xccfccc04, 0xccfccc00, 0xccfccc04, 0xccfccc0c, 0xccfccc18, 
N0xccfccc20, 0xccfccc2c, 0xccfccc38, 0xccfccc40, 0xccfccc4c, 0xccfccc54, 0xccfccc60, 0xccfccc68, 
N0xccfccc74, 0xccfccc7c, 0x64fc64fc, 0x58fc58fc, 0x44fc44fc, 0xfc00fc83, 0x00fc1b00, 0x40f000fc, 
N0xb09c40fc, 0xcc7cb0fc, 0xcc74ccfc, 0xcc70ccfc, 0xcc6cccfc, 0xcc64ccfc, 0xcc64ccfc, 0xcc5cccfc, 
N0xcc58ccfc, 0xcc50ccfc, 0xcc50ccfc, 0xcc48ccfc, 0xcc44ccfc, 0xcc3cccfc, 0xcc38ccfc, 0xcc34ccfc, 
N0xcc2cccfc, 0xcc28ccfc, 0xcc24ccfc, 0xcc20ccfc, 0xcc18ccfc, 0xcc14ccfc, 0xcc10ccfc, 0xcc08ccfc, 
N0xcc08ccfc, 0x008accfc, 0x05ccfccc, 0xccfccc00, 0xccfccc04, 0xccfccc00, 0xccfccc00, 0xccfccc04, 
N0xfccc0083, 0xcc0012cc, 0xcc04ccfc, 0xcc10ccfc, 0xcc18ccfc, 0xcc24ccfc, 0xcc2cccfc, 0xcc38ccfc, 
N0xcc40ccfc, 0xcc4cccfc, 0xcc54ccfc, 0xcc60ccfc, 0xcc68ccfc, 0xcc74ccfc, 0xcc80ccfc, 0x5cfcccfc, 
N0x58fc5cfc, 0x54fc58fc, 0x18fc54fc, 0xfc8318fc, 0x1c00fc00, 0x00fc00fc, 0x08fc08fc, 0x5cfc5ce0, 
N0xc8fcc888, 0xccfccc78, 0xccfccc74, 0xccfccc70, 0xccfccc68, 0xccfccc64, 0xccfccc60, 0xccfccc5c, 
N0xccfccc54, 0xccfccc50, 0xccfccc4c, 0xccfccc44, 0xccfccc40, 0xccfccc3c, 0xccfccc38, 0xccfccc30, 
N0xccfccc2c, 0xccfccc28, 0xccfccc24, 0xccfccc1c, 0xccfccc18, 0xccfccc14, 0xccfccc0c, 0xccfccc08, 
N0xccfccc04, 0xfccc0086, 0xcc0002cc, 0xcc04ccfc, 0x0088ccfc, 0x12ccfccc, 0xccfccc00, 0xccfccc04, 
N0xccfccc0c, 0xccfccc18, 0xccfccc24, 0xccfccc2c, 0xccfccc38, 0xccfccc40, 0xccfccc4c, 0xccfccc58, 
N0xccfccc60, 0xccfccc6c, 0xccfccc74, 0xccfccc80, 0x64fc64fc, 0x54fc54fc, 0x58fc58fc, 0x4cfc4cfc, 
N0xfc00fc85, 0x00fc1c00, 0x14fc00fc, 0x80cc14fc, 0xcc7c80fc, 0xcc78ccfc, 0xcc70ccfc, 0xcc70ccfc, 
N0xcc68ccfc, 0xcc64ccfc, 0xcc60ccfc, 0xcc58ccfc, 0xcc54ccfc, 0xcc50ccfc, 0xcc48ccfc, 0xcc44ccfc, 
N0xcc40ccfc, 0xcc3cccfc, 0xcc34ccfc, 0xcc30ccfc, 0xcc2cccfc, 0xcc28ccfc, 0xcc20ccfc, 0xcc1cccfc, 
N0xcc18ccfc, 0xcc10ccfc, 0xcc0cccfc, 0xcc08ccfc, 0xcc04ccfc, 0x0086ccfc, 0x05ccfccc, 0xccfccc00, 
N0xccfccc04, 0xccfccc00, 0xccfccc00, 0xccfccc04, 0xfccc0083, 0xcc000fcc, 0xcc04ccfc, 0xcc10ccfc, 
N0xcc18ccfc, 0xcc24ccfc, 0xcc2cccfc, 0xcc38ccfc, 0xcc40ccfc, 0xcc4cccfc, 0xcc54ccfc, 0xcc60ccfc, 
N0xcc68ccfc, 0xcc74ccfc, 0xcc80ccfc, 0x5cfcccfc, 0xfc825cfc, 0x0258fc58, 0x58fc58fc, 0x28fc28fc, 
N0xfc00fc86, 0x00fc1b00, 0x28f800fc, 0xa0b028fc, 0xcc7ca0fc, 0xcc78ccfc, 0xcc70ccfc, 0xcc6cccfc, 
N0xcc68ccfc, 0xcc60ccfc, 0xcc5cccfc, 0xcc58ccfc, 0xcc54ccfc, 0xcc50ccfc, 0xcc48ccfc, 0xcc44ccfc, 
N0xcc3cccfc, 0xcc3cccfc, 0xcc34ccfc, 0xcc30ccfc, 0xcc28ccfc, 0xcc28ccfc, 0xcc20ccfc, 0xcc1cccfc, 
N0xcc18ccfc, 0xcc10ccfc, 0xcc08ccfc, 0xcc08ccfc, 0x008bccfc, 0x15ccfccc, 0xccfccc00, 0xccfccc04, 
N0xccfccc00, 0xccfccc04, 0xccfccc0c, 0xccfccc18, 0xccfccc24, 0xccfccc2c, 0xccfccc38, 0xccfccc40, 
N0xccfccc4c, 0xccfccc54, 0xccfccc60, 0xccfccc68, 0xccfccc74, 0xccfccc80, 0x64fc64fc, 0x54fc54fc, 
N0x58fc58fc, 0x54fc54fc, 0x54fc54fc, 0xfc00fc88, 0x00fc1b00, 0x44f000fc, 0xb89444fc, 0xcc78b8fc, 
N0xcc74ccfc, 0xcc70ccfc, 0xcc6cccfc, 0xcc64ccfc, 0xcc60ccfc, 0xcc5cccfc, 0xcc54ccfc, 0xcc50ccfc, 
N0xcc4cccfc, 0xcc48ccfc, 0xcc40ccfc, 0xcc3cccfc, 0xcc38ccfc, 0xcc30ccfc, 0xcc2cccfc, 0xcc28ccfc, 
N0xcc24ccfc, 0xcc1cccfc, 0xcc1cccfc, 0xcc14ccfc, 0xcc10ccfc, 0xcc08ccfc, 0xcc04ccfc, 0x0085ccfc, 
N0x02ccfccc, 0xccfccc00, 0xccfccc04, 0xfccc0084, 0xcc0014cc, 0xcc04ccfc, 0xcc0cccfc, 0xcc18ccfc, 
N0xcc24ccfc, 0xcc2cccfc, 0xcc38ccfc, 0xcc40ccfc, 0xcc4cccfc, 0xcc58ccfc, 0xcc60ccfc, 0xcc68ccfc, 
N0xcc74ccfc, 0xcc80ccfc, 0x5cfcccfc, 0x58fc5cfc, 0x54fc58fc, 0x58fc54fc, 0x58fc58fc, 0x38fc58fc, 
N0xfc8838fc, 0x1c00fc00, 0x00fc00fc, 0x08fc08fc, 0x64fc64dc, 0xccfccc84, 0xccfccc78, 0xccfccc74, 
N0xccfccc70, 0xccfccc68, 0xccfccc64, 0xccfccc60, 0xccfccc5c, 0xccfccc54, 0xccfccc50, 0xccfccc4c, 
N0xccfccc44, 0xccfccc40, 0xccfccc3c, 0xccfccc38, 0xccfccc30, 0xccfccc2c, 0xccfccc28, 0xccfccc24, 
N0xccfccc1c, 0xccfccc18, 0xccfccc14, 0xccfccc0c, 0xccfccc08, 0xccfccc04, 0xfccc0087, 0xcc0017cc, 
N0xcc04ccfc, 0xcc00ccfc, 0xcc04ccfc, 0xcc0cccfc, 0xcc18ccfc, 0xcc24ccfc, 0xcc2cccfc, 0xcc34ccfc, 
N0xcc40ccfc, 0xcc4cccfc, 0xcc54ccfc, 0xcc60ccfc, 0xcc6cccfc, 0xcc74ccfc, 0xcc80ccfc, 0x64fcccfc, 
N0x58fc64fc, 0x58fc58fc, 0x54fc58fc, 0x58fc54fc, 0x54fc58fc, 0x08fc54fc, 0xfc8908fc, 0x1b00fc00, 
N0x00fc00fc, 0x18fc18fc, 0x84fc84c4, 0xccfccc7c, 0xccfccc78, 0xccfccc70, 0xccfccc70, 0xccfccc68, 
N0xccfccc64, 0xccfccc5c, 0xccfccc58, 0xccfccc54, 0xccfccc50, 0xccfccc48, 0xccfccc44, 0xccfccc40, 
N0xccfccc3c, 0xccfccc34, 0xccfccc30, 0xccfccc2c, 0xccfccc28, 0xccfccc20, 0xccfccc1c, 0xccfccc18, 
N0xccfccc10, 0xccfccc0c, 0xccfccc08, 0xfccc0088, 0xcc0015cc, 0xcc04ccfc, 0xcc10ccfc, 0xcc18ccfc, 
N0xcc20ccfc, 0xcc2cccfc, 0xcc38ccfc, 0xcc40ccfc, 0xcc4cccfc, 0xcc54ccfc, 0xcc60ccfc, 0xcc68ccfc, 
N0xcc74ccfc, 0xcc80ccfc, 0x5cfcccfc, 0x58fc5cfc, 0x54fc58fc, 0x58fc54fc, 0x54fc58fc, 0x58fc54fc, 
N0x44fc58fc, 0xfc8b44fc, 0x1b00fc00, 0x00fc00fc, 0x30fc30f8, 0xa8fca8a8, 0xccfccc78, 0xccfccc78, 
N0xccfccc70, 0xccfccc6c, 0xccfccc68, 0xccfccc64, 0xccfccc5c, 0xccfccc58, 0xccfccc54, 0xccfccc4c, 
N0xccfccc48, 0xccfccc44, 0xccfccc3c, 0xccfccc3c, 0xccfccc34, 0xccfccc30, 0xccfccc28, 0xccfccc24, 
N0xccfccc20, 0xccfccc1c, 0xccfccc14, 0xccfccc10, 0xccfccc0c, 0xccfccc04, 0xfccc0086, 0xcc0010cc, 
N0xcc04ccfc, 0xcc0cccfc, 0xcc18ccfc, 0xcc24ccfc, 0xcc2cccfc, 0xcc38ccfc, 0xcc40ccfc, 0xcc4cccfc, 
N0xcc58ccfc, 0xcc60ccfc, 0xcc68ccfc, 0xcc74ccfc, 0xcc80ccfc, 0x64fcccfc, 0x54fc64fc, 0xfc8254fc, 
N0x0458fc58, 0x58fc58fc, 0x54fc54fc, 0x58fc58fc, 0x18fc18fc, 0xfc00fc8b, 0x00fc1b00, 0x04fc00fc, 
N0x4cec04fc, 0xbc904cfc, 0xcc78bcfc, 0xcc74ccfc, 0xcc70ccfc, 0xcc68ccfc, 0xcc64ccfc, 0xcc60ccfc, 
N0xcc5cccfc, 0xcc58ccfc, 0xcc50ccfc, 0xcc4cccfc, 0xcc44ccfc, 0xcc40ccfc, 0xcc3cccfc, 0xcc38ccfc, 
N0xcc34ccfc, 0xcc2cccfc, 0xcc28ccfc, 0xcc24ccfc, 0xcc20ccfc, 0xcc18ccfc, 0xcc14ccfc, 0xcc0cccfc, 
N0xcc08ccfc, 0x0085ccfc, 0x16ccfccc, 0xccfccc00, 0xccfccc04, 0xccfccc10, 0xccfccc18, 0xccfccc24, 
N0xccfccc2c, 0xccfccc38, 0xccfccc40, 0xccfccc4c, 0xccfccc54, 0xccfccc60, 0xccfccc68, 0xccfccc74, 
N0xccfccc80, 0x5cfc5cfc, 0x58fc58fc, 0x54fc54fc, 0x58fc58fc, 0x54fc54fc, 0x58fc58fc, 0x54fc54fc, 
N0x4cfc4cfc, 0xfc00fc8d, 0x00fc1b00, 0x0cfc00fc, 0x70d40cfc, 0xcc8070fc, 0xcc78ccfc, 0xcc74ccfc, 
N0xcc70ccfc, 0xcc68ccfc, 0xcc64ccfc, 0xcc60ccfc, 0xcc5cccfc, 0xcc54ccfc, 0xcc50ccfc, 0xcc4cccfc, 
N0xcc44ccfc, 0xcc40ccfc, 0xcc3cccfc, 0xcc34ccfc, 0xcc34ccfc, 0xcc2cccfc, 0xcc28ccfc, 0xcc20ccfc, 
N0xcc1cccfc, 0xcc18ccfc, 0xcc10ccfc, 0xcc08ccfc, 0xcc04ccfc, 0x0083ccfc, 0x12ccfccc, 0xccfccc00, 
N0xccfccc04, 0xccfccc0c, 0xccfccc18, 0xccfccc24, 0xccfccc2c, 0xccfccc34, 0xccfccc40, 0xccfccc4c, 
N0xccfccc54, 0xccfccc60, 0xccfccc68, 0xccfccc74, 0xccfccc80, 0x64fc64fc, 0x58fc58fc, 0x58fc58fc, 
N0x54fc54fc, 0xfc58fc83, 0x58fc0258, 0x28fc58fc, 0xfc8e28fc, 0x1900fc00, 0x00fc00fc, 0x20fc20fc, 
N0x90fc90b8, 0xccfccc7c, 0xccfccc78, 0xccfccc70, 0xccfccc6c, 0xccfccc68, 0xccfccc64, 0xccfccc5c, 
N0xccfccc5c, 0xccfccc54, 0xccfccc50, 0xccfccc48, 0xccfccc44, 0xccfccc40, 0xccfccc38, 0xccfccc34, 
N0xccfccc30, 0xccfccc2c, 0xccfccc24, 0xccfccc1c, 0xccfccc18, 0xccfccc10, 0xccfccc08, 0xfccc0083, 
N0xcc0018cc, 0xcc04ccfc, 0xcc0cccfc, 0xcc18ccfc, 0xcc24ccfc, 0xcc2cccfc, 0xcc38ccfc, 0xcc40ccfc, 
N0xcc4cccfc, 0xcc58ccfc, 0xcc60ccfc, 0xcc68ccfc, 0xcc74ccfc, 0xcc80ccfc, 0x5cfcccfc, 0x58fc5cfc, 
N0x54fc58fc, 0x58fc54fc, 0x58fc58fc, 0x54fc58fc, 0x58fc54fc, 0x54fc58fc, 0x54fc54fc, 0x04fc54fc, 
N0xfc8f04fc, 0x1800fc00, 0x00fc00fc, 0x38fc38f4, 0xb0fcb0a0, 0xccfccc7c, 0xccfccc78, 0xccfccc70, 
N0xccfccc6c, 0xccfccc64, 0xccfccc64, 0xccfccc5c, 0xccfccc58, 0xccfccc54, 0xccfccc4c, 0xccfccc48, 
N0xccfccc44, 0xccfccc40, 0xccfccc38, 0xccfccc30, 0xccfccc2c, 0xccfccc28, 0xccfccc20, 0xccfccc18, 
N0xccfccc10, 0xccfccc08, 0xfccc0082, 0xcc0018cc, 0xcc04ccfc, 0xcc0cccfc, 0xcc18ccfc, 0xcc24ccfc, 
N0xcc2cccfc, 0xcc38ccfc, 0xcc40ccfc, 0xcc4cccfc, 0xcc54ccfc, 0xcc60ccfc, 0xcc6cccfc, 0xcc74ccfc, 
N0xcc80ccfc, 0x64fcccfc, 0x54fc64fc, 0x58fc54fc, 0x54fc58fc, 0x58fc54fc, 0x58fc58fc, 0x54fc58fc, 
N0x58fc54fc, 0x54fc58fc, 0x38fc54fc, 0xfc9038fc, 0x2800fc00, 0x00fc00fc, 0x04fc04fc, 0x58fc58e4, 
N0xc0fcc088, 0xccfccc78, 0xccfccc74, 0xccfccc70, 0xccfccc68, 0xccfccc64, 0xccfccc60, 0xccfccc5c, 
N0xccfccc54, 0xccfccc50, 0xccfccc4c, 0xccfccc44, 0xccfccc40, 0xccfccc3c, 0xccfccc34, 0xccfccc2c, 
N0xccfccc28, 0xccfccc1c, 0xccfccc14, 0xccfccc0c, 0xccfccc08, 0xccfccc00, 0xccfccc00, 0xccfccc04, 
N0xccfccc10, 0xccfccc18, 0xccfccc20, 0xccfccc2c, 0xccfccc38, 0xccfccc40, 0xccfccc4c, 0xccfccc54, 
N0xccfccc60, 0xccfccc68, 0xccfccc74, 0xccfccc80, 0x5cfc5cfc, 0xfc58fc83, 0x58fc0258, 0x54fc58fc, 
N0xfc8254fc, 0x0358fc58, 0x58fc58fc, 0x54fc54fc, 0x0cfc0cfc, 0xfc00fc91, 0x00fc3000, 0x10fc00fc, 
N0x78d010fc, 0xcc7c78fc, 0xcc78ccfc, 0xcc74ccfc, 0xcc6cccfc, 0xcc68ccfc, 0xcc64ccfc, 0xcc60ccfc, 
N0xcc58ccfc, 0xcc54ccfc, 0xcc50ccfc, 0xcc48ccfc, 0xcc44ccfc, 0xcc3cccfc, 0xcc34ccfc, 0xcc2cccfc, 
N0xcc24ccfc, 0xcc1cccfc, 0xcc14ccfc, 0xcc08ccfc, 0xcc00ccfc, 0xcc00ccfc, 0xcc04ccfc, 0xcc0cccfc, 
N0xcc18ccfc, 0xcc24ccfc, 0xcc2cccfc, 0xcc34ccfc, 0xcc40ccfc, 0xcc4cccfc, 0xcc58ccfc, 0xcc60ccfc, 
N0xcc68ccfc, 0xcc74ccfc, 0xcc80ccfc, 0x64fcccfc, 0x54fc64fc, 0x58fc54fc, 0x54fc58fc, 0x58fc54fc, 
N0x58fc58fc, 0x54fc58fc, 0x58fc54fc, 0x54fc58fc, 0x58fc54fc, 0x44fc58fc, 0xfc9344fc, 0x2f00fc00, 
N0x00fc00fc, 0x24fc24fc, 0x98fc98b4, 0xccfccc7c, 0xccfccc78, 0xccfccc70, 0xccfccc6c, 0xccfccc68, 
N0xccfccc64, 0xccfccc5c, 0xccfccc58, 0xccfccc50, 0xccfccc48, 0xccfccc44, 0xccfccc38, 0xccfccc30, 
N0xccfccc2c, 0xccfccc20, 0xccfccc18, 0xccfccc0c, 0xccfccc08, 0xccfccc00, 0xccfccc04, 0xccfccc10, 
N0xccfccc18, 0xccfccc24, 0xccfccc2c, 0xccfccc38, 0xccfccc40, 0xccfccc4c, 0xccfccc54, 0xccfccc60, 
N0xccfccc68, 0xccfccc74, 0xccfccc80, 0x5cfc5cfc, 0x58fc58fc, 0x54fc54fc, 0x58fc58fc, 0x58fc58fc, 
N0x54fc54fc, 0x58fc58fc, 0x54fc54fc, 0x58fc58fc, 0x58fc58fc, 0x54fc54fc, 0x18fc18fc, 0xfc00fc94, 
N0x00fc2500, 0x40f000fc, 0xb49840fc, 0xcc78b4fc, 0xcc78ccfc, 0xcc70ccfc, 0xcc6cccfc, 0xcc64ccfc, 
N0xcc60ccfc, 0xcc5cccfc, 0xcc50ccfc, 0xcc48ccfc, 0xcc40ccfc, 0xcc38ccfc, 0xcc30ccfc, 0xcc24ccfc, 
N0xcc1cccfc, 0xcc10ccfc, 0xcc08ccfc, 0xcc00ccfc, 0xcc04ccfc, 0xcc0cccfc, 0xcc18ccfc, 0xcc24ccfc, 
N0xcc2cccfc, 0xcc38ccfc, 0xcc40ccfc, 0xcc4cccfc, 0xcc54ccfc, 0xcc60ccfc, 0xcc68ccfc, 0xcc74ccfc, 
N0xcc80ccfc, 0x64fcccfc, 0x58fc64fc, 0x58fc58fc, 0x54fc58fc, 0xfc8354fc, 0x0558fc58, 0x58fc58fc, 
N0x54fc54fc, 0x58fc58fc, 0x58fc58fc, 0x4cfc4cfc, 0xfc00fc95, 0x00fc2d00, 0x08fc00fc, 0x60e008fc, 
N0xc88460fc, 0xcc78c8fc, 0xcc74ccfc, 0xcc70ccfc, 0xcc64ccfc, 0xcc60ccfc, 0xcc58ccfc, 0xcc50ccfc, 
N0xcc44ccfc, 0xcc3cccfc, 0xcc30ccfc, 0xcc28ccfc, 0xcc20ccfc, 0xcc14ccfc, 0xcc0cccfc, 0xcc00ccfc, 
N0xcc04ccfc, 0xcc0cccfc, 0xcc18ccfc, 0xcc24ccfc, 0xcc2cccfc, 0xcc38ccfc, 0xcc40ccfc, 0xcc4cccfc, 
N0xcc58ccfc, 0xcc60ccfc, 0xcc68ccfc, 0xcc74ccfc, 0xcc80ccfc, 0x5cfcccfc, 0x58fc5cfc, 0x54fc58fc, 
N0x58fc54fc, 0x58fc58fc, 0x54fc58fc, 0x58fc54fc, 0x54fc58fc, 0x58fc54fc, 0x58fc58fc, 0x54fc58fc, 
N0x58fc54fc, 0x28fc58fc, 0xfc9628fc, 0x2c00fc00, 0x00fc00fc, 0x14fc14fc, 0x84fc84c8, 0xccfccc7c, 
N0xccfccc74, 0xccfccc70, 0xccfccc64, 0xccfccc5c, 0xccfccc50, 0xccfccc48, 0xccfccc40, 0xccfccc34, 
N0xccfccc2c, 0xccfccc24, 0xccfccc18, 0xccfccc0c, 0xccfccc04, 0xccfccc04, 0xccfccc0c, 0xccfccc18, 
N0xccfccc24, 0xccfccc2c, 0xccfccc34, 0xccfccc40, 0xccfccc4c, 0xccfccc54, 0xccfccc60, 0xccfccc6c, 
N0xccfccc74, 0xccfccc80, 0x64fc64fc, 0x54fc54fc, 0x58fc58fc, 0x54fc54fc, 0x58fc58fc, 0x58fc58fc, 
N0x54fc54fc, 0x58fc58fc, 0x54fc54fc, 0x58fc58fc, 0x58fc58fc, 0x54fc54fc, 0x54fc54fc, 0x04fc04fc, 
N0xfc00fc97, 0x00fc1d00, 0x2cf800fc, 0xa0a82cfc, 0xcc74a0fc, 0xcc68ccfc, 0xcc60ccfc, 0xcc58ccfc, 
N0xcc4cccfc, 0xcc44ccfc, 0xcc38ccfc, 0xcc2cccfc, 0xcc24ccfc, 0xcc18ccfc, 0xcc10ccfc, 0xcc04ccfc, 
N0xcc04ccfc, 0xcc10ccfc, 0xcc18ccfc, 0xcc20ccfc, 0xcc2cccfc, 0xcc38ccfc, 0xcc40ccfc, 0xcc4cccfc, 
N0xcc54ccfc, 0xcc60ccfc, 0xcc68ccfc, 0xcc74ccfc, 0xcc80ccfc, 0x5cfcccfc, 0xfc835cfc, 0x0258fc58, 
N0x58fc58fc, 0x54fc54fc, 0xfc58fc83, 0x58fc0558, 0x54fc58fc, 0x58fc54fc, 0x58fc58fc, 0x38fc58fc, 
N0xfc9938fc, 0x2600fc00, 0x00fc00fc, 0x48fc48e8, 0xc8fcc884, 0xccfccc60, 0xccfccc58, 0xccfccc4c, 
N0xccfccc40, 0xccfccc38, 0xccfccc30, 0xccfccc24, 0xccfccc1c, 0xccfccc10, 0xccfccc04, 0xccfccc04, 
N0xccfccc0c, 0xccfccc18, 0xccfccc24, 0xccfccc2c, 0xccfccc38, 0xccfccc40, 0xccfccc4c, 0xccfccc58, 
N0xccfccc60, 0xccfccc68, 0xccfccc74, 0xccfccc80, 0x64fc64fc, 0x54fc54fc, 0x58fc58fc, 0x54fc54fc, 
N0x58fc58fc, 0x58fc58fc, 0x54fc54fc, 0x58fc58fc, 0x54fc54fc, 0x58fc58fc, 0x58fc58fc, 0x54fc54fc, 
N0xfc58fc9a, 0x58fc3058, 0x5cfc58fc, 0x6cfc5cfc, 0x7cf06cfc, 0xcc747cfc, 0xcc58ccfc, 0xcc50ccfc, 
N0xcc44ccfc, 0xcc38ccfc, 0xcc30ccfc, 0xcc24ccfc, 0xcc1cccfc, 0xcc10ccfc, 0xcc08ccfc, 0xcc04ccfc, 
N0xcc10ccfc, 0xcc18ccfc, 0xcc24ccfc, 0xcc2cccfc, 0xcc38ccfc, 0xcc40ccfc, 0xcc4cccfc, 0xcc54ccfc, 
N0xcc60ccfc, 0xcc68ccfc, 0xcc74ccfc, 0xcc80ccfc, 0x5cfcccfc, 0x58fc5cfc, 0x54fc58fc, 0x58fc54fc, 
N0x58fc58fc, 0x54fc58fc, 0x58fc54fc, 0x54fc58fc, 0x58fc54fc, 0x58fc58fc, 0x54fc58fc, 0x58fc54fc, 
N0x54fc58fc, 0x84fc54fc, 0xa8fc84fc, 0xa4fca8fc, 0xa4fca4fc, 0xa8fca4fc, 0xa4fca8fc, 0xa4fca4fc, 
N0xa8fca4fc, 0xfc82a8fc, 0x2ea4fca4, 0xa4fca4fc, 0xa8fca8fc, 0xa4fca4fc, 0xa8fca8fc, 0xa4fca4fc, 
N0xa8fca8fc, 0xa4fca4fc, 0xa4fca4fc, 0xa8fca8fc, 0xa4fca4fc, 0xa4fca4fc, 0xa8fca8fc, 0xa4fca4fc, 
N0xa8fca8fc, 0xa4fca4fc, 0xa8fca8fc, 0xbcfcbcfc, 0xccfcccbc, 0xccfccc74, 0xccfccc60, 0xccfccc58, 
N0xccfccc4c, 0xccfccc44, 0xccfccc38, 0xccfccc30, 0xccfccc24, 0xccfccc1c, 0xccfccc10, 0xccfccc04, 
N0xccfccc04, 0xccfccc0c, 0xccfccc18, 0xccfccc24, 0xccfccc2c, 0xccfccc34, 0xccfccc40, 0xccfccc4c, 
N0xccfccc54, 0xccfccc60, 0xccfccc68, 0xccfccc74, 0xccfccc80, 0x64fc64fc, 0x58fc58fc, 0x58fc58fc, 
N0x54fc54fc, 0xfc58fc83, 0x58fc0258, 0x54fc58fc, 0xfc8254fc, 0x0f58fc58, 0x58fc58fc, 0x64fc64fc, 
N0xa4fca4fc, 0xa4fca4fc, 0xa8fca8fc, 0xa4fca4fc, 0xa4fca4fc, 0xa8fca8fc, 0xa4fca4fc, 0xa8fca8fc, 
N0xa4fca4fc, 0xa8fca8fc, 0xa4fca4fc, 0xa4fca4fc, 0xa8fca8fc, 0xfca4fc82, 0xa4fc37a4, 0xa8fca4fc, 
N0xa4fca8fc, 0xa4fca4fc, 0xa8fca4fc, 0xa4fca8fc, 0xa4fca4fc, 0xa8fca4fc, 0xacfca8fc, 0xbcfcacfc, 
N0xccd8bcfc, 0xcc8cccfc, 0xcc74ccfc, 0xcc68ccfc, 0xcc60ccfc, 0xcc58ccfc, 0xcc4cccfc, 0xcc40ccfc, 
N0xcc38ccfc, 0xcc2cccfc, 0xcc24ccfc, 0xcc18ccfc, 0xcc10ccfc, 0xcc04ccfc, 0xcc04ccfc, 0xcc0cccfc, 
N0xcc18ccfc, 0xcc24ccfc, 0xcc2cccfc, 0xcc38ccfc, 0xcc40ccfc, 0xcc4cccfc, 0xcc58ccfc, 0xcc60ccfc, 
N0xcc68ccfc, 0xcc74ccfc, 0xcc80ccfc, 0x5cfcccfc, 0x58fc5cfc, 0x54fc58fc, 0x58fc54fc, 0x58fc58fc, 
N0x54fc58fc, 0x58fc54fc, 0x54fc58fc, 0x58fc54fc, 0x54fc58fc, 0x58fc54fc, 0x54fc58fc, 0x90fc54fc, 
N0xa8fc90fc, 0xa4fca8fc, 0xa8fca4fc, 0xa4fca8fc, 0xa8fca4fc, 0xfc82a8fc, 0x34a4fca4, 0xa4fca4fc, 
N0xa8fca8fc, 0xa4fca4fc, 0xa4fca4fc, 0xa8fca8fc, 0xa4fca4fc, 0xa4fca4fc, 0xa8fca8fc, 0xa4fca4fc, 
N0xa8fca8fc, 0xa4fca4fc, 0xa8fca8fc, 0xa4fca4fc, 0xa4fca4fc, 0xa8fca8fc, 0xacfcacfc, 0xccfccce8, 
N0xccfccca4, 0xccfccc7c, 0xccfccc74, 0xccfccc6c, 0xccfccc64, 0xccfccc58, 0xccfccc54, 0xccfccc48, 
N0xccfccc40, 0xccfccc38, 0xccfccc2c, 0xccfccc20, 0xccfccc18, 0xccfccc0c, 0xccfccc04, 0xccfccc04, 
N0xccfccc0c, 0xccfccc18, 0xccfccc24, 0xccfccc2c, 0xccfccc38, 0xccfccc40, 0xccfccc4c, 0xccfccc54, 
N0xccfccc60, 0xccfccc6c, 0xccfccc74, 0xccfccc80, 0x64fc64fc, 0x54fc54fc, 0x58fc58fc, 0x54fc54fc, 
N0x58fc58fc, 0x58fc58fc, 0x54fc54fc, 0xfc58fc83, 0x58fc1358, 0x70fc58fc, 0xa4fc70fc, 0xa4fca4fc, 
N0xa8fca4fc, 0xa4fca8fc, 0xa4fca4fc, 0xa8fca4fc, 0xa4fca8fc, 0xa8fca4fc, 0xa4fca8fc, 0xa4fca4fc, 
N0xa8fca4fc, 0xa4fca8fc, 0xa4fca4fc, 0xa8fca4fc, 0xa4fca8fc, 0xa4fca4fc, 0xa8fca4fc, 0xfc82a8fc, 
N0x23a4fca4, 0xa4fca4fc, 0xacfcacfc, 0xb4fcb4fc, 0xc4fcc4f8, 0xccfcccb4, 0xccfccc80, 0xccfccc78, 
N0xccfccc74, 0xccfccc6c, 0xccfccc68, 0xccfccc60, 0xccfccc58, 0xccfccc4c, 0xccfccc44, 0xccfccc3c, 
N0xccfccc30, 0xccfccc28, 0xccfccc20, 0xccfccc14, 0xccfccc0c, 0xccfccc00, 0xccfccc04, 0xccfccc10, 
N0xccfccc18, 0xccfccc20, 0xccfccc2c, 0xccfccc38, 0xccfccc40, 0xccfccc4c, 0xccfccc54, 0xccfccc60, 
N0xccfccc68, 0xccfccc74, 0xccfccc80, 0x5cfc5cfc, 0xfc58fc83, 0x58fc4d58, 0x54fc58fc, 0x58fc54fc, 
N0x58fc58fc, 0x54fc58fc, 0x58fc54fc, 0x58fc58fc, 0x98fc58fc, 0xa4fc98fc, 0xa8fca4fc, 0xa4fca8fc, 
N0xa4fca4fc, 0xa8fca4fc, 0xa4fca8fc, 0xa8fca4fc, 0xa4fca8fc, 0xa4fca4fc, 0xa8fca4fc, 0xa4fca8fc, 
N0xa4fca4fc, 0xa8fca4fc, 0xa4fca8fc, 0xa4fca4fc, 0xa8fca4fc, 0xa4fca8fc, 0xa8fca4fc, 0xa4fca8fc, 
N0xa8fca4fc, 0xb8fca8fc, 0xccc8b8fc, 0xcc88ccfc, 0xcc78ccfc, 0xcc74ccfc, 0xcc70ccfc, 0xcc6cccfc, 
N0xcc64ccfc, 0xcc60ccfc, 0xcc58ccfc, 0xcc50ccfc, 0xcc48ccfc, 0xcc40ccfc, 0xcc38ccfc, 0xcc30ccfc, 
N0xcc24ccfc, 0xcc1cccfc, 0xcc10ccfc, 0xcc08ccfc, 0xcc00ccfc, 0xcc04ccfc, 0xcc0cccfc, 0xcc18ccfc, 
N0xcc24ccfc, 0xcc2cccfc, 0xcc34ccfc, 0xcc40ccfc, 0xcc4cccfc, 0xcc58ccfc, 0xcc60ccfc, 0xcc68ccfc, 
N0xcc74ccfc, 0xcc80ccfc, 0x64fcccfc, 0x54fc64fc, 0x58fc54fc, 0x54fc58fc, 0x58fc54fc, 0x58fc58fc, 
N0x54fc58fc, 0x58fc54fc, 0x58fc58fc, 0x54fc58fc, 0x7cfc54fc, 0xa8fc7cfc, 0xa4fca8fc, 0xa8fca4fc, 
N0xa4fca8fc, 0xa8fca4fc, 0xfc82a8fc, 0x08a4fca4, 0xa4fca4fc, 0xa8fca8fc, 0xa4fca4fc, 0xa4fca4fc, 
N0xa8fca8fc, 0xa4fca4fc, 0xa4fca4fc, 0xa8fca8fc, 0xfca4fc82, 0xa4fc30a4, 0xacfca4fc, 0xbcfcacfc, 
N0xcce0bcfc, 0xcc94ccfc, 0xcc7cccfc, 0xcc74ccfc, 0xcc70ccfc, 0xcc6cccfc, 0xcc64ccfc, 0xcc64ccfc, 
N0xcc5cccfc, 0xcc58ccfc, 0xcc50ccfc, 0xcc4cccfc, 0xcc40ccfc, 0xcc38ccfc, 0xcc30ccfc, 0xcc28ccfc, 
N0xcc20ccfc, 0xcc14ccfc, 0xcc10ccfc, 0xcc04ccfc, 0xcc00ccfc, 0xcc04ccfc, 0xcc10ccfc, 0xcc18ccfc, 
N0xcc24ccfc, 0xcc2cccfc, 0xcc38ccfc, 0xcc40ccfc, 0xcc4cccfc, 0xcc54ccfc, 0xcc60ccfc, 0xcc68ccfc, 
N0xcc74ccfc, 0xcc80ccfc, 0x5cfcccfc, 0x58fc5cfc, 0x54fc58fc, 0x58fc54fc, 0x58fc58fc, 0x54fc58fc, 
N0x58fc54fc, 0x58fc58fc, 0x54fc58fc, 0x60fc54fc, 0xa0fc60fc, 0xfc82a0fc, 0x78a4fca4, 0xa4fca4fc, 
N0xa8fca8fc, 0xa4fca4fc, 0xa4fca4fc, 0xa8fca8fc, 0xa4fca4fc, 0xa8fca8fc, 0xa4fca4fc, 0xa8fca8fc, 
N0xa4fca4fc, 0xa4fca4fc, 0xa8fca8fc, 0xa4fca4fc, 0xa8fca8fc, 0xa4fca4fc, 0xacfcacfc, 0xccfcccec, 
N0xccfccca8, 0xccfccc7c, 0xccfccc78, 0xccfccc70, 0xccfccc70, 0xccfccc68, 0xccfccc64, 0xccfccc60, 
N0xccfccc5c, 0xccfccc54, 0xccfccc50, 0xccfccc48, 0xccfccc40, 0xccfccc3c, 0xccfccc34, 0xccfccc2c, 
N0xccfccc24, 0xccfccc1c, 0xccfccc14, 0xccfccc08, 0xccfccc00, 0xccfccc00, 0xccfccc04, 0xccfccc0c, 
N0xccfccc18, 0xccfccc24, 0xccfccc2c, 0xccfccc38, 0xccfccc40, 0xccfccc4c, 0xccfccc54, 0xccfccc60, 
N0xccfccc68, 0xccfccc74, 0xccfccc80, 0x64fc64fc, 0x58fc58fc, 0x58fc58fc, 0x54fc54fc, 0x58fc58fc, 
N0x54fc54fc, 0x58fc58fc, 0x54fc54fc, 0x58fc58fc, 0x84fc84fc, 0xa8fca8fc, 0xa4fca4fc, 0xa8fca8fc, 
N0xa4fca4fc, 0xa4fca4fc, 0xa8fca8fc, 0xa4fca4fc, 0xa4fca4fc, 0xa8fca8fc, 0xa4fca4fc, 0xa4fca4fc, 
N0xa8fca8fc, 0xa4fca4fc, 0xa8fca8fc, 0xa4fca4fc, 0xa8fca8fc, 0xb4fcb4fc, 0xc0fcc0f8, 0xccfcccbc, 
N0xccfccc80, 0xccfccc78, 0xccfccc74, 0xccfccc70, 0xccfccc68, 0xccfccc64, 0xccfccc60, 0xccfccc5c, 
N0xccfccc54, 0xccfccc50, 0xccfccc4c, 0xccfccc44, 0xccfccc40, 0xccfccc3c, 0xccfccc34, 0xccfccc2c, 
N0xccfccc24, 0xccfccc20, 0xccfccc14, 0xccfccc0c, 0xccfccc04, 0xccfccc00, 0xccfccc00, 0xccfccc04, 
N0xccfccc0c, 0xccfccc18, 0xccfccc24, 0xccfccc2c, 0xccfccc38, 0xccfccc40, 0xccfccc4c, 0xccfccc58, 
N0xccfccc60, 0xccfccc68, 0xccfccc74, 0xccfccc80, 0x5cfc5cfc, 0x58fc58fc, 0x54fc54fc, 0xfc58fc83, 
N0x58fc0f58, 0x54fc58fc, 0x6cfc54fc, 0xa4fc6cfc, 0xa4fca4fc, 0xa8fca4fc, 0xa4fca8fc, 0xa4fca4fc, 
N0xa8fca4fc, 0xa4fca8fc, 0xa4fca4fc, 0xa8fca4fc, 0xa4fca8fc, 0xa4fca4fc, 0xa8fca4fc, 0xfc82a8fc, 
N0x1aa4fca4, 0xa4fca4fc, 0xa8fca8fc, 0xb4fcb4fc, 0xccfccccc, 0xccfccc8c, 0xccfccc78, 0xccfccc74, 
N0xccfccc6c, 0xccfccc6c, 0xccfccc64, 0xccfccc60, 0xccfccc5c, 0xccfccc58, 0xccfccc50, 0xccfccc4c, 
N0xccfccc48, 0xccfccc40, 0xccfccc3c, 0xccfccc38, 0xccfccc30, 0xccfccc2c, 0xccfccc24, 0xccfccc20, 
N0xccfccc14, 0xccfccc10, 0xccfccc08, 0xfccc0082, 0xcc003ecc, 0xcc04ccfc, 0xcc0cccfc, 0xcc18ccfc, 
N0xcc24ccfc, 0xcc2cccfc, 0xcc34ccfc, 0xcc40ccfc, 0xcc4cccfc, 0xcc54ccfc, 0xcc60ccfc, 0xcc6cccfc, 
N0xcc74ccfc, 0xcc80ccfc, 0x64fcccfc, 0x54fc64fc, 0x58fc54fc, 0x54fc58fc, 0x58fc54fc, 0x54fc58fc, 
N0x58fc54fc, 0x54fc58fc, 0x90fc54fc, 0xa4fc90fc, 0xa8fca4fc, 0xa4fca8fc, 0xa8fca4fc, 0xa4fca8fc, 
N0xa4fca4fc, 0xa8fca4fc, 0xa4fca8fc, 0xa4fca4fc, 0xa8fca4fc, 0xa4fca8fc, 0xa4fca4fc, 0xa8fca4fc, 
N0xacfca8fc, 0xb8fcacfc, 0xcce4b8fc, 0xcc98ccfc, 0xcc7cccfc, 0xcc78ccfc, 0xcc70ccfc, 0xcc6cccfc, 
N0xcc68ccfc, 0xcc64ccfc, 0xcc5cccfc, 0xcc58ccfc, 0xcc54ccfc, 0xcc4cccfc, 0xcc48ccfc, 0xcc44ccfc, 
N0xcc3cccfc, 0xcc3cccfc, 0xcc34ccfc, 0xcc30ccfc, 0xcc28ccfc, 0xcc24ccfc, 0xcc1cccfc, 0xcc18ccfc, 
N0xcc10ccfc, 0xcc08ccfc, 0x0083ccfc, 0x0fccfccc, 0xccfccc00, 0xccfccc04, 0xccfccc10, 0xccfccc18, 
N0xccfccc20, 0xccfccc2c, 0xccfccc38, 0xccfccc40, 0xccfccc4c, 0xccfccc54, 0xccfccc60, 0xccfccc68, 
N0xccfccc74, 0xccfccc80, 0x5cfc5cfc, 0xfc58fc82, 0x58fc6c58, 0x54fc58fc, 0x58fc54fc, 0x58fc58fc, 
N0x70fc58fc, 0xa8fc70fc, 0xa4fca8fc, 0xa8fca4fc, 0xa4fca8fc, 0xa4fca4fc, 0xa8fca4fc, 0xa4fca8fc, 
N0xa8fca4fc, 0xa4fca8fc, 0xa8fca4fc, 0xa4fca8fc, 0xa4fca4fc, 0xa8fca4fc, 0xa8fca8fc, 0xc8f0a8fc, 
N0xccacc8fc, 0xcc7cccfc, 0xcc78ccfc, 0xcc74ccfc, 0xcc6cccfc, 0xcc68ccfc, 0xcc64ccfc, 0xcc60ccfc, 
N0xcc58ccfc, 0xcc54ccfc, 0xcc50ccfc, 0xcc4cccfc, 0xcc44ccfc, 0xcc40ccfc, 0xcc3cccfc, 0xcc34ccfc, 
N0xcc30ccfc, 0xcc2cccfc, 0xcc28ccfc, 0xcc24ccfc, 0xcc1cccfc, 0xcc18ccfc, 0xcc10ccfc, 0xcc08ccfc, 
N0xcc04ccfc, 0xcc00ccfc, 0xcc00ccfc, 0xcc04ccfc, 0xcc00ccfc, 0xcc04ccfc, 0xcc0cccfc, 0xcc18ccfc, 
N0xcc24ccfc, 0xcc2cccfc, 0xcc38ccfc, 0xcc40ccfc, 0xcc4cccfc, 0xcc58ccfc, 0xcc60ccfc, 0xcc68ccfc, 
N0xcc74ccfc, 0xcc80ccfc, 0x64fcccfc, 0x54fc64fc, 0x58fc54fc, 0x54fc58fc, 0x58fc54fc, 0x54fc58fc, 
N0x58fc54fc, 0x9cfc58fc, 0xa4fc9cfc, 0xa8fca4fc, 0xa4fca8fc, 0xa8fca4fc, 0xa4fca8fc, 0xa4fca4fc, 
N0xa8fca4fc, 0xa4fca8fc, 0xa4fca4fc, 0xa8fca4fc, 0xa8fca8fc, 0xb4fca8fc, 0xc0f8b4fc, 0xccc0c0fc, 
N0xcc84ccfc, 0xcc78ccfc, 0xcc74ccfc, 0xcc6cccfc, 0xcc6cccfc, 0xcc64ccfc, 0xcc60ccfc, 0xcc5cccfc, 
N0xcc58ccfc, 0xcc50ccfc, 0xcc4cccfc, 0xcc44ccfc, 0xcc40ccfc, 0xcc3cccfc, 0xcc38ccfc, 0xcc30ccfc, 
N0xcc2cccfc, 0xcc28ccfc, 0xcc20ccfc, 0xcc1cccfc, 0xcc18ccfc, 0xcc14ccfc, 0xcc0cccfc, 0xcc08ccfc, 
N0x0085ccfc, 0x11ccfccc, 0xccfccc00, 0xccfccc04, 0xccfccc10, 0xccfccc18, 0xccfccc24, 0xccfccc2c, 
N0xccfccc38, 0xccfccc40, 0xccfccc4c, 0xccfccc54, 0xccfccc60, 0xccfccc68, 0xccfccc74, 0xccfccc80, 
N0x5cfc5cfc, 0x58fc58fc, 0x54fc54fc, 0xfc58fc82, 0x58fc2858, 0x7cfc58fc, 0xa4fc7cfc, 0xa4fca4fc, 
N0xa8fca4fc, 0xa4fca8fc, 0xa4fca4fc, 0xa8fca4fc, 0xa4fca8fc, 0xa8fca4fc, 0xa4fca8fc, 0xa8fca4fc, 
N0xa8fca8fc, 0xb4fca8fc, 0xccd4b4fc, 0xcc90ccfc, 0xcc78ccfc, 0xcc78ccfc, 0xcc70ccfc, 0xcc6cccfc, 
N0xcc68ccfc, 0xcc60ccfc, 0xcc5cccfc, 0xcc58ccfc, 0xcc50ccfc, 0xcc4cccfc, 0xcc44ccfc, 0xcc44ccfc, 
N0xcc3cccfc, 0xcc38ccfc, 0xcc34ccfc, 0xcc30ccfc, 0xcc28ccfc, 0xcc24ccfc, 0xcc20ccfc, 0xcc1cccfc, 
N0xcc14ccfc, 0xcc10ccfc, 0xcc08ccfc, 0xcc08ccfc, 0x0086ccfc, 0x39ccfccc, 0xccfccc00, 0xccfccc04, 
N0xccfccc0c, 0xccfccc18, 0xccfccc24, 0xccfccc2c, 0xccfccc34, 0xccfccc40, 0xccfccc4c, 0xccfccc54, 
N0xccfccc60, 0xccfccc68, 0xccfccc74, 0xccfccc80, 0x64fc64fc, 0x58fc58fc, 0x58fc58fc, 0x54fc54fc, 
N0x58fc58fc, 0x5cfc5cfc, 0xa0fca0fc, 0xa8fca8fc, 0xa4fca4fc, 0xa4fca4fc, 0xa8fca8fc, 0xa4fca4fc, 
N0xa4fca4fc, 0xa8fca8fc, 0xa4fca4fc, 0xacfcacfc, 0xb8fcb8fc, 0xc8fcc8e8, 0xccfccc9c, 0xccfccc7c, 
N0xccfccc78, 0xccfccc70, 0xccfccc6c, 0xccfccc68, 0xccfccc64, 0xccfccc5c, 0xccfccc58, 0xccfccc54, 
N0xccfccc50, 0xccfccc48, 0xccfccc44, 0xccfccc40, 0xccfccc38, 0xccfccc34, 0xccfccc30, 0xccfccc2c, 
N0xccfccc24, 0xccfccc20, 0xccfccc1c, 0xccfccc14, 0xccfccc10, 0xccfccc0c, 0xccfccc08, 0xfccc0083, 
N0xcc0002cc, 0xcc04ccfc, 0x0083ccfc, 0x38ccfccc, 0xccfccc00, 0xccfccc04, 0xccfccc0c, 0xccfccc18, 
N0xccfccc24, 0xccfccc2c, 0xccfccc38, 0xccfccc40, 0xccfccc4c, 0xccfccc58, 0xccfccc60, 0xccfccc68, 
N0xccfccc74, 0xccfccc80, 0x5cfc5cfc, 0x58fc58fc, 0x54fc54fc, 0x58fc58fc, 0x58fc58fc, 0x88fc88fc, 
N0xa4fca4fc, 0xa4fca4fc, 0xa8fca8fc, 0xa4fca4fc, 0xa8fca8fc, 0xa4fca4fc, 0xa8fca8fc, 0xa4fca4fc, 
N0xacfcacfc, 0xc4fcc4f4, 0xccfcccb4, 0xccfccc80, 0xccfccc78, 0xccfccc70, 0xccfccc70, 0xccfccc68, 
N0xccfccc64, 0xccfccc5c, 0xccfccc5c, 0xccfccc54, 0xccfccc50, 0xccfccc4c, 0xccfccc44, 0xccfccc40, 
N0xccfccc3c, 0xccfccc34, 0xccfccc30, 0xccfccc2c, 0xccfccc28, 0xccfccc20, 0xccfccc1c, 0xccfccc18, 
N0xccfccc14, 0xccfccc0c, 0xccfccc08, 0xccfccc04, 0xfccc0087, 0xcc0038cc, 0xcc04ccfc, 0xcc00ccfc, 
N0xcc04ccfc, 0xcc0cccfc, 0xcc18ccfc, 0xcc24ccfc, 0xcc2cccfc, 0xcc38ccfc, 0xcc40ccfc, 0xcc4cccfc, 
N0xcc54ccfc, 0xcc60ccfc, 0xcc6cccfc, 0xcc74ccfc, 0xcc80ccfc, 0x64fcccfc, 0x54fc64fc, 0x58fc54fc, 
N0x54fc58fc, 0x64fc54fc, 0xa4fc64fc, 0xa8fca4fc, 0xa4fca8fc, 0xa4fca4fc, 0xa8fca4fc, 0xa4fca8fc, 
N0xa8fca4fc, 0xb0fca8fc, 0xc0fcb0fc, 0xccc4c0fc, 0xcc84ccfc, 0xcc78ccfc, 0xcc74ccfc, 0xcc70ccfc, 
N0xcc6cccfc, 0xcc64ccfc, 0xcc60ccfc, 0xcc5cccfc, 0xcc58ccfc, 0xcc50ccfc, 0xcc4cccfc, 0xcc44ccfc, 
N0xcc40ccfc, 0xcc3cccfc, 0xcc38ccfc, 0xcc30ccfc, 0xcc30ccfc, 0xcc28ccfc, 0xcc24ccfc, 0xcc1cccfc, 
N0xcc18ccfc, 0xcc10ccfc, 0xcc10ccfc, 0xcc08ccfc, 0xcc04ccfc, 0x0083ccfc, 0x02ccfccc, 0xccfccc00, 
N0xccfccc04, 0xfccc0086, 0xcc000fcc, 0xcc04ccfc, 0xcc10ccfc, 0xcc18ccfc, 0xcc20ccfc, 0xcc2cccfc, 
N0xcc38ccfc, 0xcc40ccfc, 0xcc4cccfc, 0xcc54ccfc, 0xcc60ccfc, 0xcc68ccfc, 0xcc74ccfc, 0xcc80ccfc, 
N0x5cfcccfc, 0xfc825cfc, 0x2358fc58, 0x58fc58fc, 0x90fc90fc, 0xa4fca4fc, 0xa8fca8fc, 0xa4fca4fc, 
N0xa8fca8fc, 0xa4fca4fc, 0xa4fca4fc, 0xb4fcb4fc, 0xccfcccd8, 0xccfccc90, 0xccfccc78, 0xccfccc78, 
N0xccfccc70, 0xccfccc6c, 0xccfccc68, 0xccfccc60, 0xccfccc5c, 0xccfccc58, 0xccfccc54, 0xccfccc4c, 
N0xccfccc48, 0xccfccc40, 0xccfccc3c, 0xccfccc38, 0xccfccc34, 0xccfccc30, 0xccfccc28, 0xccfccc24, 
N0xccfccc20, 0xccfccc1c, 0xccfccc14, 0xccfccc10, 0xccfccc0c, 0xccfccc08, 0xfccc0088, 0xcc0018cc, 
N0xcc04ccfc, 0xcc00ccfc, 0xcc00ccfc, 0xcc04ccfc, 0xcc00ccfc, 0xcc04ccfc, 0xcc0cccfc, 0xcc18ccfc, 
N0xcc24ccfc, 0xcc2cccfc, 0xcc34ccfc, 0xcc40ccfc, 0xcc4cccfc, 0xcc58ccfc, 0xcc60ccfc, 0xcc68ccfc, 
N0xcc74ccfc, 0xcc80ccfc, 0x64fcccfc, 0x54fc64fc, 0x58fc54fc, 0x70fc58fc, 0xa8fc70fc, 0xfc82a8fc, 
N0x1da4fca4, 0xa4fca4fc, 0xacfcacfc, 0xb8fcb8fc, 0xc8fcc8ec, 0xccfccca4, 0xccfccc7c, 0xccfccc78, 
N0xccfccc70, 0xccfccc6c, 0xccfccc68, 0xccfccc64, 0xccfccc5c, 0xccfccc5c, 0xccfccc54, 0xccfccc50, 
N0xccfccc48, 0xccfccc44, 0xccfccc40, 0xccfccc3c, 0xccfccc34, 0xccfccc30, 0xccfccc2c, 0xccfccc28, 
N0xccfccc20, 0xccfccc1c, 0xccfccc14, 0xccfccc14, 0xccfccc0c, 0xccfccc08, 0xfccc0083, 0xcc0005cc, 
N0xcc04ccfc, 0xcc00ccfc, 0xcc00ccfc, 0xcc04ccfc, 0x0087ccfc, 0x31ccfccc, 0xccfccc00, 0xccfccc04, 
N0xccfccc10, 0xccfccc18, 0xccfccc24, 0xccfccc2c, 0xccfccc38, 0xccfccc40, 0xccfccc4c, 0xccfccc54, 
N0xccfccc60, 0xccfccc68, 0xccfccc74, 0xccfccc80, 0x5cfc5cfc, 0x58fc58fc, 0x58fc58fc, 0x9cfc9cfc, 
N0xa4fca4fc, 0xa4fca4fc, 0xa8fca8fc, 0xa8fca8fc, 0xc4fcc4f4, 0xccfcccb8, 0xccfccc80, 0xccfccc78, 
N0xccfccc74, 0xccfccc70, 0xccfccc6c, 0xccfccc64, 0xccfccc60, 0xccfccc5c, 0xccfccc54, 0xccfccc50, 
N0xccfccc4c, 0xccfccc44, 0xccfccc40, 0xccfccc3c, 0xccfccc38, 0xccfccc30, 0xccfccc2c, 0xccfccc28, 
N0xccfccc24, 0xccfccc1c, 0xccfccc18, 0xccfccc10, 0xccfccc10, 0xccfccc08, 0xccfccc04, 0xfccc008b, 
N0xcc0034cc, 0xcc04ccfc, 0xcc00ccfc, 0xcc00ccfc, 0xcc04ccfc, 0xcc00ccfc, 0xcc04ccfc, 0xcc0cccfc, 
N0xcc18ccfc, 0xcc24ccfc, 0xcc2cccfc, 0xcc38ccfc, 0xcc40ccfc, 0xcc48ccfc, 0xcc58ccfc, 0xcc60ccfc, 
N0xcc68ccfc, 0xcc74ccfc, 0xcc7cccfc, 0x64fcccfc, 0x58fc64fc, 0x7cfc58fc, 0xa4fc7cfc, 0xa8fca4fc, 
N0xb0fca8fc, 0xbcfcb0fc, 0xccc8bcfc, 0xcc88ccfc, 0xcc78ccfc, 0xcc78ccfc, 0xcc70ccfc, 0xcc68ccfc, 
N0xcc64ccfc, 0xcc60ccfc, 0xcc5cccfc, 0xcc54ccfc, 0xcc50ccfc, 0xcc4cccfc, 0xcc44ccfc, 0xcc44ccfc, 
N0xcc3cccfc, 0xcc38ccfc, 0xcc30ccfc, 0xcc2cccfc, 0xcc28ccfc, 0xcc24ccfc, 0xcc20ccfc, 0xcc18ccfc, 
N0xcc14ccfc, 0xcc10ccfc, 0xcc08ccfc, 0xcc04ccfc, 0x0083ccfc, 0x08ccfccc, 0xccfccc00, 0xccfccc04, 
N0xccfccc00, 0xccfccc00, 0xccfccc04, 0xccfccc00, 0xccfccc00, 0xccfccc04, 0xfccc0087, 0xcc002dcc, 
N0xcc04ccfc, 0xcc0cccfc, 0xcc18ccfc, 0xcc20ccfc, 0xcc2cccfc, 0xcc34ccfc, 0xcc40ccfc, 0xcc4cccfc, 
N0xcc54ccfc, 0xcc5cccfc, 0xcc64ccfc, 0xcc70ccfc, 0xcc78ccfc, 0x5cfcccfc, 0x60fc5cfc, 0xa0fc60fc, 
N0xa8fca0fc, 0xb0fca8fc, 0xccdcb0fc, 0xcc98ccfc, 0xcc78ccfc, 0xcc78ccfc, 0xcc70ccfc, 0xcc6cccfc, 
N0xcc64ccfc, 0xcc64ccfc, 0xcc5cccfc, 0xcc58ccfc, 0xcc54ccfc, 0xcc4cccfc, 0xcc48ccfc, 0xcc44ccfc, 
N0xcc40ccfc, 0xcc38ccfc, 0xcc34ccfc, 0xcc30ccfc, 0xcc28ccfc, 0xcc28ccfc, 0xcc20ccfc, 0xcc1cccfc, 
N0xcc14ccfc, 0xcc10ccfc, 0xcc08ccfc, 0xcc08ccfc, 0x008fccfc, 0x31ccfccc, 0xccfccc00, 0xccfccc04, 
N0xccfccc00, 0xccfccc00, 0xccfccc04, 0xccfccc00, 0xccfccc00, 0xccfccc0c, 0xccfccc14, 0xccfccc20, 
N0xccfccc28, 0xccfccc34, 0xccfccc3c, 0xccfccc44, 0xccfccc50, 0xccfccc5c, 0xccfccc64, 0xccfccc6c, 
N0xccfccc74, 0x64fc64fc, 0x88fc88fc, 0xb4fcb4fc, 0xc0fcc0ec, 0xccfccca8, 0xccfccc7c, 0xccfccc78, 
N0xccfccc74, 0xccfccc6c, 0xccfccc68, 0xccfccc64, 0xccfccc60, 0xccfccc58, 0xccfccc54, 0xccfccc50, 
N0xccfccc48, 0xccfccc44, 0xccfccc40, 0xccfccc3c, 0xccfccc34, 0xccfccc30, 0xccfccc2c, 0xccfccc28, 
N0xccfccc20, 0xccfccc1c, 0xccfccc18, 0xccfccc10, 0xccfccc0c, 0xccfccc08, 0xccfccc04, 0xfccc0082, 
N0xcc000bcc, 0xcc04ccfc, 0xcc00ccfc, 0xcc00ccfc, 0xcc04ccfc, 0xcc00ccfc, 0xcc00ccfc, 0xcc04ccfc, 
N0xcc00ccfc, 0xcc00ccfc, 0xcc04ccfc, 0x0089ccfc, 0x29ccfccc, 0xccfccc00, 0xccfccc08, 0xccfccc14, 
N0xccfccc1c, 0xccfccc28, 0xccfccc30, 0xccfccc38, 0xccfccc44, 0xccfccc4c, 0xccfccc58, 0xccfccc5c, 
N0xccfccc64, 0xccfccc70, 0x70fc70fc, 0xb8fcb8f4, 0xccfcccb8, 0xccfccc7c, 0xccfccc78, 0xccfccc74, 
N0xccfccc70, 0xccfccc68, 0xccfccc64, 0xccfccc60, 0xccfccc5c, 0xccfccc54, 0xccfccc50, 0xccfccc4c, 
N0xccfccc44, 0xccfccc40, 0xccfccc3c, 0xccfccc38, 0xccfccc30, 0xccfccc2c, 0xccfccc28, 0xccfccc24, 
N0xccfccc1c, 0xccfccc18, 0xccfccc14, 0xccfccc0c, 0xccfccc08, 0xccfccc04, 0xfccc0092, 0xcc0015cc, 
N0xcc04ccfc, 0xcc00ccfc, 0xcc00ccfc, 0xcc04ccfc, 0xcc00ccfc, 0xcc00ccfc, 0xcc04ccfc, 0xcc10ccfc, 
N0xcc1cccfc, 0xcc24ccfc, 0xcc2cccfc, 0xcc34ccfc, 0xcc40ccfc, 0xcc44ccfc, 0xcc50ccfc, 0xcc58ccfc, 
N0xcc60ccfc, 0xcc64ccfc, 0xc8d4ccfc, 0xcc7cc8fc, 0x7082ccfc, 0x16ccfccc, 0xccfccc70, 0xccfccc6c, 
N0xccfccc64, 0xccfccc64, 0xccfccc5c, 0xccfccc58, 0xccfccc50, 0xccfccc4c, 0xccfccc48, 0xccfccc44, 
N0xccfccc3c, 0xccfccc38, 0xccfccc34, 0xccfccc30, 0xccfccc28, 0xccfccc24, 0xccfccc20, 0xccfccc18, 
N0xccfccc14, 0xccfccc10, 0xccfccc08, 0xccfccc08, 0xfccc0083, 0xcc000ecc, 0xcc04ccfc, 0xcc00ccfc, 
N0xcc00ccfc, 0xcc04ccfc, 0xcc00ccfc, 0xcc00ccfc, 0xcc04ccfc, 0xcc00ccfc, 0xcc00ccfc, 0xcc04ccfc, 
N0xcc00ccfc, 0xcc00ccfc, 0xcc04ccfc, 0x0089ccfc, 0x25ccfccc, 0xccfccc00, 0xccfccc04, 0xccfccc0c, 
N0xccfccc14, 0xccfccc1c, 0xccfccc28, 0xccfccc30, 0xccfccc38, 0xccfccc40, 0xccfccc48, 0xccfccc50, 
N0xccfccc58, 0xccfccc5c, 0xccfccc60, 0xccfccc64, 0xccfccc64, 0xccfccc68, 0xccfccc64, 0xccfccc60, 
N0xccfccc5c, 0xccfccc58, 0xccfccc54, 0xccfccc50, 0xccfccc48, 0xccfccc44, 0xccfccc40, 0xccfccc38, 
N0xccfccc34, 0xccfccc30, 0xccfccc2c, 0xccfccc24, 0xccfccc20, 0xccfccc1c, 0xccfccc18, 0xccfccc10, 
N0xccfccc0c, 0xccfccc08, 0xfccc0096, 0xcc0005cc, 0xcc04ccfc, 0xcc00ccfc, 0xcc00ccfc, 0xcc04ccfc, 
N0x0082ccfc, 0x0dccfccc, 0xccfccc00, 0xccfccc08, 0xccfccc10, 0xccfccc18, 0xccfccc24, 0xccfccc2c, 
N0xccfccc30, 0xccfccc3c, 0xccfccc40, 0xccfccc48, 0xccfccc50, 0xccfccc54, 0xccfccc58, 0xfccc5c83, 
N0xcc5c13cc, 0xcc58ccfc, 0xcc54ccfc, 0xcc50ccfc, 0xcc48ccfc, 0xcc44ccfc, 0xcc40ccfc, 0xcc3cccfc, 
N0xcc34ccfc, 0xcc30ccfc, 0xcc2cccfc, 0xcc28ccfc, 0xcc20ccfc, 0xcc1cccfc, 0xcc18ccfc, 0xcc10ccfc, 
N0xcc0cccfc, 0xcc08ccfc, 0xcc04ccfc, 0x0083ccfc, 0x11ccfccc, 0xccfccc00, 0xccfccc04, 0xccfccc00, 
N0xccfccc00, 0xccfccc04, 0xccfccc00, 0xccfccc00, 0xccfccc04, 0xccfccc00, 0xccfccc00, 0xccfccc04, 
N0xccfccc00, 0xccfccc00, 0xccfccc04, 0xccfccc00, 0xccfccc00, 0xccfccc04, 0xfccc008a, 0xcc0021cc, 
N0xcc04ccfc, 0xcc08ccfc, 0xcc14ccfc, 0xcc1cccfc, 0xcc24ccfc, 0xcc2cccfc, 0xcc34ccfc, 0xcc3cccfc, 
N0xcc40ccfc, 0xcc44ccfc, 0xcc48ccfc, 0xcc50ccfc, 0xcc50ccfc, 0xcc54ccfc, 0xcc54ccfc, 0xcc50ccfc, 
N0xcc50ccfc, 0xcc4cccfc, 0xcc48ccfc, 0xcc40ccfc, 0xcc3cccfc, 0xcc38ccfc, 0xcc30ccfc, 0xcc2cccfc, 
N0xcc28ccfc, 0xcc24ccfc, 0xcc1cccfc, 0xcc18ccfc, 0xcc14ccfc, 0xcc10ccfc, 0xcc08ccfc, 0xcc04ccfc, 
N0x0099ccfc, 0x05ccfccc, 0xccfccc00, 0xccfccc04, 0xccfccc00, 0xccfccc00, 0xccfccc04, 0xfccc0083, 
N0xcc000ccc, 0xcc08ccfc, 0xcc0cccfc, 0xcc14ccfc, 0xcc20ccfc, 0xcc24ccfc, 0xcc2cccfc, 0xcc30ccfc, 
N0xcc38ccfc, 0xcc3cccfc, 0xcc40ccfc, 0xcc44ccfc, 0x4882ccfc, 0x10ccfccc, 0xccfccc48, 0xccfccc44, 
N0xccfccc44, 0xccfccc40, 0xccfccc3c, 0xccfccc38, 0xccfccc34, 0xccfccc30, 0xccfccc28, 0xccfccc24, 
N0xccfccc20, 0xccfccc1c, 0xccfccc14, 0xccfccc10, 0xccfccc08, 0xccfccc08, 0xfccc0083, 0xcc0017cc, 
N0xcc04ccfc, 0xcc00ccfc, 0xcc00ccfc, 0xcc04ccfc, 0xcc00ccfc, 0xcc00ccfc, 0xcc04ccfc, 0xcc00ccfc, 
N0xcc00ccfc, 0xcc04ccfc, 0xcc00ccfc, 0xcc00ccfc, 0xcc04ccfc, 0xcc00ccfc, 0xcc00ccfc, 0xcc04ccfc, 
N0xcc00ccfc, 0xcc00ccfc, 0xcc04ccfc, 0xcc00ccfc, 0xcc00ccfc, 0xcc04ccfc, 0x008accfc, 0x0accfccc, 
N0xccfccc00, 0xccfccc08, 0xccfccc10, 0xccfccc14, 0xccfccc1c, 0xccfccc24, 0xccfccc28, 0xccfccc30, 
N0xccfccc34, 0xccfccc38, 0xfccc3c85, 0xcc3c0ccc, 0xcc38ccfc, 0xcc34ccfc, 0xcc30ccfc, 0xcc2cccfc, 
N0xcc24ccfc, 0xcc20ccfc, 0xcc1cccfc, 0xcc18ccfc, 0xcc10ccfc, 0xcc0cccfc, 0xcc08ccfc, 0x00a0ccfc, 
N0x02ccfccc, 0xccfccc00, 0xccfccc04, 0xfccc0085, 0xcc000acc, 0xcc08ccfc, 0xcc10ccfc, 0xcc14ccfc, 
N0xcc1cccfc, 0xcc24ccfc, 0xcc28ccfc, 0xcc2cccfc, 0xcc2cccfc, 0xcc30ccfc, 0x3482ccfc, 0x01ccfccc, 
N0xccfccc34, 0xfccc3082, 0xcc300acc, 0xcc28ccfc, 0xcc28ccfc, 0xcc20ccfc, 0xcc20ccfc, 0xcc18ccfc, 
N0xcc14ccfc, 0xcc0cccfc, 0xcc08ccfc, 0xcc04ccfc, 0x0083ccfc, 0x1dccfccc, 0xccfccc00, 0xccfccc04, 
N0xccfccc00, 0xccfccc00, 0xccfccc04, 0xccfccc00, 0xccfccc00, 0xccfccc04, 0xccfccc00, 0xccfccc00, 
N0xccfccc04, 0xccfccc00, 0xccfccc00, 0xccfccc04, 0xccfccc00, 0xccfccc00, 0xccfccc04, 0xccfccc00, 
N0xccfccc00, 0xccfccc04, 0xccfccc00, 0xccfccc00, 0xccfccc04, 0xccfccc00, 0xccfccc00, 0xccfccc04, 
N0xccfccc00, 0xccfccc00, 0xccfccc04, 0xfccc0089, 0xcc0008cc, 0xcc08ccfc, 0xcc0cccfc, 0xcc14ccfc, 
N0xcc18ccfc, 0xcc1cccfc, 0xcc20ccfc, 0xcc24ccfc, 0x2885ccfc, 0x09ccfccc, 0xccfccc28, 0xccfccc24, 
N0xccfccc20, 0xccfccc1c, 0xccfccc18, 0xccfccc10, 0xccfccc10, 0xccfccc08, 0xccfccc04, 0xfccc00a6, 
N0xcc000ecc, 0xcc04ccfc, 0xcc00ccfc, 0xcc00ccfc, 0xcc04ccfc, 0xcc00ccfc, 0xcc00ccfc, 0xcc04ccfc, 
N0xcc08ccfc, 0xcc10ccfc, 0xcc14ccfc, 0xcc14ccfc, 0xcc1cccfc, 0xcc1cccfc, 0x2082ccfc, 0x01ccfccc, 
N0xccfccc20, 0xfccc1c82, 0xcc1c06cc, 0xcc14ccfc, 0xcc14ccfc, 0xcc10ccfc, 0xcc0cccfc, 0xcc04ccfc, 
N0x0083ccfc, 0x23ccfccc, 0xccfccc00, 0xccfccc04, 0xccfccc00, 0xccfccc00, 0xccfccc04, 0xccfccc00, 
N0xccfccc00, 0xccfccc04, 0xccfccc00, 0xccfccc00, 0xccfccc04, 0xccfccc00, 0xccfccc00, 0xccfccc04, 
N0xccfccc00, 0xccfccc00, 0xccfccc04, 0xccfccc00, 0xccfccc00, 0xccfccc04, 0xccfccc00, 0xccfccc00, 
N0xccfccc04, 0xccfccc00, 0xccfccc00, 0xccfccc04, 0xccfccc00, 0xccfccc00, 0xccfccc04, 0xccfccc00, 
N0xccfccc00, 0xccfccc04, 0xccfccc00, 0xccfccc00, 0xccfccc04, 0xfccc008a, 0xcc0005cc, 0xcc04ccfc, 
N0xcc08ccfc, 0xcc0cccfc, 0xcc10ccfc, 0x1484ccfc, 0x01ccfccc, 0xccfccc14, 0xfccc1082, 0xcc1003cc, 
N0xcc08ccfc, 0xcc08ccfc, 0x00b4ccfc, 0x02ccfccc, 0xccfccc00, 0xccfccc04, 0xfccc0882, 0xcc0803cc, 
N0xcc0cccfc, 0xcc0cccfc, 0x0882ccfc, 0x02ccfccc, 0xccfccc08, 0xccfccc04, 0xfccc00ab, 0xcc0001cc, 
N0x0000ccfc
N};
N
N#if defined(__GHS__) || defined(__ghs__)
X#if 0L || 0L
S#pragma ghs section data = "default"
N#endif /* defined(__GHS__) || defined(__ghs__) */
N
N#if defined(_DIAB_TOOL)
X#if 0L
S#pragma section .data "default"
S/* fixme: specify alignment */
N#endif /* defined(_DIAB_TOOL) */
N
N#if defined(__arm__) && defined(__ARMCC_VERSION)
X#if 1L && 1L
N#pragma arm section rwdata
N#endif /* defined(__arm__) && defined(__ARMCC_VERSION) */
N
N/***************************************************************************/
N
N/***********************  BEGIN of DISCLAIMER   *****************************
N
N- TOSHIBA is continually working to improve the quality and reliability of
N  its products.
N  Nevertheless, semiconductor devices in general can malfunction or fail
N  due to their inherent electrical sensitivity and vulnerability to physical
N  stress. It is the responsibility of the buyer, when utilizing TOSHIBA
N  products, to comply with the standards of safety in making a safe design
N  for the entire system, and to avoid situations in which a malfunction or
N  failure of such TOSHIBA products could cause loss of human life,
N  bodily injury or damage to property.
N
N  In developing your designs, please ensure that TOSHIBA products are used
N  within specified operating ranges as set forth in the most recent TOSHIBA
N  products specifications. Also, please keep in mind the precautions and
N  conditions set forth in the ï¿½Handling Guide for Semiconductor Devices, or
N  TOSHIBA Semiconductor Reliability Handbook etc..
N
N- The Toshiba products listed in this document are intended for usage in
N  general electronics applications (computer, personal equipment,
N  office equipment, measuring equipment,industrial robotics, domestic
N  appliances, etc.). These Toshiba products are neither intended nor
N  warranted for usage in equipment that requires extraordinarily high quality
N  and/or reliability or a malfunction or failure of which may cause loss
N  of human life or bodily injury (ï¿½Unintended Usage).
N  Unintended Usage include atomic energy control instruments, airplane or
N  spaceship instruments, transportation instruments, traffic signal
N  instruments, combustion control instruments, medical instruments,
N  all types of safety devices, etc..
N  Unintended Usage of Toshiba products listed in this document shall be made
N  at the customerï¿½s own risk.
N
N- Toshiba assumes no liability for any damage or losses (including but not
N
N  limited to, loss of business profit,business interruption, loss of business
N  information,and other pecuniary losses) occurring from the use of,
N  or inability to use, this product.
N
N- The products described in this document are subject to the foreign exchange
N  and foreign trade laws.
N
N- The products described in this document contain components made in the
N  United States and subject to export control of the U.S. authorities.
N  Diversion contrary to the U.S. law is prohibited.
N
N- The information contained herein is presented only as a guide for the
N  applications of our products.
N  No responsibility is assumed by TOSHIBA CORPORATION for any infringements
N  of intellectual property or other rights of the third parties which may
N  result from its use.
N  No license is granted by implication or otherwise under any intellectual
N  property or other rights of TOSHIBA CORPORATION or others.
N
N- The information contained herein is subject to change without notice.
N
N****************************  END of DISCLAIMER ****************************/
N
N/********************************* BEGIN OF LOG ******************************
N*
N* $Log: blinker_rechts_on.c,v $
N* Revision 1.1  2014/05/09 14:05:52  mto
N* initial version
N*
N*
N********************************** END OF LOG ******************************/ 
