L 1 "..\..\Pictures\blinker_links_on.c"
N/*****************************************************************************
N*   This software is copyright protected. All rights reserved 
N*   Toshiba Electronics Europe GmbH 
N*   European LSI Design and Engineering Center (ELDEC)
N****************************************************************************** 
N*   File Name   : $RCSfile: blinker_links_on.c,v $ 
N*   Description : Image files
N****************************************************************************** 
N*   PROJECT     : Capricorn 
N*   MODULE      : Graphics 
N*               : $Name:  $ 
N*   LIBRARIES   : None 
N*   AUTHOR      : $Author: mto $
N****************************************************************************** 
N*   VERSION     : $Revision: 1.1 $ 
N*   RELEASE     : Preliminary & Confidential 
N*   DATE        : $Date: 2014/05/09 14:05:52 $ 
N*   SOURCE MOD. : $Source: /teenet/mpumcu/Capricorn/Capricorn_Bt/bld/Basic_Graphics_Keil/Pictures/blinker_links_on.c,v $ 
N*   LOG:        : please have a look at the end of the file
N*****************************************************************************/
N/************************************************************************
N * Generated using TEE Capricorn: Image to C Code Generator
N * Version 1.16
N * Toshiba Electronics Europe GmbH
N * This software is copyright protected. All rights reserved
N ************************************************************************
N * Converted on: 11.3.2013 @ 11:43
N * Output format: FMT_RLERGBA32
N * Image Dimensions : Width=65, Height=69
N * Input Filename: C:\Ortmann20130227\Capricorn\Software\Demos\Capricorn_F\Valeo\blinker_links_on.png
N * Data is RLE compressed
N * Uncompressed Data Size : 17.52 KB
N * Compressed Data Size : 13.66 KB
N * Compression Ratio : 22.05%
N ************************************************************************/
N
N#include "captypes.h"
L 1 "..\..\..\..\common\inc\captypes.h" 1
N/*****************************************************************************
N*   This software is copyright protected. All rights reserved
N*   Toshiba Electronics Europe GmbH
N*   European LSI Design and Engineering Center (ELDEC)
N******************************************************************************
N*   DESCRIPTION : Standard core definitions
N******************************************************************************
N*   PLATFORM    : TMPR46xXBG-300
N*   PROJECT     :
N*   MODULE      : Capricorn standard C types
N*   LIBRARIES   : None
N******************************************************************************
N*   VERSION     : $Revision: 1.6 $
N*   DATE        : $Date: 2015/05/04 09:07:19 $
N*   TAG         : $Name:  $
N*   RELEASE     : Preliminary & Confidential
N*****************************************************************************/
N#ifndef CAPTYPES_H
N#define CAPTYPES_H
N
N/**********************************************
N*                Include files                *
N**********************************************/
N
N/*********************************************/
N
N
N/**********************************************
N*                Definitions                  *
N**********************************************/
N/* Simple error codes */
N#define C_SUCCESS                           (0)
N#define C_FAILED                            (-1)
N
N/* Simple boolean value */
N#define C_FALSE                             (0)
N#define C_TRUE                              (1)
N
N/* NULL pointer definition */
N#define C_NULL                              ((void*)0)
N
N/* NULL pointer definition */
N#define TYPES_NULL_PTR   ((void *)0UL)
N
N/*********************************************/
N
N
N/**********************************************
N*            Primitive data types             *
N**********************************************/
N
N/*
N *  MISRA-C & ELDEC MPU/MCU software coding
N *  guideline compliant type definitions
N */
Ntypedef signed char int8_t;                 /* 1 byte,  prefix i8 */
Ntypedef signed short int16_t;               /* 2 bytes, prefix i16 */
Ntypedef signed int int32_t;                 /* 4 bytes, prefix i32 */
Ntypedef signed long long int64_t;           /* 8 bytes, prefix i64 */
Ntypedef unsigned char uint8_t;              /* 1 byte,  prefix u8 */
Ntypedef unsigned short uint16_t;            /* 2 bytes, prefix u16 */
Ntypedef unsigned int uint32_t;              /* 4 bytes, prefix u32 */
Ntypedef unsigned long long uint64_t;        /* 8 bytes, prefix u64 */
Ntypedef int bool_t;                         /* 4 bytes, prefix bo */
Ntypedef float float32_t;                    /* 4 bytes, prefix f32 */
Ntypedef double float64_t;                   /* 8 bytes, prefix f64 */
N
N/*********************************************/
N/*
N Definition for Cortex R4 32-bit memory/registers */
N#define TYPES_REG32 (volatile int32_t*)
N/*
N Definition for Cortex R4 16-bit memory/registers */
N#define TYPES_REG16 (volatile uint16_t*)
N/*
N Definition for Cortex R4 8-bit memory/registers */
N#define TYPES_REG8 (volatile uint8_t*)
N
N
N#endif /* CAPTYPES_H */
N
N/***************************************************************************/
N
N
N/***********************  BEGIN of DISCLAIMER   *****************************
N
N- TOSHIBA is continually working to improve the quality and reliability of
N  its products.
N  Nevertheless, semiconductor devices in general can malfunction or fail
N  due to their inherent electrical sensitivity and vulnerability to physical
N  stress. It is the responsibility of the buyer, when utilizing TOSHIBA
N  products, to comply with the standards of safety in making a safe design
N  for the entire system, and to avoid situations in which a malfunction or
N  failure of such TOSHIBA products could cause loss of human life,
N  bodily injury or damage to property.
N
N  In developing your designs, please ensure that TOSHIBA products are used
N  within specified operating ranges as set forth in the most recent TOSHIBA
N  products specifications. Also, please keep in mind the precautions and
N  conditions set forth in the Handling Guide for Semiconductor Devices, or
N  TOSHIBA Semiconductor Reliability Handbook etc..
N
N- The Toshiba products listed in this document are intended for usage in
N  general electronics applications (computer, personal equipment,
N  office equipment, measuring equipment,industrial robotics, domestic
N  appliances, etc.). These Toshiba products are neither intended nor
N  warranted for usage in equipment that requires extraordinarily high quality
N  and/or reliability or a malfunction or failure of which may cause loss
N  of human life or bodily injury (Unintended Usage).
N  Unintended Usage include atomic energy control instruments, airplane or
N  spaceship instruments, transportation instruments, traffic signal
N  instruments, combustion control instruments, medical instruments,
N  all types of safety devices, etc..
N  Unintended Usage of Toshiba products listed in this document shall be made
N  at the customer’s own risk.
N
N- Toshiba assumes no liability for any damage or losses (including but not
N  limited to, loss of business profit,business interruption, loss of business
N  information,and other pecuniary losses) occurring from the use of,
N  or inability to use, this product.
N
N- The products described in this document are subject to the foreign exchange
N  and foreign trade laws.
N
N- The products described in this document contain components made in the
N  United States and subject to export control of the U.S. authorities.
N  Diversion contrary to the U.S. law is prohibited.
N
N- The information contained herein is presented only as a guide for the
N  applications of our products.
N  No responsibility is assumed by TOSHIBA CORPORATION for any infringements
N  of intellectual property or other rights of the third parties which may
N  result from its use.
N  No license is granted by implication or otherwise under any intellectual
N  property or other rights of TOSHIBA CORPORATION or others.
N
N- The information contained herein is subject to change without notice.
N
N****************************  END of DISCLAIMER ****************************/
N
L 38 "..\..\Pictures\blinker_links_on.c" 2
N#include "images_defs.h"
L 1 "..\..\usecases\images\inc\images_defs.h" 1
N/*****************************************************************************
N*   This software is copyright protected. All rights reserved 
N*   Toshiba Electronics Europe GmbH 
N*   European LSI Design and Engineering Center (ELDEC)
N****************************************************************************** 
N*   File Name   : $RCSfile: images_defs.h,v $ 
N*   Description : Image files
N****************************************************************************** 
N*   PROJECT     : Capricorn 
N*   MODULE      : Graphics 
N*               : $Name:  $ 
N*   LIBRARIES   : None 
N*   AUTHOR      : $Author: mto $
N****************************************************************************** 
N*   VERSION     : $Revision: 1.1 $ 
N*   RELEASE     : Preliminary & Confidential 
N*   DATE        : $Date: 2014/05/09 14:05:52 $ 
N*   SOURCE MOD. : $Source: /teenet/mpumcu/Capricorn/Capricorn_Bt/bld/Basic_Graphics_Keil/usecases/images/inc/images_defs.h,v $ 
N*   LOG:        : please have a look at the end of the file
N*****************************************************************************/
N/************************************************************************
N * Generated using TEE Capricorn: Image to C Code Generator
N * Version 1.16
N * Toshiba Electronics Europe GmbH
N * This software is copyright protected. All rights reserved
N ************************************************************************
N * Converted on: 11.3.2013 @ 11:43
N ************************************************************************/
N#ifndef IMAGES_DEFS_H
N#define IMAGES_DEFS_H
N
N#define BACKGROUND_COLOR_0 (0x0000FFFF)
N#define BACKGROUND_COLOR_1 (0x00FF00FF)
N
N#define BLINKER_LINKS_OFF_SIZE (2467)
N#define BLINKER_LINKS_OFF_HEIGHT (69)
N#define BLINKER_LINKS_OFF_WIDTH (65)
N#define BLINKER_LINKS_OFF_XPOS (0)
N#define BLINKER_LINKS_OFF_YPOS (0)
N#define BLINKER_LINKS_OFF_XCPOS (0)
N#define BLINKER_LINKS_OFF_YCPOS (0)
N#define STIMAGE_INDICATOR_SIZE_X (4)
N#define STIMAGE_INDICATOR_SIZE_Y (1)
N
N#define BLINKER_LINKS_ON_SIZE (3496)
N#define BLINKER_LINKS_ON_HEIGHT (69)
N#define BLINKER_LINKS_ON_WIDTH (65)
N#define BLINKER_LINKS_ON_XPOS (0)
N#define BLINKER_LINKS_ON_YPOS (0)
N#define BLINKER_LINKS_ON_XCPOS (0)
N#define BLINKER_LINKS_ON_YCPOS (0)
N
N#define BLINKER_RECHTS_OFF_SIZE (2505)
N#define BLINKER_RECHTS_OFF_HEIGHT (69)
N#define BLINKER_RECHTS_OFF_WIDTH (65)
N#define BLINKER_RECHTS_OFF_XPOS (0)
N#define BLINKER_RECHTS_OFF_YPOS (0)
N#define BLINKER_RECHTS_OFF_XCPOS (0)
N#define BLINKER_RECHTS_OFF_YCPOS (0)
N
N#define BLINKER_RECHTS_ON_SIZE (3481)
N#define BLINKER_RECHTS_ON_HEIGHT (69)
N#define BLINKER_RECHTS_ON_WIDTH (65)
N#define BLINKER_RECHTS_ON_XPOS (0)
N#define BLINKER_RECHTS_ON_YPOS (0)
N#define BLINKER_RECHTS_ON_XCPOS (0)
N#define BLINKER_RECHTS_ON_YCPOS (0)
N
N#define ICONS_ABBLENDLICHT_SIZE (1662)
N#define ICONS_ABBLENDLICHT_HEIGHT (42)
N#define ICONS_ABBLENDLICHT_WIDTH (59)
N#define ICONS_ABBLENDLICHT_XPOS (0)
N#define ICONS_ABBLENDLICHT_YPOS (0)
N#define ICONS_ABBLENDLICHT_XCPOS (0)
N#define ICONS_ABBLENDLICHT_YCPOS (0)
N#define STIMAGE_ICONS_SIZE_X (4)
N#define STIMAGE_ICONS_SIZE_Y (1)
N
N#define ICONS_BATTERIE_SIZE (1552)
N#define ICONS_BATTERIE_HEIGHT (42)
N#define ICONS_BATTERIE_WIDTH (59)
N#define ICONS_BATTERIE_XPOS (0)
N#define ICONS_BATTERIE_YPOS (0)
N#define ICONS_BATTERIE_XCPOS (0)
N#define ICONS_BATTERIE_YCPOS (0)
N
N#define ICONS_FERNLICHT_SIZE (1519)
N#define ICONS_FERNLICHT_HEIGHT (42)
N#define ICONS_FERNLICHT_WIDTH (59)
N#define ICONS_FERNLICHT_XPOS (0)
N#define ICONS_FERNLICHT_YPOS (0)
N#define ICONS_FERNLICHT_XCPOS (0)
N#define ICONS_FERNLICHT_YCPOS (0)
N
N#define ICONS_OEL_SIZE (1557)
N#define ICONS_OEL_HEIGHT (42)
N#define ICONS_OEL_WIDTH (59)
N#define ICONS_OEL_XPOS (0)
N#define ICONS_OEL_YPOS (0)
N#define ICONS_OEL_XCPOS (0)
N#define ICONS_OEL_YCPOS (0)
N
N#endif
N/***************************************************************************/
N
N/***********************  BEGIN of DISCLAIMER   *****************************
N
N- TOSHIBA is continually working to improve the quality and reliability of
N  its products.
N  Nevertheless, semiconductor devices in general can malfunction or fail
N  due to their inherent electrical sensitivity and vulnerability to physical
N  stress. It is the responsibility of the buyer, when utilizing TOSHIBA
N  products, to comply with the standards of safety in making a safe design
N  for the entire system, and to avoid situations in which a malfunction or
N  failure of such TOSHIBA products could cause loss of human life,
N  bodily injury or damage to property.
N
N  In developing your designs, please ensure that TOSHIBA products are used
N  within specified operating ranges as set forth in the most recent TOSHIBA
N  products specifications. Also, please keep in mind the precautions and
N  conditions set forth in the ï¿½Handling Guide for Semiconductor Devices, or
N  TOSHIBA Semiconductor Reliability Handbook etc..
N
N- The Toshiba products listed in this document are intended for usage in
N  general electronics applications (computer, personal equipment,
N  office equipment, measuring equipment,industrial robotics, domestic
N  appliances, etc.). These Toshiba products are neither intended nor
N  warranted for usage in equipment that requires extraordinarily high quality
N  and/or reliability or a malfunction or failure of which may cause loss
N  of human life or bodily injury (ï¿½Unintended Usage).
N  Unintended Usage include atomic energy control instruments, airplane or
N  spaceship instruments, transportation instruments, traffic signal
N  instruments, combustion control instruments, medical instruments,
N  all types of safety devices, etc..
N  Unintended Usage of Toshiba products listed in this document shall be made
N  at the customerï¿½s own risk.
N
N- Toshiba assumes no liability for any damage or losses (including but not
N
N  limited to, loss of business profit,business interruption, loss of business
N  information,and other pecuniary losses) occurring from the use of,
N  or inability to use, this product.
N
N- The products described in this document are subject to the foreign exchange
N  and foreign trade laws.
N
N- The products described in this document contain components made in the
N  United States and subject to export control of the U.S. authorities.
N  Diversion contrary to the U.S. law is prohibited.
N
N- The information contained herein is presented only as a guide for the
N  applications of our products.
N  No responsibility is assumed by TOSHIBA CORPORATION for any infringements
N  of intellectual property or other rights of the third parties which may
N  result from its use.
N  No license is granted by implication or otherwise under any intellectual
N  property or other rights of TOSHIBA CORPORATION or others.
N
N- The information contained herein is subject to change without notice.
N
N****************************  END of DISCLAIMER ****************************/
N
N/********************************* BEGIN OF LOG ******************************
N*
N* $Log: images_defs.h,v $
N* Revision 1.1  2014/05/09 14:05:52  mto
N* initial version
N*
N* 
N********************************** END OF LOG ******************************/ 
L 39 "..\..\Pictures\blinker_links_on.c" 2
N
N#if defined(__GHS__) || defined(__ghs__)
X#if 0L || 0L
S#pragma ghs section data = ".ROMgraphics"
S#define ALIGNED
N#endif /* defined(__GHS__) || defined(__ghs__) */
N
N#if defined(_DIAB_TOOL)
X#if 0L
S#pragma section .data ".ROMgraphics"
S/* fixme: specify alignment */
S#define ALIGNED
N#endif /* defined(_DIAB_TOOL) */
N
N#if defined(__arm__) && defined(__ARMCC_VERSION)
X#if 1L && 1L
N#pragma arm section rwdata = ".ROMgraphics"
N#define ALIGNED __align(8)
N#endif /* defined(__arm__) && defined(__ARMCC_VERSION) */
N
N#if defined(__GHS__) || defined(__ghs__)
X#if 0L || 0L
S#pragma alignvar(8)
N#endif /* defined(__GHS__) || defined(__ghs__) */
NALIGNED uint32_t u32_blinker_links_on_RLE[BLINKER_LINKS_ON_SIZE] = {
X__align(8) uint32_t u32_blinker_links_on_RLE[(3496)] = {
N0xfccc0008, 0xfccc04cc, 0xfccc00cc, 0xfccc00cc, 0xfccc04cc, 0xfccc00cc, 0xfccc00cc, 0xfccc04cc, 
N0xcc00a3cc, 0x0004ccfc, 0x04ccfccc, 0x08ccfccc, 0x08ccfccc, 0x83ccfccc, 0xccfccc0c, 0xfccc0c04, 
N0xfccc08cc, 0xfccc08cc, 0xfccc04cc, 0xcc0096cc, 0x0017ccfc, 0x04ccfccc, 0x00ccfccc, 0x00ccfccc, 
N0x04ccfccc, 0x00ccfccc, 0x00ccfccc, 0x04ccfccc, 0x00ccfccc, 0x00ccfccc, 0x04ccfccc, 0x00ccfccc, 
N0x00ccfccc, 0x04ccfccc, 0x00ccfccc, 0x00ccfccc, 0x04ccfccc, 0x00ccfccc, 0x00ccfccc, 0x04ccfccc, 
N0x00ccfccc, 0x00ccfccc, 0x04ccfccc, 0x86ccfccc, 0xccfccc00, 0xfccc0006, 0xfccc04cc, 0xfccc08cc, 
N0xfccc0ccc, 0xfccc10cc, 0xfccc10cc, 0xcc1485cc, 0x1406ccfc, 0x10ccfccc, 0x0cccfccc, 0x0cccfccc, 
N0x04ccfccc, 0x04ccfccc, 0x88ccfccc, 0xccfccc00, 0xfccc0008, 0xfccc04cc, 0xfccc00cc, 0xfccc00cc, 
N0xfccc04cc, 0xfccc00cc, 0xfccc00cc, 0xfccc04cc, 0xcc009fcc, 0x0008ccfc, 0x08ccfccc, 0x08ccfccc, 
N0x10ccfccc, 0x18ccfccc, 0x18ccfccc, 0x1cccfccc, 0x1cccfccc, 0x83ccfccc, 0xccfccc20, 0xfccc2008, 
N0xfccc1ccc, 0xfccc1ccc, 0xfccc18cc, 0xfccc14cc, 0xfccc10cc, 0xfccc08cc, 0xfccc04cc, 0xcc0083cc, 
N0x0002ccfc, 0x04ccfccc, 0x8dccfccc, 0xccfccc00, 0xfccc0014, 0xfccc04cc, 0xfccc00cc, 0xfccc00cc, 
N0xfccc04cc, 0xfccc00cc, 0xfccc00cc, 0xfccc04cc, 0xfccc00cc, 0xfccc00cc, 0xfccc04cc, 0xfccc00cc, 
N0xfccc00cc, 0xfccc04cc, 0xfccc00cc, 0xfccc00cc, 0xfccc04cc, 0xfccc00cc, 0xfccc00cc, 0xfccc04cc, 
N0xcc0086cc, 0x000bccfc, 0x08ccfccc, 0x08ccfccc, 0x10ccfccc, 0x14ccfccc, 0x18ccfccc, 0x1cccfccc, 
N0x20ccfccc, 0x24ccfccc, 0x28ccfccc, 0x28ccfccc, 0x82ccfccc, 0xccfccc2c, 0xfccc2c09, 0xfccc28cc, 
N0xfccc24cc, 0xfccc20cc, 0xfccc1ccc, 0xfccc18cc, 0xfccc14cc, 0xfccc0ccc, 0xfccc08cc, 0xcc0086cc, 
N0x0008ccfc, 0x04ccfccc, 0x00ccfccc, 0x00ccfccc, 0x04ccfccc, 0x00ccfccc, 0x00ccfccc, 0x04ccfccc, 
N0x9bccfccc, 0xccfccc00, 0xfccc000d, 0xfccc04cc, 0xfccc08cc, 0xfccc0ccc, 0xfccc14cc, 0xfccc18cc, 
N0xfccc20cc, 0xfccc24cc, 0xfccc28cc, 0xfccc2ccc, 0xfccc2ccc, 0xfccc34cc, 0xfccc30cc, 0xcc3482cc, 
N0x340accfc, 0x30ccfccc, 0x30ccfccc, 0x2cccfccc, 0x24ccfccc, 0x24ccfccc, 0x1cccfccc, 0x18ccfccc, 
N0x10ccfccc, 0x08ccfccc, 0x8fccfccc, 0xccfccc00, 0xfccc0011, 0xfccc04cc, 0xfccc00cc, 0xfccc00cc, 
N0xfccc04cc, 0xfccc00cc, 0xfccc00cc, 0xfccc04cc, 0xfccc00cc, 0xfccc00cc, 0xfccc04cc, 0xfccc00cc, 
N0xfccc00cc, 0xfccc04cc, 0xfccc00cc, 0xfccc00cc, 0xfccc04cc, 0xcc0086cc, 0x001cccfc, 0x04ccfccc, 
N0x08ccfccc, 0x0cccfccc, 0x10ccfccc, 0x18ccfccc, 0x1cccfccc, 0x20ccfccc, 0x24ccfccc, 0x2cccfccc, 
N0x30ccfccc, 0x34ccfccc, 0x38ccfccc, 0x3cccfccc, 0x3cccfccc, 0x40ccfccc, 0x40ccfccc, 0x3cccfccc, 
N0x3cccfccc, 0x38ccfccc, 0x34ccfccc, 0x30ccfccc, 0x2cccfccc, 0x24ccfccc, 0x1cccfccc, 0x18ccfccc, 
N0x10ccfccc, 0x08ccfccc, 0x84ccfccc, 0xccfccc00, 0xfccc0005, 0xfccc04cc, 0xfccc00cc, 0xfccc00cc, 
N0xfccc04cc, 0xcc009bcc, 0x0010ccfc, 0x08ccfccc, 0x08ccfccc, 0x10ccfccc, 0x14ccfccc, 0x1cccfccc, 
N0x20ccfccc, 0x24ccfccc, 0x2cccfccc, 0x30ccfccc, 0x34ccfccc, 0x38ccfccc, 0x3cccfccc, 0x40ccfccc, 
N0x48ccfccc, 0x44ccfccc, 0x82ccfccc, 0xccfccc48, 0xfccc480c, 0xfccc44cc, 0xfccc40cc, 0xfccc3ccc, 
N0xfccc38cc, 0xfccc30cc, 0xfccc2ccc, 0xfccc28cc, 0xfccc1ccc, 0xfccc18cc, 0xfccc0ccc, 0xfccc08cc, 
N0xcc0089cc, 0x000eccfc, 0x04ccfccc, 0x00ccfccc, 0x00ccfccc, 0x04ccfccc, 0x00ccfccc, 0x00ccfccc, 
N0x04ccfccc, 0x00ccfccc, 0x00ccfccc, 0x04ccfccc, 0x00ccfccc, 0x00ccfccc, 0x04ccfccc, 0x83ccfccc, 
N0xccfccc00, 0xfccc0002, 0xfccc04cc, 0xcc0085cc, 0x0021ccfc, 0x04ccfccc, 0x08ccfccc, 0x10ccfccc, 
N0x10ccfccc, 0x1cccfccc, 0x1cccfccc, 0x24ccfccc, 0x28ccfccc, 0x30ccfccc, 0x30ccfccc, 0x38ccfccc, 
N0x3cccfccc, 0x40ccfccc, 0x44ccfccc, 0x4cccfccc, 0x50ccfccc, 0x50ccfccc, 0x54ccfccc, 0x54ccfccc, 
N0x50ccfccc, 0x50ccfccc, 0x4cccfccc, 0x48ccfccc, 0x40ccfccc, 0x3cccfccc, 0x34ccfccc, 0x2cccfccc, 
N0x28ccfccc, 0x1cccfccc, 0x14ccfccc, 0x0cccfccc, 0x04ccfccc, 0x82ccfccc, 0xccfccc00, 0xfccc0002, 
N0xfccc04cc, 0xcc0092cc, 0x0002ccfc, 0x04ccfccc, 0x86ccfccc, 0xccfccc00, 0xfccc0012, 0xfccc04cc, 
N0xfccc08cc, 0xfccc10cc, 0xfccc14cc, 0xfccc18cc, 0xfccc1ccc, 0xfccc24cc, 0xfccc28cc, 0xfccc2ccc, 
N0xfccc30cc, 0xfccc38cc, 0xfccc3ccc, 0xfccc40cc, 0xfccc44cc, 0xfccc4ccc, 0xfccc50cc, 0xfccc54cc, 
N0xcc5c84cc, 0x5c0dccfc, 0x58ccfccc, 0x54ccfccc, 0x50ccfccc, 0x48ccfccc, 0x44ccfccc, 0x3cccfccc, 
N0x30ccfccc, 0x2cccfccc, 0x24ccfccc, 0x18ccfccc, 0x10ccfccc, 0x08ccfccc, 0x85ccfccc, 0xccfccc00, 
N0xfccc0011, 0xfccc04cc, 0xfccc00cc, 0xfccc00cc, 0xfccc04cc, 0xfccc00cc, 0xfccc00cc, 0xfccc04cc, 
N0xfccc00cc, 0xfccc00cc, 0xfccc04cc, 0xfccc00cc, 0xfccc00cc, 0xfccc04cc, 0xfccc00cc, 0xfccc00cc, 
N0xfccc04cc, 0xcc0087cc, 0x0025ccfc, 0x08ccfccc, 0x0cccfccc, 0x10ccfccc, 0x14ccfccc, 0x1cccfccc, 
N0x20ccfccc, 0x28ccfccc, 0x28ccfccc, 0x30ccfccc, 0x34ccfccc, 0x3cccfccc, 0x40ccfccc, 0x44ccfccc, 
N0x48ccfccc, 0x50ccfccc, 0x54ccfccc, 0x5cccfccc, 0x5cccfccc, 0x60ccfccc, 0x64ccfccc, 0x68ccfccc, 
N0x68ccfccc, 0x64ccfccc, 0x64ccfccc, 0x5cccfccc, 0x58ccfccc, 0x50ccfccc, 0x48ccfccc, 0x40ccfccc, 
N0x3cccfccc, 0x30ccfccc, 0x28ccfccc, 0x20ccfccc, 0x14ccfccc, 0x0cccfccc, 0x04ccfccc, 0x9accfccc, 
N0xccfccc00, 0xfccc0016, 0xfccc04cc, 0xfccc0ccc, 0xfccc10cc, 0xfccc14cc, 0xfccc1ccc, 0xfccc20cc, 
N0xfccc24cc, 0xfccc28cc, 0xfccc30cc, 0xfccc34cc, 0xfccc38cc, 0xfccc3ccc, 0xfccc44cc, 0xfccc48cc, 
N0xfccc4ccc, 0xfccc54cc, 0xfccc58cc, 0xfccc5ccc, 0xfccc60cc, 0xfccc68cc, 0xfccc6ccc, 0xcc7082cc, 
N0x700fccfc, 0x94ccfccc, 0xeca8fca8, 0x645cfc5c, 0x60ccfccc, 0x58ccfccc, 0x50ccfccc, 0x48ccfccc, 
N0x3cccfccc, 0x34ccfccc, 0x2cccfccc, 0x24ccfccc, 0x1cccfccc, 0x10ccfccc, 0x04ccfccc, 0x82ccfccc, 
N0xccfccc00, 0xfccc0011, 0xfccc04cc, 0xfccc00cc, 0xfccc00cc, 0xfccc04cc, 0xfccc00cc, 0xfccc00cc, 
N0xfccc04cc, 0xfccc00cc, 0xfccc00cc, 0xfccc04cc, 0xfccc00cc, 0xfccc00cc, 0xfccc04cc, 0xfccc00cc, 
N0xfccc00cc, 0xfccc04cc, 0xcc0085cc, 0x0029ccfc, 0x04ccfccc, 0x08ccfccc, 0x10ccfccc, 0x14ccfccc, 
N0x18ccfccc, 0x1cccfccc, 0x24ccfccc, 0x28ccfccc, 0x2cccfccc, 0x30ccfccc, 0x38ccfccc, 0x3cccfccc, 
N0x44ccfccc, 0x44ccfccc, 0x4cccfccc, 0x50ccfccc, 0x58ccfccc, 0x5cccfccc, 0x60ccfccc, 0x64ccfccc, 
N0x68ccfccc, 0x70ccfccc, 0x74ccfccc, 0x78ccfccc, 0x88ccfccc, 0xe4bcfcbc, 0xfc5cfc5c, 0xfc50fc50, 
N0x708cfc8c, 0x64ccfccc, 0x5cccfccc, 0x54ccfccc, 0x4cccfccc, 0x44ccfccc, 0x3cccfccc, 0x30ccfccc, 
N0x28ccfccc, 0x1cccfccc, 0x14ccfccc, 0x08ccfccc, 0x96ccfccc, 0xccfccc00, 0xfccc002b, 0xfccc04cc, 
N0xfccc08cc, 0xfccc0ccc, 0xfccc14cc, 0xfccc18cc, 0xfccc1ccc, 0xfccc24cc, 0xfccc28cc, 0xfccc2ccc, 
N0xfccc30cc, 0xfccc38cc, 0xfccc3ccc, 0xfccc40cc, 0xfccc44cc, 0xfccc4ccc, 0xfccc50cc, 0xfccc54cc, 
N0xfccc5ccc, 0xfccc5ccc, 0xfccc64cc, 0xfccc68cc, 0xfccc70cc, 0xfccc74cc, 0xfccc78cc, 0xfccc80cc, 
N0xfc70d0cc, 0xfc50fc70, 0xfc58fc50, 0xfc50fc58, 0xfcacfc50, 0xfccc74ac, 0xfccc6ccc, 0xfccc64cc, 
N0xfccc5ccc, 0xfccc50cc, 0xfccc44cc, 0xfccc3ccc, 0xfccc34cc, 0xfccc28cc, 0xfccc20cc, 0xfccc14cc, 
N0xfccc0ccc, 0xcc0083cc, 0x000bccfc, 0x04ccfccc, 0x00ccfccc, 0x00ccfccc, 0x04ccfccc, 0x00ccfccc, 
N0x00ccfccc, 0x04ccfccc, 0x00ccfccc, 0x00ccfccc, 0x04ccfccc, 0x87ccfccc, 0xccfccc00, 0xfccc002d, 
N0xfccc08cc, 0xfccc0ccc, 0xfccc10cc, 0xfccc14cc, 0xfccc1ccc, 0xfccc20cc, 0xfccc24cc, 0xfccc2ccc, 
N0xfccc30cc, 0xfccc34cc, 0xfccc3ccc, 0xfccc3ccc, 0xfccc44cc, 0xfccc48cc, 0xfccc50cc, 0xfccc54cc, 
N0xfccc58cc, 0xfccc5ccc, 0xfccc64cc, 0xfccc68cc, 0xfccc6ccc, 0xfccc70cc, 0xfccc78cc, 0xfccc7ccc, 
N0xfc90b4cc, 0xfc4cfc90, 0xfc54fc4c, 0xfc58fc54, 0xfc50fc58, 0xfc94fc50, 0xfcb0fc94, 0xfccc78b0, 
N0xfccc70cc, 0xfccc68cc, 0xfccc5ccc, 0xfccc54cc, 0xfccc4ccc, 0xfccc40cc, 0xfccc34cc, 0xfccc2ccc, 
N0xfccc20cc, 0xfccc18cc, 0xfccc0ccc, 0xfccc04cc, 0xcc0092cc, 0x001dccfc, 0x04ccfccc, 0x0cccfccc, 
N0x10ccfccc, 0x14ccfccc, 0x18ccfccc, 0x20ccfccc, 0x24ccfccc, 0x28ccfccc, 0x30ccfccc, 0x30ccfccc, 
N0x38ccfccc, 0x3cccfccc, 0x44ccfccc, 0x48ccfccc, 0x4cccfccc, 0x50ccfccc, 0x58ccfccc, 0x5cccfccc, 
N0x60ccfccc, 0x64ccfccc, 0x6cccfccc, 0x70ccfccc, 0x78ccfccc, 0x78ccfccc, 0x9cccfccc, 0xf0acfcac, 
N0xfc50fc50, 0xfc58fc58, 0x8254fc54, 0x58fc58fc, 0xfc58fc10, 0xfca8fc58, 0xfcacfca8, 0xfccc7cac, 
N0xfccc74cc, 0xfccc68cc, 0xfccc60cc, 0xfccc58cc, 0xfccc48cc, 0xfccc40cc, 0xfccc38cc, 0xfccc2ccc, 
N0xfccc24cc, 0xfccc18cc, 0xfccc0ccc, 0xfccc04cc, 0xcc0083cc, 0x0008ccfc, 0x04ccfccc, 0x00ccfccc, 
N0x00ccfccc, 0x04ccfccc, 0x00ccfccc, 0x00ccfccc, 0x04ccfccc, 0x85ccfccc, 0xccfccc00, 0xfccc0033, 
N0xfccc04cc, 0xfccc08cc, 0xfccc0ccc, 0xfccc14cc, 0xfccc18cc, 0xfccc1ccc, 0xfccc24cc, 0xfccc28cc, 
N0xfccc2ccc, 0xfccc30cc, 0xfccc38cc, 0xfccc3ccc, 0xfccc40cc, 0xfccc48cc, 0xfccc4ccc, 0xfccc50cc, 
N0xfccc54cc, 0xfccc5ccc, 0xfccc60cc, 0xfccc64cc, 0xfccc68cc, 0xfccc70cc, 0xfccc74cc, 0xfccc78cc, 
N0xfcc088cc, 0xfc60e0c0, 0xfc50fc60, 0xfc58fc50, 0xfc54fc58, 0xfc58fc54, 0xfc58fc58, 0xfc4cfc58, 
N0xfca0fc4c, 0xfca4fca0, 0xfcb4fca4, 0xfccc80b4, 0xfccc74cc, 0xfccc68cc, 0xfccc60cc, 0xfccc54cc, 
N0xfccc4ccc, 0xfccc40cc, 0xfccc34cc, 0xfccc2ccc, 0xfccc24cc, 0xfccc18cc, 0xfccc0ccc, 0xfccc04cc, 
N0xfccc00cc, 0xfccc04cc, 0xcc008ccc, 0x001cccfc, 0x04ccfccc, 0x08ccfccc, 0x0cccfccc, 0x10ccfccc, 
N0x18ccfccc, 0x1cccfccc, 0x20ccfccc, 0x28ccfccc, 0x2cccfccc, 0x30ccfccc, 0x34ccfccc, 0x3cccfccc, 
N0x40ccfccc, 0x44ccfccc, 0x48ccfccc, 0x50ccfccc, 0x54ccfccc, 0x58ccfccc, 0x60ccfccc, 0x64ccfccc, 
N0x68ccfccc, 0x6cccfccc, 0x74ccfccc, 0x78ccfccc, 0x7cccfccc, 0xc8ccfccc, 0xfc78fc78, 0x824cfc4c, 
N0x58fc58fc, 0xfc58fc15, 0xfc54fc58, 0xfc58fc54, 0xfc54fc58, 0xfc6cfc54, 0xfca8fc6c, 0xfca4fca8, 
N0xfcacfca4, 0xfccc80ac, 0xfccc74cc, 0xfccc68cc, 0xfccc60cc, 0xfccc54cc, 0xfccc4ccc, 0xfccc40cc, 
N0xfccc38cc, 0xfccc2ccc, 0xfccc20cc, 0xfccc18cc, 0xfccc10cc, 0xfccc04cc, 0xcc0084cc, 0x0002ccfc, 
N0x04ccfccc, 0x87ccfccc, 0xccfccc00, 0xfccc0034, 0xfccc04cc, 0xfccc0ccc, 0xfccc10cc, 0xfccc18cc, 
N0xfccc1ccc, 0xfccc20cc, 0xfccc28cc, 0xfccc28cc, 0xfccc30cc, 0xfccc34cc, 0xfccc38cc, 0xfccc3ccc, 
N0xfccc44cc, 0xfccc48cc, 0xfccc4ccc, 0xfccc54cc, 0xfccc58cc, 0xfccc5ccc, 0xfccc64cc, 0xfccc68cc, 
N0xfccc6ccc, 0xfccc70cc, 0xfccc78cc, 0xfccc7ccc, 0xfc94accc, 0xfc4cfc94, 0xfc58fc4c, 0xfc58fc58, 
N0xfc54fc58, 0xfc58fc54, 0xfc54fc58, 0xfc58fc54, 0xfc58fc58, 0xfc4cfc58, 0xfca4fc4c, 0xfca8fca4, 
N0xfca4fca8, 0xfcb4fca4, 0xfccc80b4, 0xfccc74cc, 0xfccc6ccc, 0xfccc60cc, 0xfccc54cc, 0xfccc4ccc, 
N0xfccc40cc, 0xfccc38cc, 0xfccc2ccc, 0xfccc24cc, 0xfccc18cc, 0xfccc0ccc, 0xfccc04cc, 0xcc008bcc, 
N0x003bccfc, 0x04ccfccc, 0x08ccfccc, 0x10ccfccc, 0x14ccfccc, 0x18ccfccc, 0x1cccfccc, 0x24ccfccc, 
N0x28ccfccc, 0x2cccfccc, 0x34ccfccc, 0x38ccfccc, 0x3cccfccc, 0x44ccfccc, 0x48ccfccc, 0x4cccfccc, 
N0x50ccfccc, 0x58ccfccc, 0x5cccfccc, 0x60ccfccc, 0x64ccfccc, 0x6cccfccc, 0x6cccfccc, 0x74ccfccc, 
N0x78ccfccc, 0x98ccfccc, 0xecb4fcb4, 0xfc54fc54, 0xfc54fc54, 0xfc58fc58, 0xfc54fc54, 0xfc58fc58, 
N0xfc58fc58, 0xfc54fc54, 0xfc58fc58, 0xfc54fc54, 0xfc54fc54, 0xfc80fc80, 0xfca8fca8, 0xfca4fca4, 
N0xfca8fca8, 0x80a8fca8, 0x74ccfccc, 0x68ccfccc, 0x60ccfccc, 0x58ccfccc, 0x4cccfccc, 0x40ccfccc, 
N0x34ccfccc, 0x2cccfccc, 0x24ccfccc, 0x18ccfccc, 0x10ccfccc, 0x04ccfccc, 0x00ccfccc, 0x04ccfccc, 
N0x00ccfccc, 0x00ccfccc, 0x04ccfccc, 0x84ccfccc, 0xccfccc00, 0xfccc001c, 0xfccc04cc, 0xfccc08cc, 
N0xfccc0ccc, 0xfccc14cc, 0xfccc18cc, 0xfccc1ccc, 0xfccc24cc, 0xfccc28cc, 0xfccc2ccc, 0xfccc30cc, 
N0xfccc38cc, 0xfccc3ccc, 0xfccc40cc, 0xfccc44cc, 0xfccc4ccc, 0xfccc50cc, 0xfccc54cc, 0xfccc5ccc, 
N0xfccc60cc, 0xfccc64cc, 0xfccc68cc, 0xfccc70cc, 0xfccc74cc, 0xfccc78cc, 0xfcc484cc, 0xfc64dcc4, 
N0xfc50fc64, 0x58fc8350, 0xfc1958fc, 0xfc58fc58, 0xfc54fc54, 0xfc58fc58, 0xfc54fc54, 0xfc58fc58, 
N0xfc58fc58, 0xfc50fc50, 0xfca4fca4, 0xfca8fca8, 0xfca4fca4, 0xfca4fca4, 0x80b4fcb4, 0x74ccfccc, 
N0x68ccfccc, 0x60ccfccc, 0x54ccfccc, 0x4cccfccc, 0x40ccfccc, 0x38ccfccc, 0x2cccfccc, 0x24ccfccc, 
N0x18ccfccc, 0x0cccfccc, 0x04ccfccc, 0x88ccfccc, 0xccfccc00, 0xfccc0020, 0xfccc08cc, 0xfccc0ccc, 
N0xfccc10cc, 0xfccc18cc, 0xfccc1ccc, 0xfccc20cc, 0xfccc28cc, 0xfccc28cc, 0xfccc30cc, 0xfccc38cc, 
N0xfccc38cc, 0xfccc40cc, 0xfccc44cc, 0xfccc48cc, 0xfccc50cc, 0xfccc54cc, 0xfccc5ccc, 0xfccc5ccc, 
N0xfccc64cc, 0xfccc68cc, 0xfccc6ccc, 0xfccc70cc, 0xfccc78cc, 0xfccc7ccc, 0xfc80c4cc, 0xfc4cfc80, 
N0xfc54fc4c, 0xfc58fc54, 0xfc54fc58, 0xfc58fc54, 0xfc54fc58, 0x58fc8354, 0xfc1658fc, 0xfc58fc58, 
N0xfc54fc54, 0xfc50fc50, 0xfc94fc94, 0xfca4fca4, 0xfca8fca8, 0xfca4fca4, 0xfca8fca8, 0x80acfcac, 
N0x74ccfccc, 0x68ccfccc, 0x60ccfccc, 0x54ccfccc, 0x4cccfccc, 0x40ccfccc, 0x38ccfccc, 0x2cccfccc, 
N0x24ccfccc, 0x18ccfccc, 0x0cccfccc, 0x04ccfccc, 0x86ccfccc, 0xccfccc00, 0xfccc001b, 0xfccc04cc, 
N0xfccc0ccc, 0xfccc10cc, 0xfccc14cc, 0xfccc18cc, 0xfccc20cc, 0xfccc28cc, 0xfccc28cc, 0xfccc30cc, 
N0xfccc34cc, 0xfccc3ccc, 0xfccc3ccc, 0xfccc44cc, 0xfccc48cc, 0xfccc4ccc, 0xfccc54cc, 0xfccc58cc, 
N0xfccc5ccc, 0xfccc60cc, 0xfccc68cc, 0xfccc6ccc, 0xfccc70cc, 0xfccc78cc, 0xfccc7ccc, 0xfc9ca8cc, 
N0xfc4cf89c, 0x58fc844c, 0xfc1c58fc, 0xfc58fc58, 0xfc54fc54, 0xfc58fc58, 0xfc58fc58, 0xfc54fc54, 
N0xfc58fc58, 0xfc54fc54, 0xfc58fc58, 0xfc58fc58, 0xfca8fca8, 0xfca4fca4, 0xfca8fca8, 0xfca4fca4, 
N0xfca4fca4, 0x80b0fcb0, 0x74ccfccc, 0x6cccfccc, 0x60ccfccc, 0x54ccfccc, 0x4cccfccc, 0x40ccfccc, 
N0x34ccfccc, 0x2cccfccc, 0x24ccfccc, 0x18ccfccc, 0x0cccfccc, 0x04ccfccc, 0x85ccfccc, 0xccfccc00, 
N0xfccc003c, 0xfccc08cc, 0xfccc10cc, 0xfccc14cc, 0xfccc18cc, 0xfccc20cc, 0xfccc24cc, 0xfccc28cc, 
N0xfccc2ccc, 0xfccc34cc, 0xfccc38cc, 0xfccc3ccc, 0xfccc40cc, 0xfccc48cc, 0xfccc4ccc, 0xfccc50cc, 
N0xfccc58cc, 0xfccc5ccc, 0xfccc60cc, 0xfccc64cc, 0xfccc6ccc, 0xfccc70cc, 0xfccc74cc, 0xfccc78cc, 
N0xfcbc90cc, 0xfc58e8bc, 0xfc54fc58, 0xfc58fc54, 0xfc54fc58, 0xfc58fc54, 0xfc54fc58, 0xfc58fc54, 
N0xfc54fc58, 0xfc58fc54, 0xfc54fc58, 0xfc58fc54, 0xfc58fc58, 0xfc54fc58, 0xfc58fc54, 0xfc4cfc58, 
N0xfca0fc4c, 0xfca4fca0, 0xfca4fca4, 0xfca8fca4, 0xfca4fca8, 0xfca8fca4, 0xfcacfca8, 0xfccc80ac, 
N0xfccc74cc, 0xfccc68cc, 0xfccc60cc, 0xfccc58cc, 0xfccc4ccc, 0xfccc40cc, 0xfccc38cc, 0xfccc2ccc, 
N0xfccc20cc, 0xfccc18cc, 0xfccc10cc, 0xfccc04cc, 0xcc0083cc, 0x0020ccfc, 0x04ccfccc, 0x08ccfccc, 
N0x10ccfccc, 0x18ccfccc, 0x1cccfccc, 0x20ccfccc, 0x28ccfccc, 0x2cccfccc, 0x30ccfccc, 0x38ccfccc, 
N0x3cccfccc, 0x40ccfccc, 0x44ccfccc, 0x4cccfccc, 0x50ccfccc, 0x54ccfccc, 0x5cccfccc, 0x60ccfccc, 
N0x64ccfccc, 0x68ccfccc, 0x70ccfccc, 0x74ccfccc, 0x78ccfccc, 0x80ccfccc, 0xd4c8fcc8, 0xfc68fc68, 
N0xfc50fc50, 0xfc58fc58, 0xfc54fc54, 0xfc58fc58, 0xfc58fc58, 0x8454fc54, 0x58fc58fc, 0xfc58fc1a, 
N0xfc54fc58, 0xfc58fc54, 0xfc54fc58, 0xfc58fc54, 0xfc6cfc58, 0xfca8fc6c, 0xfca4fca8, 0xfca8fca4, 
N0xfca4fca8, 0xfca8fca4, 0xfca4fca8, 0xfcb4fca4, 0xfccc80b4, 0xfccc74cc, 0xfccc68cc, 0xfccc60cc, 
N0xfccc54cc, 0xfccc4ccc, 0xfccc40cc, 0xfccc38cc, 0xfccc2ccc, 0xfccc24cc, 0xfccc18cc, 0xfccc0ccc, 
N0xfccc04cc, 0xcc0083cc, 0x0025ccfc, 0x08ccfccc, 0x10ccfccc, 0x18ccfccc, 0x1cccfccc, 0x24ccfccc, 
N0x2cccfccc, 0x30ccfccc, 0x34ccfccc, 0x3cccfccc, 0x3cccfccc, 0x44ccfccc, 0x48ccfccc, 0x50ccfccc, 
N0x54ccfccc, 0x58ccfccc, 0x5cccfccc, 0x64ccfccc, 0x68ccfccc, 0x70ccfccc, 0x70ccfccc, 0x78ccfccc, 
N0x7cccfccc, 0xbcccfccc, 0xfc88fc88, 0xfc4cfc4c, 0xfc58fc58, 0xfc54fc54, 0xfc58fc58, 0xfc58fc58, 
N0xfc54fc54, 0xfc58fc58, 0xfc58fc58, 0xfc54fc54, 0xfc58fc58, 0xfc54fc54, 0xfc58fc58, 0x8254fc54, 
N0x58fc58fc, 0xfc58fc17, 0xfc4cfc58, 0xfca4fc4c, 0xfca4fca4, 0xfca8fca4, 0xfca4fca8, 0xfca4fca4, 
N0xfca8fca4, 0xfca4fca8, 0xfcacfca4, 0xfccc80ac, 0xfccc74cc, 0xfccc68cc, 0xfccc60cc, 0xfccc54cc, 
N0xfccc4ccc, 0xfccc40cc, 0xfccc34cc, 0xfccc2ccc, 0xfccc24cc, 0xfccc18cc, 0xfccc10cc, 0xfccc04cc, 
N0xcc0082cc, 0x0023ccfc, 0x08ccfccc, 0x10ccfccc, 0x18ccfccc, 0x20ccfccc, 0x28ccfccc, 0x2cccfccc, 
N0x30ccfccc, 0x38ccfccc, 0x3cccfccc, 0x40ccfccc, 0x48ccfccc, 0x50ccfccc, 0x50ccfccc, 0x58ccfccc, 
N0x5cccfccc, 0x60ccfccc, 0x68ccfccc, 0x6cccfccc, 0x70ccfccc, 0x74ccfccc, 0x78ccfccc, 0xa0ccfccc, 
N0xf4a4fca4, 0xfc50fc50, 0xfc58fc58, 0xfc58fc58, 0xfc54fc54, 0xfc58fc58, 0xfc58fc58, 0xfc54fc54, 
N0xfc58fc58, 0xfc58fc58, 0xfc54fc54, 0xfc58fc58, 0x8254fc54, 0x58fc58fc, 0xfc58fc3b, 0xfc54fc58, 
N0xfc58fc54, 0xfc54fc58, 0xfc80fc54, 0xfca4fc80, 0xfca8fca4, 0xfca4fca8, 0xfca4fca4, 0xfca8fca4, 
N0xfca4fca8, 0xfca4fca4, 0xfcb0fca4, 0xfccc80b0, 0xfccc74cc, 0xfccc6ccc, 0xfccc60cc, 0xfccc54cc, 
N0xfccc4ccc, 0xfccc40cc, 0xfccc38cc, 0xfccc2ccc, 0xfccc24cc, 0xfccc18cc, 0xfccc0ccc, 0xfccc04cc, 
N0xfccc00cc, 0xfccc00cc, 0xfccc04cc, 0xfccc0ccc, 0xfccc14cc, 0xfccc20cc, 0xfccc24cc, 0xfccc2ccc, 
N0xfccc34cc, 0xfccc3ccc, 0xfccc40cc, 0xfccc48cc, 0xfccc4ccc, 0xfccc50cc, 0xfccc58cc, 0xfccc5ccc, 
N0xfccc60cc, 0xfccc64cc, 0xfccc6ccc, 0xfccc70cc, 0xfccc74cc, 0xfccc78cc, 0xfcc08ccc, 0xfc5ce4c0, 
N0xfc54fc5c, 0xfc58fc54, 0xfc54fc58, 0xfc58fc54, 0xfc58fc58, 0xfc54fc58, 0xfc58fc54, 0xfc58fc58, 
N0xfc54fc58, 0x58fc8354, 0xfc4b58fc, 0xfc58fc58, 0xfc54fc54, 0xfc58fc58, 0xfc54fc54, 0xfc58fc58, 
N0xfc58fc58, 0xfc50fc50, 0xfca8fca8, 0xfca4fca4, 0xfca4fca4, 0xfca8fca8, 0xfca4fca4, 0xfca8fca8, 
N0xfca4fca4, 0xfca8fca8, 0x80acfcac, 0x74ccfccc, 0x68ccfccc, 0x60ccfccc, 0x58ccfccc, 0x4cccfccc, 
N0x40ccfccc, 0x38ccfccc, 0x2cccfccc, 0x24ccfccc, 0x18ccfccc, 0x0cccfccc, 0x04ccfccc, 0x00ccfccc, 
N0x00ccfccc, 0x08ccfccc, 0x14ccfccc, 0x1cccfccc, 0x24ccfccc, 0x2cccfccc, 0x34ccfccc, 0x3cccfccc, 
N0x44ccfccc, 0x48ccfccc, 0x50ccfccc, 0x54ccfccc, 0x58ccfccc, 0x5cccfccc, 0x64ccfccc, 0x68ccfccc, 
N0x6cccfccc, 0x74ccfccc, 0x78ccfccc, 0x7cccfccc, 0xd0ccfccc, 0xfc70fc70, 0xfc50fc50, 0xfc58fc58, 
N0xfc58fc58, 0xfc54fc54, 0xfc58fc58, 0xfc58fc58, 0xfc54fc54, 0xfc58fc58, 0xfc58fc58, 0xfc54fc54, 
N0xfc58fc58, 0xfc58fc58, 0xfc54fc54, 0xfc58fc58, 0xfc54fc54, 0xfc58fc58, 0xfc54fc54, 0xfc58fc58, 
N0xfc58fc58, 0xfc50fc50, 0xfc94fc94, 0xfca4fca4, 0xfca4fca4, 0x82a8fca8, 0xa4fca4fc, 0xfca4fc7f, 
N0xfca8fca4, 0xfca4fca8, 0xfcb0fca4, 0xfccc80b0, 0xfccc74cc, 0xfccc68cc, 0xfccc60cc, 0xfccc54cc, 
N0xfccc4ccc, 0xfccc40cc, 0xfccc34cc, 0xfccc2ccc, 0xfccc24cc, 0xfccc18cc, 0xfccc0ccc, 0xfccc04cc, 
N0xfccc00cc, 0xfccc08cc, 0xfccc0ccc, 0xfccc18cc, 0xfccc20cc, 0xfccc28cc, 0xfccc30cc, 0xfccc3ccc, 
N0xfccc44cc, 0xfccc48cc, 0xfccc50cc, 0xfccc58cc, 0xfccc5ccc, 0xfccc64cc, 0xfccc68cc, 0xfccc6ccc, 
N0xfccc74cc, 0xfccc78cc, 0xfccc7ccc, 0xfc94b4cc, 0xfc4cf894, 0xfc58fc4c, 0xfc58fc58, 0xfc54fc58, 
N0xfc58fc54, 0xfc58fc58, 0xfc54fc58, 0xfc58fc54, 0xfc58fc58, 0xfc54fc58, 0xfc58fc54, 0xfc58fc58, 
N0xfc54fc58, 0xfc58fc54, 0xfc58fc58, 0xfc54fc58, 0xfc58fc54, 0xfc58fc58, 0xfc54fc58, 0xfc58fc54, 
N0xfc54fc58, 0xfc5cfc54, 0xfca4fc5c, 0xfca8fca4, 0xfca4fca8, 0xfca8fca4, 0xfca4fca8, 0xfca8fca4, 
N0xfca4fca8, 0xfca4fca4, 0xfca8fca4, 0xfcacfca8, 0xfccc80ac, 0xfccc74cc, 0xfccc68cc, 0xfccc60cc, 
N0xfccc54cc, 0xfccc4ccc, 0xfccc40cc, 0xfccc38cc, 0xfccc2ccc, 0xfccc20cc, 0xfccc18cc, 0xfccc10cc, 
N0xfccc04cc, 0xfccc00cc, 0xfccc08cc, 0xfccc10cc, 0xfccc1ccc, 0xfccc28cc, 0xfccc2ccc, 0xfccc38cc, 
N0xfccc40cc, 0xfccc48cc, 0xfccc50cc, 0xfccc58cc, 0xfccc60cc, 0xfccc64cc, 0xfccc6ccc, 0xfccc70cc, 
N0xfccc74cc, 0xfccc78cc, 0xfcac98cc, 0xfc50f0ac, 0xfc54fc50, 0xfc58fc54, 0xfc58fc58, 0xfc54fc58, 
N0xfc58fc54, 0xfc58fc58, 0xfc54fc58, 0xfc58fc54, 0xfc58fc58, 0xfc54fc58, 0xfc58fc54, 0xfc58fc58, 
N0xfc54fc58, 0xfc58fc54, 0xfc58fc58, 0xfc54fc58, 0xfc58fc54, 0xfc58fc58, 0xfc54fc58, 0xfc58fc54, 
N0xfc58fc58, 0xfc4cfc58, 0xfca0fc4c, 0xfca4fca0, 0xfca8fca4, 0xfca4fca8, 0xa4fc7fa4, 0xa8fca4fc, 
N0xa4fca8fc, 0xa4fca4fc, 0xa8fca4fc, 0xa4fca8fc, 0xb0fca4fc, 0xcc80b0fc, 0xcc74ccfc, 0xcc6cccfc, 
N0xcc60ccfc, 0xcc54ccfc, 0xcc4cccfc, 0xcc40ccfc, 0xcc38ccfc, 0xcc2cccfc, 0xcc24ccfc, 0xcc18ccfc, 
N0xcc0cccfc, 0xcc04ccfc, 0xcc00ccfc, 0xcc0cccfc, 0xcc14ccfc, 0xcc20ccfc, 0xcc28ccfc, 0xcc34ccfc, 
N0xcc3cccfc, 0xcc44ccfc, 0xcc50ccfc, 0xcc58ccfc, 0xcc60ccfc, 0xcc64ccfc, 0xcc70ccfc, 0xcc74ccfc, 
N0xcc78ccfc, 0xc488ccfc, 0x60e0c4fc, 0x54fc60fc, 0x54fc54fc, 0x58fc54fc, 0x54fc58fc, 0x58fc54fc, 
N0x58fc58fc, 0x54fc58fc, 0x58fc54fc, 0x58fc58fc, 0x54fc58fc, 0x58fc54fc, 0x58fc58fc, 0x54fc58fc, 
N0x58fc54fc, 0x58fc58fc, 0x54fc58fc, 0x58fc54fc, 0x58fc58fc, 0x54fc58fc, 0x58fc54fc, 0x58fc58fc, 
N0x54fc58fc, 0x58fc54fc, 0x6cfc58fc, 0xa8fc6cfc, 0xa4fca8fc, 0xa4fca4fc, 0xa8fca4fc, 0xa4fca8fc, 
N0xa4fca4fc, 0xa8fca4fc, 0xa4fca8fc, 0xa4fca4fc, 0xa8fca4fc, 0xacfca8fc, 0xcc80acfc, 0xcc74ccfc, 
N0xcc68ccfc, 0xcc60ccfc, 0xcc58ccfc, 0xcc4cccfc, 0xcc40ccfc, 0xcc34ccfc, 0xcc2cccfc, 0xcc24ccfc, 
N0xcc18ccfc, 0xcc10ccfc, 0xcc04ccfc, 0xcc04ccfc, 0xcc0cccfc, 0xcc18ccfc, 0xcc24ccfc, 0xcc2cccfc, 
N0xcc34ccfc, 0xcc40ccfc, 0xcc48ccfc, 0xcc50ccfc, 0xcc5cccfc, 0xcc64ccfc, 0xcc70ccfc, 0xcc74ccfc, 
N0xcc7cccfc, 0x78c8ccfc, 0x50fc78fc, 0x54fc50fc, 0x58fc54fc, 0x58fc58fc, 0x54fc58fc, 0x58fc54fc, 
N0x58fc58fc, 0x54fc58fc, 0x58fc54fc, 0x58fc58fc, 0x54fc58fc, 0x58fc54fc, 0x58fc58fc, 0x54fc58fc, 
N0x58fc54fc, 0x58fc58fc, 0x54fc58fc, 0x58fc54fc, 0x58fc58fc, 0x54fc58fc, 0x58fc54fc, 0x58fc58fc, 
N0x54fc58fc, 0x58fc54fc, 0x48fc58fc, 0xa8fc48fc, 0xa4fca8fc, 0xfc7fa4fc, 0xfca4fca4, 0xfca8fca8, 
N0xfca4fca4, 0xfca4fca4, 0xfca8fca8, 0xfca4fca4, 0xfca4fca4, 0xfca8fca8, 0xfca4fca4, 0x80b0fcb0, 
N0x74ccfccc, 0x68ccfccc, 0x60ccfccc, 0x54ccfccc, 0x4cccfccc, 0x40ccfccc, 0x38ccfccc, 0x2cccfccc, 
N0x24ccfccc, 0x18ccfccc, 0x0cccfccc, 0x04ccfccc, 0x04ccfccc, 0x10ccfccc, 0x18ccfccc, 0x24ccfccc, 
N0x2cccfccc, 0x38ccfccc, 0x44ccfccc, 0x4cccfccc, 0x58ccfccc, 0x60ccfccc, 0x68ccfccc, 0x74ccfccc, 
N0xa8ccfccc, 0xf89cfc9c, 0xfc50fc50, 0xfc54fc54, 0xfc58fc58, 0xfc58fc58, 0xfc54fc54, 0xfc58fc58, 
N0xfc58fc58, 0xfc54fc54, 0xfc58fc58, 0xfc58fc58, 0xfc54fc54, 0xfc58fc58, 0xfc58fc58, 0xfc54fc54, 
N0xfc58fc58, 0xfc58fc58, 0xfc54fc54, 0xfc58fc58, 0xfc58fc58, 0xfc54fc54, 0xfc58fc58, 0xfc58fc58, 
N0xfc54fc54, 0xfc58fc58, 0xfc58fc58, 0xfc54fc54, 0xfc84fc84, 0xfca4fca4, 0xfca8fca8, 0xfca4fca4, 
N0xfca4fca4, 0xfca8fca8, 0xfca4fca4, 0xfca4fca4, 0xfca8fca8, 0xfca4fca4, 0xfca4fca4, 0xfca8fca8, 
N0x80acfcac, 0x74ccfccc, 0x68ccfccc, 0x60ccfccc, 0x54ccfccc, 0x4cccfccc, 0x40ccfccc, 0x38ccfccc, 
N0x2cccfccc, 0x24ccfccc, 0x18ccfccc, 0x0cccfccc, 0x04ccfccc, 0x04ccfccc, 0x10ccfccc, 0x18ccfccc, 
N0x24ccfccc, 0x30ccfccc, 0x38ccfccc, 0x40ccfccc, 0x50ccfccc, 0x58ccfccc, 0x60ccfccc, 0x84ccfccc, 
N0xe8b8fcb8, 0xfc54fc54, 0xfc54fc54, 0xfc54fc54, 0xfc58fc58, 0xfc54fc54, 0xfc58fc58, 0xfc54fc54, 
N0xfc58fc58, 0xfc54fc54, 0xfc58fc58, 0xfc54fc54, 0xfc58fc58, 0xfc54fc54, 0xfc58fc58, 0xfc54fc54, 
N0xfc58fc58, 0xfc54fc54, 0xfc58fc58, 0xfc54fc54, 0xfc58fc58, 0xfc54fc54, 0xfc58fc58, 0xfc54fc54, 
N0xfc58fc58, 0xfc54fc54, 0xfc58fc58, 0xfc54fc54, 0x0150fc50, 0xa8fca8fc, 0xfca4fc82, 0xa4fc22a4, 
N0xa8fca4fc, 0xa4fca8fc, 0xa4fca4fc, 0xa8fca4fc, 0xa4fca8fc, 0xa4fca4fc, 0xa8fca4fc, 0xa4fca8fc, 
N0xb0fca4fc, 0xcc80b0fc, 0xcc74ccfc, 0xcc6cccfc, 0xcc60ccfc, 0xcc54ccfc, 0xcc4cccfc, 0xcc40ccfc, 
N0xcc34ccfc, 0xcc2cccfc, 0xcc24ccfc, 0xcc18ccfc, 0xcc0cccfc, 0xcc04ccfc, 0xcc08ccfc, 0xcc10ccfc, 
N0xcc1cccfc, 0xcc28ccfc, 0xcc30ccfc, 0xcc38ccfc, 0xcc44ccfc, 0xcc4cccfc, 0xcc58ccfc, 0xcc74ccfc, 
N0x48f0ccfc, 0xfc9a48fc, 0x2a28fc28, 0x28fc28fc, 0x88fc88fc, 0xa8fca8fc, 0xa4fca4fc, 0xa8fca8fc, 
N0xa4fca4fc, 0xa4fca4fc, 0xa8fca8fc, 0xa4fca4fc, 0xa8fca8fc, 0xa4fca4fc, 0xa8fca8fc, 0xa4fca4fc, 
N0xa8fca8fc, 0xacfcacfc, 0xccfccc80, 0xccfccc74, 0xccfccc68, 0xccfccc60, 0xccfccc58, 0xccfccc4c, 
N0xccfccc40, 0xccfccc38, 0xccfccc2c, 0xccfccc20, 0xccfccc18, 0xccfccc10, 0xccfccc04, 0xccfccc04, 
N0xccfccc10, 0xccfccc1c, 0xccfccc24, 0xccfccc2c, 0xccfccc38, 0xccfccc44, 0xccfccc50, 0xccfccc58, 
N0xccfccc60, 0xccfccc70, 0x7cfc7cc0, 0x14fc14fc, 0x04fc04fc, 0xfc00fc97, 0x00fc0700, 0x40fc00fc, 
N0xa4fc40fc, 0xa8fca4fc, 0xa4fca8fc, 0xa4fca4fc, 0xa8fca4fc, 0xfc82a8fc, 0x02a4fca4, 0xa4fca4fc, 
N0xa8fca8fc, 0xfca4fc82, 0xa4fc1da4, 0xb4fca4fc, 0xcc80b4fc, 0xcc74ccfc, 0xcc68ccfc, 0xcc60ccfc, 
N0xcc54ccfc, 0xcc4cccfc, 0xcc40ccfc, 0xcc38ccfc, 0xcc2cccfc, 0xcc24ccfc, 0xcc18ccfc, 0xcc0cccfc, 
N0xcc04ccfc, 0xcc04ccfc, 0xcc10ccfc, 0xcc18ccfc, 0xcc24ccfc, 0xcc30ccfc, 0xcc38ccfc, 0xcc40ccfc, 
N0xcc4cccfc, 0xcc58ccfc, 0xcc60ccfc, 0xcc68ccfc, 0xcc74ccfc, 0xcc8cccfc, 0x58d4ccfc, 0xfc9858fc, 
N0x2c00fc00, 0x00fc00fc, 0x88fc88fc, 0xa4fca4fc, 0xa8fca8fc, 0xa4fca4fc, 0xa8fca8fc, 0xa4fca4fc, 
N0xa8fca8fc, 0xa4fca4fc, 0xa8fca8fc, 0xa4fca4fc, 0xa8fca8fc, 0xa4fca4fc, 0xacfcacfc, 0xccfccc80, 
N0xccfccc74, 0xccfccc68, 0xccfccc60, 0xccfccc54, 0xccfccc4c, 0xccfccc40, 0xccfccc34, 0xccfccc2c, 
N0xccfccc24, 0xccfccc18, 0xccfccc10, 0xccfccc04, 0xccfccc04, 0xccfccc0c, 0xccfccc18, 0xccfccc24, 
N0xccfccc2c, 0xccfccc34, 0xccfccc40, 0xccfccc48, 0xccfccc50, 0xccfccc5c, 0xccfccc64, 0xccfccc6c, 
N0xccfccc74, 0xccfccc7c, 0xb4fcb4a4, 0x3cfc3ce8, 0x08fc08fc, 0xfc00fc95, 0x00fc0700, 0x28fc00fc, 
N0xa4fc28fc, 0xa8fca4fc, 0xa4fca8fc, 0xa4fca4fc, 0xa8fca4fc, 0xfc82a8fc, 0x24a4fca4, 0xa4fca4fc, 
N0xa8fca8fc, 0xa4fca4fc, 0xa4fca4fc, 0xb0fcb0fc, 0xccfccc80, 0xccfccc74, 0xccfccc6c, 0xccfccc60, 
N0xccfccc54, 0xccfccc4c, 0xccfccc40, 0xccfccc38, 0xccfccc2c, 0xccfccc24, 0xccfccc18, 0xccfccc0c, 
N0xccfccc04, 0xccfccc00, 0xccfccc0c, 0xccfccc14, 0xccfccc1c, 0xccfccc28, 0xccfccc30, 0xccfccc3c, 
N0xccfccc44, 0xccfccc50, 0xccfccc58, 0xccfccc5c, 0xccfccc68, 0xccfccc70, 0xccfccc74, 0xccfccc78, 
N0xccfccc80, 0xa0fca0b4, 0x14fc14f4, 0xfc00fc95, 0x00fc2e00, 0x70fc00fc, 0xa4fc70fc, 0xa8fca4fc, 
N0xa4fca8fc, 0xa8fca4fc, 0xa4fca8fc, 0xa8fca4fc, 0xa4fca8fc, 0xa8fca4fc, 0xa4fca8fc, 0xa8fca4fc, 
N0xacfca8fc, 0xcc80acfc, 0xcc74ccfc, 0xcc68ccfc, 0xcc60ccfc, 0xcc58ccfc, 0xcc4cccfc, 0xcc40ccfc, 
N0xcc38ccfc, 0xcc2cccfc, 0xcc24ccfc, 0xcc18ccfc, 0xcc0cccfc, 0xcc04ccfc, 0xcc00ccfc, 0xcc08ccfc, 
N0xcc10ccfc, 0xcc1cccfc, 0xcc24ccfc, 0xcc30ccfc, 0xcc38ccfc, 0xcc40ccfc, 0xcc48ccfc, 0xcc50ccfc, 
N0xcc58ccfc, 0xcc60ccfc, 0xcc64ccfc, 0xcc68ccfc, 0xcc70ccfc, 0xcc78ccfc, 0xcc78ccfc, 0xcc88ccfc, 
N0x74c8ccfc, 0x10fc74fc, 0xfc9310fc, 0x0700fc00, 0x00fc00fc, 0x18fc18fc, 0xa0fca0fc, 0xa8fca8fc, 
N0xa4fca4fc, 0xa4fca4fc, 0xa8fca8fc, 0xfca4fc82, 0xa4fc26a4, 0xa8fca4fc, 0xa4fca8fc, 0xb0fca4fc, 
N0xcc80b0fc, 0xcc74ccfc, 0xcc68ccfc, 0xcc60ccfc, 0xcc54ccfc, 0xcc4cccfc, 0xcc40ccfc, 0xcc34ccfc, 
N0xcc2cccfc, 0xcc24ccfc, 0xcc18ccfc, 0xcc0cccfc, 0xcc04ccfc, 0xcc00ccfc, 0xcc04ccfc, 0xcc0cccfc, 
N0xcc18ccfc, 0xcc20ccfc, 0xcc28ccfc, 0xcc30ccfc, 0xcc38ccfc, 0xcc44ccfc, 0xcc48ccfc, 0xcc50ccfc, 
N0xcc58ccfc, 0xcc5cccfc, 0xcc64ccfc, 0xcc64ccfc, 0xcc6cccfc, 0xcc70ccfc, 0xcc78ccfc, 0xcc7cccfc, 
N0xcc94ccfc, 0x4cdcccfc, 0xfc934cfc, 0x3100fc00, 0x00fc00fc, 0x58fc58fc, 0xa4fca4fc, 0xa8fca8fc, 
N0xa4fca4fc, 0xa8fca8fc, 0xa4fca4fc, 0xa8fca8fc, 0xa4fca4fc, 0xa4fca4fc, 0xa8fca8fc, 0xacfcacfc, 
N0xccfccc80, 0xccfccc74, 0xccfccc68, 0xccfccc60, 0xccfccc54, 0xccfccc4c, 0xccfccc40, 0xccfccc38, 
N0xccfccc2c, 0xccfccc20, 0xccfccc18, 0xccfccc10, 0xccfccc04, 0xccfccc00, 0xccfccc00, 0xccfccc08, 
N0xccfccc14, 0xccfccc1c, 0xccfccc24, 0xccfccc2c, 0xccfccc34, 0xccfccc3c, 0xccfccc40, 0xccfccc48, 
N0xccfccc50, 0xccfccc54, 0xccfccc58, 0xccfccc60, 0xccfccc64, 0xccfccc68, 0xccfccc6c, 0xccfccc70, 
N0xccfccc78, 0xccfccc7c, 0xacfcaca8, 0x34fc34ec, 0x08fc08fc, 0xfc00fc90, 0x00fc3200, 0x08fc00fc, 
N0x94fc08fc, 0xa8fc94fc, 0xa4fca8fc, 0xa4fca4fc, 0xa8fca4fc, 0xa4fca8fc, 0xa4fca4fc, 0xa8fca4fc, 
N0xa4fca8fc, 0xb0fca4fc, 0xcc80b0fc, 0xcc74ccfc, 0xcc6cccfc, 0xcc60ccfc, 0xcc54ccfc, 0xcc4cccfc, 
N0xcc40ccfc, 0xcc38ccfc, 0xcc2cccfc, 0xcc24ccfc, 0xcc18ccfc, 0xcc0cccfc, 0xcc04ccfc, 0xcc00ccfc, 
N0xcc00ccfc, 0xcc04ccfc, 0xcc0cccfc, 0xcc14ccfc, 0xcc1cccfc, 0xcc24ccfc, 0xcc30ccfc, 0xcc30ccfc, 
N0xcc3cccfc, 0xcc40ccfc, 0xcc44ccfc, 0xcc4cccfc, 0xcc50ccfc, 0xcc54ccfc, 0xcc5cccfc, 0xcc60ccfc, 
N0xcc64ccfc, 0xcc68ccfc, 0xcc70ccfc, 0xcc74ccfc, 0xcc78ccfc, 0xcc80ccfc, 0x94bcccfc, 0x10f894fc, 
N0xfc9010fc, 0x1800fc00, 0x00fc00fc, 0x40fc40fc, 0xa4fca4fc, 0xa8fca8fc, 0xa4fca4fc, 0xa4fca4fc, 
N0xa8fca8fc, 0xa4fca4fc, 0xa4fca4fc, 0xa8fca8fc, 0xacfcacfc, 0xccfccc80, 0xccfccc74, 0xccfccc68, 
N0xccfccc60, 0xccfccc58, 0xccfccc4c, 0xccfccc40, 0xccfccc34, 0xccfccc2c, 0xccfccc24, 0xccfccc18, 
N0xccfccc10, 0xccfccc04, 0xfccc0082, 0xcc0019cc, 0xcc08ccfc, 0xcc10ccfc, 0xcc18ccfc, 0xcc20ccfc, 
N0xcc24ccfc, 0xcc2cccfc, 0xcc30ccfc, 0xcc38ccfc, 0xcc3cccfc, 0xcc40ccfc, 0xcc48ccfc, 0xcc4cccfc, 
N0xcc50ccfc, 0xcc58ccfc, 0xcc5cccfc, 0xcc60ccfc, 0xcc64ccfc, 0xcc6cccfc, 0xcc70ccfc, 0xcc74ccfc, 
N0xcc7cccfc, 0xcc88ccfc, 0x68d0ccfc, 0x0cfc68fc, 0xfc8f0cfc, 0x1700fc00, 0x00fc00fc, 0x88fc88fc, 
N0xa4fca4fc, 0xa8fca8fc, 0xa4fca4fc, 0xa8fca8fc, 0xa4fca4fc, 0xa8fca8fc, 0xa4fca4fc, 0xb4fcb4fc, 
N0xccfccc80, 0xccfccc74, 0xccfccc68, 0xccfccc60, 0xccfccc54, 0xccfccc4c, 0xccfccc40, 0xccfccc38, 
N0xccfccc2c, 0xccfccc24, 0xccfccc18, 0xccfccc0c, 0xccfccc04, 0xfccc0083, 0xcc0019cc, 0xcc08ccfc, 
N0xcc10ccfc, 0xcc18ccfc, 0xcc1cccfc, 0xcc24ccfc, 0xcc2cccfc, 0xcc30ccfc, 0xcc34ccfc, 0xcc38ccfc, 
N0xcc3cccfc, 0xcc44ccfc, 0xcc48ccfc, 0xcc50ccfc, 0xcc54ccfc, 0xcc58ccfc, 0xcc5cccfc, 0xcc64ccfc, 
N0xcc64ccfc, 0xcc6cccfc, 0xcc70ccfc, 0xcc78ccfc, 0xcc7cccfc, 0xcc98ccfc, 0x40e0ccfc, 0xfc8e40fc, 
N0x1700fc00, 0x00fc00fc, 0x28fc28fc, 0xa4fca4fc, 0xa4fca4fc, 0xa8fca8fc, 0xa4fca4fc, 0xa4fca4fc, 
N0xa8fca8fc, 0xa4fca4fc, 0xacfcacfc, 0xccfccc80, 0xccfccc74, 0xccfccc68, 0xccfccc60, 0xccfccc54, 
N0xccfccc4c, 0xccfccc40, 0xccfccc38, 0xccfccc2c, 0xccfccc24, 0xccfccc18, 0xccfccc0c, 0xccfccc04, 
N0xfccc0083, 0xcc001ccc, 0xcc04ccfc, 0xcc08ccfc, 0xcc10ccfc, 0xcc18ccfc, 0xcc1cccfc, 0xcc20ccfc, 
N0xcc24ccfc, 0xcc2cccfc, 0xcc30ccfc, 0xcc34ccfc, 0xcc3cccfc, 0xcc40ccfc, 0xcc44ccfc, 0xcc48ccfc, 
N0xcc50ccfc, 0xcc54ccfc, 0xcc58ccfc, 0xcc60ccfc, 0xcc64ccfc, 0xcc68ccfc, 0xcc6cccfc, 0xcc74ccfc, 
N0xcc78ccfc, 0xcc7cccfc, 0xa0acccfc, 0x30f0a0fc, 0x08fc30fc, 0xfc8c08fc, 0x1800fc00, 0x00fc00fc, 
N0x70fc70fc, 0xa8fca8fc, 0xa4fca4fc, 0xa8fca8fc, 0xa4fca4fc, 0xa8fca8fc, 0xa4fca4fc, 0xb4fcb4fc, 
N0xccfccc80, 0xccfccc74, 0xccfccc6c, 0xccfccc60, 0xccfccc54, 0xccfccc4c, 0xccfccc40, 0xccfccc34, 
N0xccfccc2c, 0xccfccc24, 0xccfccc18, 0xccfccc0c, 0xccfccc04, 0xccfccc00, 0xccfccc04, 0xfccc0083, 
N0xcc001bcc, 0xcc08ccfc, 0xcc0cccfc, 0xcc14ccfc, 0xcc18ccfc, 0xcc1cccfc, 0xcc24ccfc, 0xcc28ccfc, 
N0xcc2cccfc, 0xcc30ccfc, 0xcc38ccfc, 0xcc3cccfc, 0xcc40ccfc, 0xcc44ccfc, 0xcc4cccfc, 0xcc50ccfc, 
N0xcc58ccfc, 0xcc58ccfc, 0xcc60ccfc, 0xcc64ccfc, 0xcc6cccfc, 0xcc6cccfc, 0xcc74ccfc, 0xcc78ccfc, 
N0xcc84ccfc, 0x88c0ccfc, 0x0cf888fc, 0xfc8b0cfc, 0x1600fc00, 0x00fc00fc, 0x14fc14fc, 0xa0fca0fc, 
N0xa4fca4fc, 0xa4fca4fc, 0xa8fca8fc, 0xa4fca4fc, 0xa4fca4fc, 0xacfcacfc, 0xccfccc80, 0xccfccc74, 
N0xccfccc68, 0xccfccc60, 0xccfccc58, 0xccfccc4c, 0xccfccc40, 0xccfccc38, 0xccfccc2c, 0xccfccc20, 
N0xccfccc18, 0xccfccc10, 0xccfccc04, 0xfccc0086, 0xcc001ccc, 0xcc08ccfc, 0xcc08ccfc, 0xcc10ccfc, 
N0xcc14ccfc, 0xcc1cccfc, 0xcc20ccfc, 0xcc24ccfc, 0xcc28ccfc, 0xcc30ccfc, 0xcc30ccfc, 0xcc38ccfc, 
N0xcc3cccfc, 0xcc44ccfc, 0xcc44ccfc, 0xcc4cccfc, 0xcc50ccfc, 0xcc58ccfc, 0xcc5cccfc, 0xcc60ccfc, 
N0xcc64ccfc, 0xcc6cccfc, 0xcc70ccfc, 0xcc74ccfc, 0xcc7cccfc, 0xcc8cccfc, 0x64d4ccfc, 0x08fc64fc, 
N0xfc8a08fc, 0x1700fc00, 0x00fc00fc, 0x58fc58fc, 0xa8fca8fc, 0xa4fca4fc, 0xa8fca8fc, 0xa4fca4fc, 
N0xa8fca8fc, 0xb4fcb4fc, 0xccfccc80, 0xccfccc74, 0xccfccc68, 0xccfccc60, 0xccfccc54, 0xccfccc4c, 
N0xccfccc40, 0xccfccc38, 0xccfccc2c, 0xccfccc24, 0xccfccc18, 0xccfccc0c, 0xccfccc04, 0xccfccc00, 
N0xccfccc04, 0xfccc0086, 0xcc001bcc, 0xcc08ccfc, 0xcc0cccfc, 0xcc10ccfc, 0xcc14ccfc, 0xcc1cccfc, 
N0xcc20ccfc, 0xcc28ccfc, 0xcc2cccfc, 0xcc30ccfc, 0xcc34ccfc, 0xcc3cccfc, 0xcc40ccfc, 0xcc44ccfc, 
N0xcc48ccfc, 0xcc50ccfc, 0xcc54ccfc, 0xcc58ccfc, 0xcc60ccfc, 0xcc64ccfc, 0xcc68ccfc, 0xcc6cccfc, 
N0xcc70ccfc, 0xcc78ccfc, 0xcc7cccfc, 0xcc9cccfc, 0x34e4ccfc, 0xfc8934fc, 0x0400fc00, 0x00fc00fc, 
N0x08fc08fc, 0x94fc94fc, 0xa8fca8fc, 0xfca4fc82, 0xa4fc0fa4, 0xacfca4fc, 0xcc80acfc, 0xcc74ccfc, 
N0xcc68ccfc, 0xcc60ccfc, 0xcc54ccfc, 0xcc4cccfc, 0xcc40ccfc, 0xcc34ccfc, 0xcc2cccfc, 0xcc24ccfc, 
N0xcc18ccfc, 0xcc10ccfc, 0xcc04ccfc, 0x0089ccfc, 0x1dccfccc, 0xccfccc00, 0xccfccc04, 0xccfccc08, 
N0xccfccc0c, 0xccfccc14, 0xccfccc18, 0xccfccc1c, 0xccfccc20, 0xccfccc28, 0xccfccc2c, 0xccfccc30, 
N0xccfccc34, 0xccfccc3c, 0xccfccc40, 0xccfccc44, 0xccfccc4c, 0xccfccc50, 0xccfccc54, 0xccfccc58, 
N0xccfccc60, 0xccfccc64, 0xccfccc68, 0xccfccc70, 0xccfccc74, 0xccfccc78, 0xccfccc80, 0x9cfc9cb4, 
N0x28fc28f4, 0x04fc04fc, 0xfc00fc87, 0x00fc1c00, 0x40fc00fc, 0xa4fc40fc, 0xa8fca4fc, 0xa4fca8fc, 
N0xa8fca4fc, 0xb4fca8fc, 0xcc80b4fc, 0xcc74ccfc, 0xcc6cccfc, 0xcc60ccfc, 0xcc54ccfc, 0xcc4cccfc, 
N0xcc40ccfc, 0xcc38ccfc, 0xcc2cccfc, 0xcc24ccfc, 0xcc18ccfc, 0xcc0cccfc, 0xcc04ccfc, 0xcc00ccfc, 
N0xcc04ccfc, 0xcc00ccfc, 0xcc00ccfc, 0xcc04ccfc, 0xcc00ccfc, 0xcc00ccfc, 0xcc04ccfc, 0x0083ccfc, 
N0x1cccfccc, 0xccfccc00, 0xccfccc04, 0xccfccc08, 0xccfccc10, 0xccfccc14, 0xccfccc18, 0xccfccc1c, 
N0xccfccc24, 0xccfccc28, 0xccfccc2c, 0xccfccc30, 0xccfccc38, 0xccfccc3c, 0xccfccc40, 0xccfccc44, 
N0xccfccc4c, 0xccfccc50, 0xccfccc58, 0xccfccc58, 0xccfccc60, 0xccfccc64, 0xccfccc6c, 0xccfccc6c, 
N0xccfccc74, 0xccfccc78, 0xccfccc84, 0x7cfc7cc4, 0x08fc08fc, 0xfc00fc87, 0x00fc0200, 0x84fc00fc, 
N0xfc8284fc, 0x0fa4fca4, 0xa4fca4fc, 0xacfcacfc, 0xccfccc80, 0xccfccc74, 0xccfccc68, 0xccfccc60, 
N0xccfccc58, 0xccfccc4c, 0xccfccc40, 0xccfccc38, 0xccfccc2c, 0xccfccc24, 0xccfccc18, 0xccfccc0c, 
N0xccfccc04, 0xfccc008d, 0xcc001ccc, 0xcc04ccfc, 0xcc0cccfc, 0xcc10ccfc, 0xcc14ccfc, 0xcc1cccfc, 
N0xcc20ccfc, 0xcc28ccfc, 0xcc28ccfc, 0xcc30ccfc, 0xcc34ccfc, 0xcc3cccfc, 0xcc3cccfc, 0xcc44ccfc, 
N0xcc48ccfc, 0xcc4cccfc, 0xcc54ccfc, 0xcc58ccfc, 0xcc5cccfc, 0xcc64ccfc, 0xcc64ccfc, 0xcc6cccfc, 
N0xcc70ccfc, 0xcc74ccfc, 0xcc7cccfc, 0xcc90ccfc, 0x58d8ccfc, 0x08fc58fc, 0xfc8508fc, 0x1e00fc00, 
N0x00fc00fc, 0x28fc28fc, 0xa8fca8fc, 0xa4fca4fc, 0xa8fca8fc, 0xb4fcb4fc, 0xccfccc80, 0xccfccc74, 
N0xccfccc68, 0xccfccc60, 0xccfccc54, 0xccfccc4c, 0xccfccc40, 0xccfccc34, 0xccfccc2c, 0xccfccc24, 
N0xccfccc18, 0xccfccc0c, 0xccfccc04, 0xccfccc00, 0xccfccc04, 0xccfccc00, 0xccfccc00, 0xccfccc04, 
N0xccfccc00, 0xccfccc00, 0xccfccc04, 0xccfccc00, 0xccfccc00, 0xccfccc04, 0xfccc0084, 0xcc001bcc, 
N0xcc08ccfc, 0xcc0cccfc, 0xcc14ccfc, 0xcc14ccfc, 0xcc1cccfc, 0xcc20ccfc, 0xcc28ccfc, 0xcc28ccfc, 
N0xcc30ccfc, 0xcc34ccfc, 0xcc3cccfc, 0xcc40ccfc, 0xcc44ccfc, 0xcc48ccfc, 0xcc50ccfc, 0xcc54ccfc, 
N0xcc58ccfc, 0xcc60ccfc, 0xcc64ccfc, 0xcc68ccfc, 0xcc6cccfc, 0xcc74ccfc, 0xcc78ccfc, 0xcc7cccfc, 
N0xc4a4ccfc, 0x30e8c4fc, 0xfc8530fc, 0x1200fc00, 0x00fc00fc, 0x6cfc6cfc, 0xa4fca4fc, 0xa4fca4fc, 
N0xacfcacfc, 0xccfccc80, 0xccfccc74, 0xccfccc68, 0xccfccc60, 0xccfccc54, 0xccfccc4c, 0xccfccc40, 
N0xccfccc38, 0xccfccc2c, 0xccfccc20, 0xccfccc18, 0xccfccc10, 0xccfccc04, 0xfccc0090, 0xcc001dcc, 
N0xcc04ccfc, 0xcc08ccfc, 0xcc0cccfc, 0xcc14ccfc, 0xcc18ccfc, 0xcc1cccfc, 0xcc24ccfc, 0xcc28ccfc, 
N0xcc2cccfc, 0xcc30ccfc, 0xcc38ccfc, 0xcc3cccfc, 0xcc40ccfc, 0xcc44ccfc, 0xcc4cccfc, 0xcc50ccfc, 
N0xcc54ccfc, 0xcc5cccfc, 0xcc60ccfc, 0xcc64ccfc, 0xcc68ccfc, 0xcc6cccfc, 0xcc74ccfc, 0xcc78ccfc, 
N0xcc80ccfc, 0x90b8ccfc, 0x20f890fc, 0x08fc20fc, 0xfc8208fc, 0x2000fc00, 0x00fc00fc, 0x14fc14fc, 
N0xa0fca0fc, 0xa8fca8fc, 0xb4fcb4fc, 0xccfccc80, 0xccfccc74, 0xccfccc6c, 0xccfccc60, 0xccfccc54, 
N0xccfccc4c, 0xccfccc40, 0xccfccc38, 0xccfccc2c, 0xccfccc24, 0xccfccc18, 0xccfccc0c, 0xccfccc04, 
N0xccfccc00, 0xccfccc04, 0xccfccc00, 0xccfccc00, 0xccfccc04, 0xccfccc00, 0xccfccc00, 0xccfccc04, 
N0xccfccc00, 0xccfccc00, 0xccfccc04, 0xccfccc00, 0xccfccc00, 0xccfccc04, 0xfccc0084, 0xcc001ccc, 
N0xcc04ccfc, 0xcc08ccfc, 0xcc10ccfc, 0xcc14ccfc, 0xcc18ccfc, 0xcc1cccfc, 0xcc24ccfc, 0xcc28ccfc, 
N0xcc30ccfc, 0xcc30ccfc, 0xcc38ccfc, 0xcc3cccfc, 0xcc40ccfc, 0xcc48ccfc, 0xcc4cccfc, 0xcc50ccfc, 
N0xcc58ccfc, 0xcc5cccfc, 0xcc60ccfc, 0xcc64ccfc, 0xcc6cccfc, 0xcc70ccfc, 0xcc74ccfc, 0xcc78ccfc, 
N0xcc88ccfc, 0x70c8ccfc, 0x04fc70fc, 0xfc8204fc, 0x1100fc00, 0x00fc00fc, 0x54fc54fc, 0xa4fca4fc, 
N0xacfcacfc, 0xccfccc80, 0xccfccc70, 0xccfccc68, 0xccfccc60, 0xccfccc58, 0xccfccc4c, 0xccfccc40, 
N0xccfccc34, 0xccfccc2c, 0xccfccc24, 0xccfccc18, 0xccfccc0c, 0xccfccc04, 0xfccc0094, 0xcc003ecc, 
N0xcc08ccfc, 0xcc08ccfc, 0xcc10ccfc, 0xcc14ccfc, 0xcc1cccfc, 0xcc20ccfc, 0xcc24ccfc, 0xcc28ccfc, 
N0xcc30ccfc, 0xcc34ccfc, 0xcc38ccfc, 0xcc3cccfc, 0xcc44ccfc, 0xcc48ccfc, 0xcc4cccfc, 0xcc50ccfc, 
N0xcc58ccfc, 0xcc5cccfc, 0xcc64ccfc, 0xcc64ccfc, 0xcc6cccfc, 0xcc70ccfc, 0xcc78ccfc, 0xcc7cccfc, 
N0xc894ccfc, 0x50dcc8fc, 0x08fc50fc, 0x00fc08fc, 0x08fc00fc, 0x94fc08fc, 0xb4fc94fc, 0xcc78b4fc, 
N0xcc70ccfc, 0xcc68ccfc, 0xcc5cccfc, 0xcc54ccfc, 0xcc48ccfc, 0xcc40ccfc, 0xcc38ccfc, 0xcc2cccfc, 
N0xcc20ccfc, 0xcc18ccfc, 0xcc0cccfc, 0xcc04ccfc, 0xcc00ccfc, 0xcc04ccfc, 0xcc00ccfc, 0xcc00ccfc, 
N0xcc04ccfc, 0xcc00ccfc, 0xcc00ccfc, 0xcc04ccfc, 0xcc00ccfc, 0xcc00ccfc, 0xcc04ccfc, 0xcc00ccfc, 
N0xcc00ccfc, 0xcc04ccfc, 0xcc00ccfc, 0xcc00ccfc, 0xcc04ccfc, 0x0084ccfc, 0x2bccfccc, 0xccfccc00, 
N0xccfccc04, 0xccfccc08, 0xccfccc0c, 0xccfccc10, 0xccfccc18, 0xccfccc1c, 0xccfccc24, 0xccfccc28, 
N0xccfccc2c, 0xccfccc30, 0xccfccc38, 0xccfccc3c, 0xccfccc40, 0xccfccc44, 0xccfccc4c, 0xccfccc50, 
N0xccfccc54, 0xccfccc5c, 0xccfccc60, 0xccfccc64, 0xccfccc68, 0xccfccc6c, 0xccfccc74, 0xccfccc78, 
N0xccfccc7c, 0xb4fcb4a8, 0x28fc28ec, 0x00fc00fc, 0x40fc40fc, 0xacfcacfc, 0xccfccc74, 0xccfccc6c, 
N0xccfccc64, 0xccfccc5c, 0xccfccc50, 0xccfccc44, 0xccfccc3c, 0xccfccc30, 0xccfccc28, 0xccfccc20, 
N0xccfccc14, 0xccfccc0c, 0xfccc0098, 0xcc0041cc, 0xcc04ccfc, 0xcc08ccfc, 0xcc0cccfc, 0xcc14ccfc, 
N0xcc18ccfc, 0xcc1cccfc, 0xcc24ccfc, 0xcc28ccfc, 0xcc2cccfc, 0xcc30ccfc, 0xcc38ccfc, 0xcc3cccfc, 
N0xcc40ccfc, 0xcc44ccfc, 0xcc4cccfc, 0xcc50ccfc, 0xcc54ccfc, 0xcc5cccfc, 0xcc60ccfc, 0xcc64ccfc, 
N0xcc68ccfc, 0xcc70ccfc, 0xcc74ccfc, 0xcc78ccfc, 0xcc7cccfc, 0x84b8ccfc, 0x1cf884fc, 0x94fc1cfc, 
N0xcc6c94fc, 0xcc64ccfc, 0xcc5cccfc, 0xcc54ccfc, 0xcc4cccfc, 0xcc44ccfc, 0xcc38ccfc, 0xcc30ccfc, 
N0xcc28ccfc, 0xcc1cccfc, 0xcc14ccfc, 0xcc08ccfc, 0xcc00ccfc, 0xcc00ccfc, 0xcc04ccfc, 0xcc00ccfc, 
N0xcc00ccfc, 0xcc04ccfc, 0xcc00ccfc, 0xcc00ccfc, 0xcc04ccfc, 0xcc00ccfc, 0xcc00ccfc, 0xcc04ccfc, 
N0xcc00ccfc, 0xcc00ccfc, 0xcc04ccfc, 0xcc00ccfc, 0xcc00ccfc, 0xcc04ccfc, 0xcc00ccfc, 0xcc00ccfc, 
N0xcc04ccfc, 0xcc00ccfc, 0xcc00ccfc, 0xcc04ccfc, 0x0082ccfc, 0x16ccfccc, 0xccfccc00, 0xccfccc04, 
N0xccfccc08, 0xccfccc10, 0xccfccc14, 0xccfccc18, 0xccfccc20, 0xccfccc24, 0xccfccc28, 0xccfccc30, 
N0xccfccc30, 0xccfccc38, 0xccfccc3c, 0xccfccc44, 0xccfccc44, 0xccfccc4c, 0xccfccc54, 0xccfccc58, 
N0xccfccc5c, 0xccfccc60, 0xccfccc64, 0xccfccc6c, 0xfccc7082, 0xcc700fcc, 0xcc7cccfc, 0x84d0ccfc, 
N0xcc6484fc, 0xcc60ccfc, 0xcc58ccfc, 0xcc50ccfc, 0xcc48ccfc, 0xcc3cccfc, 0xcc34ccfc, 0xcc2cccfc, 
N0xcc24ccfc, 0xcc18ccfc, 0xcc10ccfc, 0xcc04ccfc, 0x009bccfc, 0x3eccfccc, 0xccfccc00, 0xccfccc04, 
N0xccfccc04, 0xccfccc0c, 0xccfccc10, 0xccfccc14, 0xccfccc1c, 0xccfccc20, 0xccfccc24, 0xccfccc2c, 
N0xccfccc30, 0xccfccc34, 0xccfccc38, 0xccfccc40, 0xccfccc44, 0xccfccc48, 0xccfccc4c, 0xccfccc54, 
N0xccfccc58, 0xccfccc60, 0xccfccc60, 0xccfccc64, 0xccfccc64, 0xccfccc68, 0xccfccc64, 0xccfccc60, 
N0xccfccc5c, 0xccfccc58, 0xccfccc50, 0xccfccc48, 0xccfccc40, 0xccfccc38, 0xccfccc30, 0xccfccc28, 
N0xccfccc20, 0xccfccc14, 0xccfccc0c, 0xccfccc04, 0xccfccc00, 0xccfccc00, 0xccfccc04, 0xccfccc00, 
N0xccfccc00, 0xccfccc04, 0xccfccc00, 0xccfccc00, 0xccfccc04, 0xccfccc00, 0xccfccc00, 0xccfccc04, 
N0xccfccc00, 0xccfccc00, 0xccfccc04, 0xccfccc00, 0xccfccc00, 0xccfccc04, 0xccfccc00, 0xccfccc00, 
N0xccfccc04, 0xccfccc00, 0xccfccc00, 0xccfccc04, 0xfccc0085, 0xcc0013cc, 0xcc04ccfc, 0xcc08ccfc, 
N0xcc0cccfc, 0xcc10ccfc, 0xcc18ccfc, 0xcc1cccfc, 0xcc20ccfc, 0xcc28ccfc, 0xcc2cccfc, 0xcc30ccfc, 
N0xcc34ccfc, 0xcc3cccfc, 0xcc40ccfc, 0xcc44ccfc, 0xcc4cccfc, 0xcc50ccfc, 0xcc54ccfc, 0xcc58ccfc, 
N0x5c83ccfc, 0x0dccfccc, 0xccfccc5c, 0xccfccc58, 0xccfccc54, 0xccfccc50, 0xccfccc48, 0xccfccc40, 
N0xccfccc3c, 0xccfccc30, 0xccfccc2c, 0xccfccc24, 0xccfccc18, 0xccfccc10, 0xccfccc08, 0xfccc00a0, 
N0xcc0013cc, 0xcc04ccfc, 0xcc08ccfc, 0xcc10ccfc, 0xcc14ccfc, 0xcc18ccfc, 0xcc1cccfc, 0xcc24ccfc, 
N0xcc28ccfc, 0xcc30ccfc, 0xcc30ccfc, 0xcc38ccfc, 0xcc3cccfc, 0xcc40ccfc, 0xcc44ccfc, 0xcc48ccfc, 
N0xcc50ccfc, 0xcc50ccfc, 0xcc54ccfc, 0x5082ccfc, 0x0bccfccc, 0xccfccc50, 0xccfccc4c, 0xccfccc44, 
N0xccfccc40, 0xccfccc38, 0xccfccc34, 0xccfccc2c, 0xccfccc24, 0xccfccc1c, 0xccfccc10, 0xccfccc0c, 
N0xfccc0083, 0xcc001dcc, 0xcc04ccfc, 0xcc00ccfc, 0xcc00ccfc, 0xcc04ccfc, 0xcc00ccfc, 0xcc00ccfc, 
N0xcc04ccfc, 0xcc00ccfc, 0xcc00ccfc, 0xcc04ccfc, 0xcc00ccfc, 0xcc00ccfc, 0xcc04ccfc, 0xcc00ccfc, 
N0xcc00ccfc, 0xcc04ccfc, 0xcc00ccfc, 0xcc00ccfc, 0xcc04ccfc, 0xcc00ccfc, 0xcc00ccfc, 0xcc04ccfc, 
N0xcc00ccfc, 0xcc00ccfc, 0xcc04ccfc, 0xcc00ccfc, 0xcc00ccfc, 0xcc04ccfc, 0x0083ccfc, 0x10ccfccc, 
N0xccfccc00, 0xccfccc04, 0xccfccc08, 0xccfccc10, 0xccfccc14, 0xccfccc1c, 0xccfccc20, 0xccfccc24, 
N0xccfccc28, 0xccfccc30, 0xccfccc34, 0xccfccc38, 0xccfccc3c, 0xccfccc40, 0xccfccc44, 0xccfccc44, 
N0xfccc4882, 0xcc480ccc, 0xcc44ccfc, 0xcc40ccfc, 0xcc3cccfc, 0xcc38ccfc, 0xcc30ccfc, 0xcc2cccfc, 
N0xcc28ccfc, 0xcc1cccfc, 0xcc14ccfc, 0xcc10ccfc, 0xcc08ccfc, 0x00a4ccfc, 0x1cccfccc, 0xccfccc00, 
N0xccfccc04, 0xccfccc04, 0xccfccc0c, 0xccfccc14, 0xccfccc14, 0xccfccc1c, 0xccfccc20, 0xccfccc24, 
N0xccfccc2c, 0xccfccc30, 0xccfccc34, 0xccfccc38, 0xccfccc3c, 0xccfccc3c, 0xccfccc40, 0xccfccc3c, 
N0xccfccc3c, 0xccfccc38, 0xccfccc38, 0xccfccc34, 0xccfccc30, 0xccfccc2c, 0xccfccc24, 0xccfccc1c, 
N0xccfccc14, 0xccfccc10, 0xccfccc08, 0xfccc0084, 0xcc0020cc, 0xcc04ccfc, 0xcc00ccfc, 0xcc00ccfc, 
N0xcc04ccfc, 0xcc00ccfc, 0xcc00ccfc, 0xcc04ccfc, 0xcc00ccfc, 0xcc00ccfc, 0xcc04ccfc, 0xcc00ccfc, 
N0xcc00ccfc, 0xcc04ccfc, 0xcc00ccfc, 0xcc00ccfc, 0xcc04ccfc, 0xcc00ccfc, 0xcc00ccfc, 0xcc04ccfc, 
N0xcc00ccfc, 0xcc00ccfc, 0xcc04ccfc, 0xcc00ccfc, 0xcc00ccfc, 0xcc04ccfc, 0xcc00ccfc, 0xcc00ccfc, 
N0xcc04ccfc, 0xcc00ccfc, 0xcc00ccfc, 0xcc04ccfc, 0x0083ccfc, 0x0accfccc, 0xccfccc00, 0xccfccc04, 
N0xccfccc08, 0xccfccc0c, 0xccfccc14, 0xccfccc18, 0xccfccc1c, 0xccfccc20, 0xccfccc28, 0xccfccc28, 
N0xfccc3082, 0xcc3001cc, 0x3482ccfc, 0x0accfccc, 0xccfccc34, 0xccfccc30, 0xccfccc30, 0xccfccc2c, 
N0xccfccc24, 0xccfccc20, 0xccfccc1c, 0xccfccc14, 0xccfccc10, 0xccfccc08, 0xfccc0082, 0xcc0002cc, 
N0xcc04ccfc, 0x00a6ccfc, 0x0cccfccc, 0xccfccc00, 0xccfccc04, 0xccfccc08, 0xccfccc10, 0xccfccc14, 
N0xccfccc18, 0xccfccc1c, 0xccfccc20, 0xccfccc24, 0xccfccc24, 0xccfccc28, 0xccfccc2c, 0xfccc2882, 
N0xcc2808cc, 0xcc24ccfc, 0xcc20ccfc, 0xcc1cccfc, 0xcc18ccfc, 0xcc14ccfc, 0xcc0cccfc, 0xcc08ccfc, 
N0x0086ccfc, 0x23ccfccc, 0xccfccc00, 0xccfccc04, 0xccfccc00, 0xccfccc00, 0xccfccc04, 0xccfccc00, 
N0xccfccc00, 0xccfccc04, 0xccfccc00, 0xccfccc00, 0xccfccc04, 0xccfccc00, 0xccfccc00, 0xccfccc04, 
N0xccfccc00, 0xccfccc00, 0xccfccc04, 0xccfccc00, 0xccfccc00, 0xccfccc04, 0xccfccc00, 0xccfccc00, 
N0xccfccc04, 0xccfccc00, 0xccfccc00, 0xccfccc04, 0xccfccc00, 0xccfccc00, 0xccfccc04, 0xccfccc00, 
N0xccfccc00, 0xccfccc04, 0xccfccc00, 0xccfccc00, 0xccfccc04, 0xfccc0084, 0xcc0006cc, 0xcc04ccfc, 
N0xcc0cccfc, 0xcc10ccfc, 0xcc10ccfc, 0xcc18ccfc, 0x1c82ccfc, 0x03ccfccc, 0xccfccc1c, 0xccfccc20, 
N0xccfccc20, 0xfccc1c82, 0xcc1c06cc, 0xcc18ccfc, 0xcc14ccfc, 0xcc10ccfc, 0xcc08ccfc, 0xcc04ccfc, 
N0x0082ccfc, 0x02ccfccc, 0xccfccc00, 0xccfccc04, 0xfccc00ac, 0xcc0006cc, 0xcc08ccfc, 0xcc0cccfc, 
N0xcc0cccfc, 0xcc10ccfc, 0xcc10ccfc, 0x1484ccfc, 0x05ccfccc, 0xccfccc14, 0xccfccc10, 0xccfccc0c, 
N0xccfccc08, 0xccfccc04, 0xfccc00b4, 0xcc0002cc, 0xcc04ccfc, 0x0882ccfc, 0x03ccfccc, 0xccfccc08, 
N0xccfccc0c, 0xccfccc0c, 0xfccc0882, 0xcc0802cc, 0xcc04ccfc, 0x008accfc, 0x01ccfccc, 0xccfccc00
N};
N
N#if defined(__GHS__) || defined(__ghs__)
X#if 0L || 0L
S#pragma ghs section data = "default"
N#endif /* defined(__GHS__) || defined(__ghs__) */
N
N#if defined(_DIAB_TOOL)
X#if 0L
S#pragma section .data "default"
S/* fixme: specify alignment */
N#endif /* defined(_DIAB_TOOL) */
N
N#if defined(__arm__) && defined(__ARMCC_VERSION)
X#if 1L && 1L
N#pragma arm section rwdata
N#endif /* defined(__arm__) && defined(__ARMCC_VERSION) */
N
N/***************************************************************************/
N
N/***********************  BEGIN of DISCLAIMER   *****************************
N
N- TOSHIBA is continually working to improve the quality and reliability of
N  its products.
N  Nevertheless, semiconductor devices in general can malfunction or fail
N  due to their inherent electrical sensitivity and vulnerability to physical
N  stress. It is the responsibility of the buyer, when utilizing TOSHIBA
N  products, to comply with the standards of safety in making a safe design
N  for the entire system, and to avoid situations in which a malfunction or
N  failure of such TOSHIBA products could cause loss of human life,
N  bodily injury or damage to property.
N
N  In developing your designs, please ensure that TOSHIBA products are used
N  within specified operating ranges as set forth in the most recent TOSHIBA
N  products specifications. Also, please keep in mind the precautions and
N  conditions set forth in the ï¿½Handling Guide for Semiconductor Devices, or
N  TOSHIBA Semiconductor Reliability Handbook etc..
N
N- The Toshiba products listed in this document are intended for usage in
N  general electronics applications (computer, personal equipment,
N  office equipment, measuring equipment,industrial robotics, domestic
N  appliances, etc.). These Toshiba products are neither intended nor
N  warranted for usage in equipment that requires extraordinarily high quality
N  and/or reliability or a malfunction or failure of which may cause loss
N  of human life or bodily injury (ï¿½Unintended Usage).
N  Unintended Usage include atomic energy control instruments, airplane or
N  spaceship instruments, transportation instruments, traffic signal
N  instruments, combustion control instruments, medical instruments,
N  all types of safety devices, etc..
N  Unintended Usage of Toshiba products listed in this document shall be made
N  at the customerï¿½s own risk.
N
N- Toshiba assumes no liability for any damage or losses (including but not
N
N  limited to, loss of business profit,business interruption, loss of business
N  information,and other pecuniary losses) occurring from the use of,
N  or inability to use, this product.
N
N- The products described in this document are subject to the foreign exchange
N  and foreign trade laws.
N
N- The products described in this document contain components made in the
N  United States and subject to export control of the U.S. authorities.
N  Diversion contrary to the U.S. law is prohibited.
N
N- The information contained herein is presented only as a guide for the
N  applications of our products.
N  No responsibility is assumed by TOSHIBA CORPORATION for any infringements
N  of intellectual property or other rights of the third parties which may
N  result from its use.
N  No license is granted by implication or otherwise under any intellectual
N  property or other rights of TOSHIBA CORPORATION or others.
N
N- The information contained herein is subject to change without notice.
N
N****************************  END of DISCLAIMER ****************************/
N
N/********************************* BEGIN OF LOG ******************************
N*
N* $Log: blinker_links_on.c,v $
N* Revision 1.1  2014/05/09 14:05:52  mto
N* initial version
N*
N*
N********************************** END OF LOG ******************************/ 
