L 1 "..\..\Pictures\LeftIcon\PowerBattery_OFF.c"
N/************************************************************************
N * Generated using TEE Capricorn: Image to C Code Generator
N * Version 2.00
N * Toshiba Electronics Europe GmbH
N * This software is copyright protected. All rights reserved
N ************************************************************************
N * Converted on: 14.03.2016 @ 16:57
N * Output format: FMT_RGBA32
N * Image Dimensions : Width=58, Height=40
N * Input Filename: E:\‰∫ßÂìÅËµÑÊñô\‰∏úËäù\image\ÂõæÊ†á\lefticon\PowerBattery_OFF.png
N ************************************************************************/
N
N#include "captypes.h"
L 1 "..\..\..\..\common\inc\captypes.h" 1
N/*****************************************************************************
N*   This software is copyright protected. All rights reserved
N*   Toshiba Electronics Europe GmbH
N*   European LSI Design and Engineering Center (ELDEC)
N******************************************************************************
N*   DESCRIPTION : Standard core definitions
N******************************************************************************
N*   PLATFORM    : TMPR46xXBG-300
N*   PROJECT     :
N*   MODULE      : Capricorn standard C types
N*   LIBRARIES   : None
N******************************************************************************
N*   VERSION     : $Revision: 1.6 $
N*   DATE        : $Date: 2015/05/04 09:07:19 $
N*   TAG         : $Name:  $
N*   RELEASE     : Preliminary & Confidential
N*****************************************************************************/
N#ifndef CAPTYPES_H
N#define CAPTYPES_H
N
N/**********************************************
N*                Include files                *
N**********************************************/
N
N/*********************************************/
N
N
N/**********************************************
N*                Definitions                  *
N**********************************************/
N/* Simple error codes */
N#define C_SUCCESS                           (0)
N#define C_FAILED                            (-1)
N
N/* Simple boolean value */
N#define C_FALSE                             (0)
N#define C_TRUE                              (1)
N
N/* NULL pointer definition */
N#define C_NULL                              ((void*)0)
N
N/* NULL pointer definition */
N#define TYPES_NULL_PTR   ((void *)0UL)
N
N/*********************************************/
N
N
N/**********************************************
N*            Primitive data types             *
N**********************************************/
N
N/*
N *  MISRA-C & ELDEC MPU/MCU software coding
N *  guideline compliant type definitions
N */
Ntypedef signed char int8_t;                 /* 1 byte,  prefix i8 */
Ntypedef signed short int16_t;               /* 2 bytes, prefix i16 */
Ntypedef signed int int32_t;                 /* 4 bytes, prefix i32 */
Ntypedef signed long long int64_t;           /* 8 bytes, prefix i64 */
Ntypedef unsigned char uint8_t;              /* 1 byte,  prefix u8 */
Ntypedef unsigned short uint16_t;            /* 2 bytes, prefix u16 */
Ntypedef unsigned int uint32_t;              /* 4 bytes, prefix u32 */
Ntypedef unsigned long long uint64_t;        /* 8 bytes, prefix u64 */
Ntypedef int bool_t;                         /* 4 bytes, prefix bo */
Ntypedef float float32_t;                    /* 4 bytes, prefix f32 */
Ntypedef double float64_t;                   /* 8 bytes, prefix f64 */
N
N/*********************************************/
N/*
N Definition for Cortex R4 32-bit memory/registers */
N#define TYPES_REG32 (volatile int32_t*)
N/*
N Definition for Cortex R4 16-bit memory/registers */
N#define TYPES_REG16 (volatile uint16_t*)
N/*
N Definition for Cortex R4 8-bit memory/registers */
N#define TYPES_REG8 (volatile uint8_t*)
N
N
N#endif /* CAPTYPES_H */
N
N/***************************************************************************/
N
N
N/***********************  BEGIN of DISCLAIMER   *****************************
N
N- TOSHIBA is continually working to improve the quality and reliability of
N  its products.
N  Nevertheless, semiconductor devices in general can malfunction or fail
N  due to their inherent electrical sensitivity and vulnerability to physical
N  stress. It is the responsibility of the buyer, when utilizing TOSHIBA
N  products, to comply with the standards of safety in making a safe design
N  for the entire system, and to avoid situations in which a malfunction or
N  failure of such TOSHIBA products could cause loss of human life,
N  bodily injury or damage to property.
N
N  In developing your designs, please ensure that TOSHIBA products are used
N  within specified operating ranges as set forth in the most recent TOSHIBA
N  products specifications. Also, please keep in mind the precautions and
N  conditions set forth in the Handling Guide for Semiconductor Devices, or
N  TOSHIBA Semiconductor Reliability Handbook etc..
N
N- The Toshiba products listed in this document are intended for usage in
N  general electronics applications (computer, personal equipment,
N  office equipment, measuring equipment,industrial robotics, domestic
N  appliances, etc.). These Toshiba products are neither intended nor
N  warranted for usage in equipment that requires extraordinarily high quality
N  and/or reliability or a malfunction or failure of which may cause loss
N  of human life or bodily injury (Unintended Usage).
N  Unintended Usage include atomic energy control instruments, airplane or
N  spaceship instruments, transportation instruments, traffic signal
N  instruments, combustion control instruments, medical instruments,
N  all types of safety devices, etc..
N  Unintended Usage of Toshiba products listed in this document shall be made
N  at the customerís own risk.
N
N- Toshiba assumes no liability for any damage or losses (including but not
N  limited to, loss of business profit,business interruption, loss of business
N  information,and other pecuniary losses) occurring from the use of,
N  or inability to use, this product.
N
N- The products described in this document are subject to the foreign exchange
N  and foreign trade laws.
N
N- The products described in this document contain components made in the
N  United States and subject to export control of the U.S. authorities.
N  Diversion contrary to the U.S. law is prohibited.
N
N- The information contained herein is presented only as a guide for the
N  applications of our products.
N  No responsibility is assumed by TOSHIBA CORPORATION for any infringements
N  of intellectual property or other rights of the third parties which may
N  result from its use.
N  No license is granted by implication or otherwise under any intellectual
N  property or other rights of TOSHIBA CORPORATION or others.
N
N- The information contained herein is subject to change without notice.
N
N****************************  END of DISCLAIMER ****************************/
N
L 14 "..\..\Pictures\LeftIcon\PowerBattery_OFF.c" 2
N#include "images_defs.h"
L 1 "..\..\usecases\images\inc\images_defs.h" 1
N/*****************************************************************************
N*   This software is copyright protected. All rights reserved 
N*   Toshiba Electronics Europe GmbH 
N*   European LSI Design and Engineering Center (ELDEC)
N****************************************************************************** 
N*   File Name   : $RCSfile: $ 
N*   Description : Image file
N****************************************************************************** 
N*   PROJECT     : Capricorn 
N*   MODULE      : Graphics 
N*               : $Name: $ 
N*   LIBRARIES   : None 
N*   AUTHOR      : $Author: $
N****************************************************************************** 
N*   VERSION     : $Revision: $ 
N*   RELEASE     : Preliminary & Confidential 
N*   DATE        : $Date: $ 
N*   SOURCE MOD. : $Source: $ 
N*   LOG:        : please have a look at the end of the file
N*****************************************************************************/
N/************************************************************************
N * Generated using TEE Capricorn: Image to C Code Generator
N * Version 2.00
N * Toshiba Electronics Europe GmbH
N * This software is copyright protected. All rights reserved
N ************************************************************************
N * Converted on: 21.01.2016 @ 10:59
N ************************************************************************/
N#ifndef IMAGES_DEFS_H
N#define IMAGES_DEFS_H
N
N
N#define NEEDLE_1_SIZE (2915)
N#define NEEDLE_1_HEIGHT (219)
N#define NEEDLE_1_WIDTH (60)
N#define NEEDLE_1_XPOS (0)
N#define NEEDLE_1_YPOS (0)
N#define NEEDLE_1_XCPOS (30)
N#define NEEDLE_1_YCPOS (189)
N
N#define FIRSTLOGO_SIZE (537600)
N#define FIRSTLOGO_HEIGHT (420)
N#define FIRSTLOGO_WIDTH (1280)
N#define FIRSTLOGO_XPOS (0)
N#define FIRSTLOGO_YPOS (0)
N#define FIRSTLOGO_XCPOS (0)
N#define FIRSTLOGO_YCPOS (0)
N
N#define MAINSHOW_SIZE (537600)
N#define MAINSHOW_HEIGHT (420)
N#define MAINSHOW_WIDTH (1280)
N#define MAINSHOW_XPOS (0)
N#define MAINSHOW_YPOS (0)
N#define MAINSHOW_XCPOS (0)
N#define MAINSHOW_YCPOS (0)
N
N#define LEDOFFLEFT_SIZE (1764)
N#define LEDOFFLEFT_HEIGHT (42)
N#define LEDOFFLEFT_WIDTH (42)
N#define LEDOFFLEFT_XPOS (0)
N#define LEDOFFLEFT_YPOS (0)
N#define LEDOFFLEFT_XCPOS (0)
N#define LEDOFFLEFT_YCPOS (0)
N
N#define LEDOFFRIGHT_SIZE (1764)
N#define LEDOFFRIGHT_HEIGHT (42)
N#define LEDOFFRIGHT_WIDTH (42)
N#define LEDOFFRIGHT_XPOS (0)
N#define LEDOFFRIGHT_YPOS (0)
N#define LEDOFFRIGHT_XCPOS (0)
N#define LEDOFFRIGHT_YCPOS (0)
N
N#define LEDONLEFT_SIZE (1764)
N#define LEDONLEFT_HEIGHT (42)
N#define LEDONLEFT_WIDTH (42)
N#define LEDONLEFT_XPOS (0)
N#define LEDONLEFT_YPOS (0)
N#define LEDONLEFT_XCPOS (0)
N#define LEDONLEFT_YCPOS (0)
N
N#define LEDONRIGHT_SIZE (1764)
N#define LEDONRIGHT_HEIGHT (42)
N#define LEDONRIGHT_WIDTH (42)
N#define LEDONRIGHT_XPOS (0)
N#define LEDONRIGHT_YPOS (0)
N#define LEDONRIGHT_XCPOS (0)
N#define LEDONRIGHT_YCPOS (0)
N
N/***************************************************************************/
N
N#define DIGIFONT_0_SIZE (162)
N#define DIGIFONT_0_HEIGHT (24)
N#define DIGIFONT_0_WIDTH (18)
N#define DIGIFONT_0_XPOS (0)
N#define DIGIFONT_0_YPOS (0)
N#define DIGIFONT_0_XCPOS (0)
N#define DIGIFONT_0_YCPOS (0)
N#define STIMAGE_DIGIFONT_SIZE_X (11)
N#define STIMAGE_DIGIFONT_SIZE_Y (1)
N
N#define DIGIFONT_1_SIZE (82)
N#define DIGIFONT_1_HEIGHT (24)
N#define DIGIFONT_1_WIDTH (18)
N#define DIGIFONT_1_XPOS (0)
N#define DIGIFONT_1_YPOS (0)
N#define DIGIFONT_1_XCPOS (0)
N#define DIGIFONT_1_YCPOS (0)
N
N#define DIGIFONT_2_SIZE (119)
N#define DIGIFONT_2_HEIGHT (24)
N#define DIGIFONT_2_WIDTH (18)
N#define DIGIFONT_2_XPOS (0)
N#define DIGIFONT_2_YPOS (0)
N#define DIGIFONT_2_XCPOS (0)
N#define DIGIFONT_2_YCPOS (0)
N
N#define DIGIFONT_3_SIZE (121)
N#define DIGIFONT_3_HEIGHT (24)
N#define DIGIFONT_3_WIDTH (18)
N#define DIGIFONT_3_XPOS (0)
N#define DIGIFONT_3_YPOS (0)
N#define DIGIFONT_3_XCPOS (0)
N#define DIGIFONT_3_YCPOS (0)
N
N#define DIGIFONT_4_SIZE (130)
N#define DIGIFONT_4_HEIGHT (24)
N#define DIGIFONT_4_WIDTH (18)
N#define DIGIFONT_4_XPOS (0)
N#define DIGIFONT_4_YPOS (0)
N#define DIGIFONT_4_XCPOS (0)
N#define DIGIFONT_4_YCPOS (0)
N
N#define DIGIFONT_5_SIZE (121)
N#define DIGIFONT_5_HEIGHT (24)
N#define DIGIFONT_5_WIDTH (18)
N#define DIGIFONT_5_XPOS (0)
N#define DIGIFONT_5_YPOS (0)
N#define DIGIFONT_5_XCPOS (0)
N#define DIGIFONT_5_YCPOS (0)
N
N#define DIGIFONT_6_SIZE (144)
N#define DIGIFONT_6_HEIGHT (24)
N#define DIGIFONT_6_WIDTH (18)
N#define DIGIFONT_6_XPOS (0)
N#define DIGIFONT_6_YPOS (0)
N#define DIGIFONT_6_XCPOS (0)
N#define DIGIFONT_6_YCPOS (0)
N
N#define DIGIFONT_7_SIZE (95)
N#define DIGIFONT_7_HEIGHT (24)
N#define DIGIFONT_7_WIDTH (18)
N#define DIGIFONT_7_XPOS (0)
N#define DIGIFONT_7_YPOS (0)
N#define DIGIFONT_7_XCPOS (0)
N#define DIGIFONT_7_YCPOS (0)
N
N#define DIGIFONT_8_SIZE (167)
N#define DIGIFONT_8_HEIGHT (24)
N#define DIGIFONT_8_WIDTH (18)
N#define DIGIFONT_8_XPOS (0)
N#define DIGIFONT_8_YPOS (0)
N#define DIGIFONT_8_XCPOS (0)
N#define DIGIFONT_8_YCPOS (0)
N
N#define DIGIFONT_9_SIZE (145)
N#define DIGIFONT_9_HEIGHT (24)
N#define DIGIFONT_9_WIDTH (18)
N#define DIGIFONT_9_XPOS (0)
N#define DIGIFONT_9_YPOS (0)
N#define DIGIFONT_9_XCPOS (0)
N#define DIGIFONT_9_YCPOS (0)
N
N#define DIGIFONT_DP_SIZE (42)
N#define DIGIFONT_DP_HEIGHT (24)
N#define DIGIFONT_DP_WIDTH (10)
N#define DIGIFONT_DP_XPOS (0)
N#define DIGIFONT_DP_YPOS (0)
N#define DIGIFONT_DP_XCPOS (0)
N#define DIGIFONT_DP_YCPOS (0)
N
N
N
N
N#define AIRBAG_OFF_SIZE (2322)
N#define AIRBAG_OFF_HEIGHT (43)
N#define AIRBAG_OFF_WIDTH (54)
N#define AIRBAG_OFF_XPOS (0)
N#define AIRBAG_OFF_YPOS (0)
N#define AIRBAG_OFF_XCPOS (0)
N#define AIRBAG_OFF_YCPOS (0)
N
N#define AIRBAG_ON_SIZE (2322)
N#define AIRBAG_ON_HEIGHT (43)
N#define AIRBAG_ON_WIDTH (54)
N#define AIRBAG_ON_XPOS (0)
N#define AIRBAG_ON_YPOS (0)
N#define AIRBAG_ON_XCPOS (0)
N#define AIRBAG_ON_YCPOS (0)
N
N#define ASB_OFF_SIZE (2709)
N#define ASB_OFF_HEIGHT (43)
N#define ASB_OFF_WIDTH (63)
N#define ASB_OFF_XPOS (0)
N#define ASB_OFF_YPOS (0)
N#define ASB_OFF_XCPOS (0)
N#define ASB_OFF_YCPOS (0)
N
N#define ASB_ON_SIZE (2709)
N#define ASB_ON_HEIGHT (43)
N#define ASB_ON_WIDTH (63)
N#define ASB_ON_XPOS (0)
N#define ASB_ON_YPOS (0)
N#define ASB_ON_XCPOS (0)
N#define ASB_ON_YCPOS (0)
N
N#define A_FOGLAMP_OFF_SIZE (2560)
N#define A_FOGLAMP_OFF_HEIGHT (40)
N#define A_FOGLAMP_OFF_WIDTH (64)
N#define A_FOGLAMP_OFF_XPOS (0)
N#define A_FOGLAMP_OFF_YPOS (0)
N#define A_FOGLAMP_OFF_XCPOS (0)
N#define A_FOGLAMP_OFF_YCPOS (0)
N
N#define A_FOGLAMP_ON_SIZE (2560)
N#define A_FOGLAMP_ON_HEIGHT (40)
N#define A_FOGLAMP_ON_WIDTH (64)
N#define A_FOGLAMP_ON_XPOS (0)
N#define A_FOGLAMP_ON_YPOS (0)
N#define A_FOGLAMP_ON_XCPOS (0)
N#define A_FOGLAMP_ON_YCPOS (0)
N
N#define BRAKEFLUID_OFF_SIZE (2580)
N#define BRAKEFLUID_OFF_HEIGHT (43)
N#define BRAKEFLUID_OFF_WIDTH (60)
N#define BRAKEFLUID_OFF_XPOS (0)
N#define BRAKEFLUID_OFF_YPOS (0)
N#define BRAKEFLUID_OFF_XCPOS (0)
N#define BRAKEFLUID_OFF_YCPOS (0)
N
N#define BRAKEFLUID_ON_SIZE (2580)
N#define BRAKEFLUID_ON_HEIGHT (43)
N#define BRAKEFLUID_ON_WIDTH (60)
N#define BRAKEFLUID_ON_XPOS (0)
N#define BRAKEFLUID_ON_YPOS (0)
N#define BRAKEFLUID_ON_XCPOS (0)
N#define BRAKEFLUID_ON_YCPOS (0)
N
N#define CARLOCK_OFF_SIZE (2360)
N#define CARLOCK_OFF_HEIGHT (40)
N#define CARLOCK_OFF_WIDTH (59)
N#define CARLOCK_OFF_XPOS (0)
N#define CARLOCK_OFF_YPOS (0)
N#define CARLOCK_OFF_XCPOS (0)
N#define CARLOCK_OFF_YCPOS (0)
N
N#define CARLOCK_ON_SIZE (2360)
N#define CARLOCK_ON_HEIGHT (40)
N#define CARLOCK_ON_WIDTH (59)
N#define CARLOCK_ON_XPOS (0)
N#define CARLOCK_ON_YPOS (0)
N#define CARLOCK_ON_XCPOS (0)
N#define CARLOCK_ON_YCPOS (0)
N
N#define CHARGE_OFF_SIZE (2600)
N#define CHARGE_OFF_HEIGHT (40)
N#define CHARGE_OFF_WIDTH (65)
N#define CHARGE_OFF_XPOS (0)
N#define CHARGE_OFF_YPOS (0)
N#define CHARGE_OFF_XCPOS (0)
N#define CHARGE_OFF_YCPOS (0)
N
N#define CHARGE_ON_SIZE (2600)
N#define CHARGE_ON_HEIGHT (40)
N#define CHARGE_ON_WIDTH (65)
N#define CHARGE_ON_XPOS (0)
N#define CHARGE_ON_YPOS (0)
N#define CHARGE_ON_XCPOS (0)
N#define CHARGE_ON_YCPOS (0)
N
N#define CHARGPLUG_OFF_SIZE (2760)
N#define CHARGPLUG_OFF_HEIGHT (40)
N#define CHARGPLUG_OFF_WIDTH (69)
N#define CHARGPLUG_OFF_XPOS (0)
N#define CHARGPLUG_OFF_YPOS (0)
N#define CHARGPLUG_OFF_XCPOS (0)
N#define CHARGPLUG_OFF_YCPOS (0)
N
N#define CHARGPLUG_ON_SIZE (2760)
N#define CHARGPLUG_ON_HEIGHT (40)
N#define CHARGPLUG_ON_WIDTH (69)
N#define CHARGPLUG_ON_XPOS (0)
N#define CHARGPLUG_ON_YPOS (0)
N#define CHARGPLUG_ON_XCPOS (0)
N#define CHARGPLUG_ON_YCPOS (0)
N
N#define DCDC_OFF_SIZE (2400)
N#define DCDC_OFF_HEIGHT (40)
N#define DCDC_OFF_WIDTH (60)
N#define DCDC_OFF_XPOS (0)
N#define DCDC_OFF_YPOS (0)
N#define DCDC_OFF_XCPOS (0)
N#define DCDC_OFF_YCPOS (0)
N
N#define DCDC_ON_SIZE (2400)
N#define DCDC_ON_HEIGHT (40)
N#define DCDC_ON_WIDTH (60)
N#define DCDC_ON_XPOS (0)
N#define DCDC_ON_YPOS (0)
N#define DCDC_ON_XCPOS (0)
N#define DCDC_ON_YCPOS (0)
N
N#define DIPPEDHEADLIGHT_OFF_SIZE (2752)
N#define DIPPEDHEADLIGHT_OFF_HEIGHT (43)
N#define DIPPEDHEADLIGHT_OFF_WIDTH (64)
N#define DIPPEDHEADLIGHT_OFF_XPOS (0)
N#define DIPPEDHEADLIGHT_OFF_YPOS (0)
N#define DIPPEDHEADLIGHT_OFF_XCPOS (0)
N#define DIPPEDHEADLIGHT_OFF_YCPOS (0)
N
N#define DIPPEDHEADLIGHT_ON_SIZE (2752)
N#define DIPPEDHEADLIGHT_ON_HEIGHT (43)
N#define DIPPEDHEADLIGHT_ON_WIDTH (64)
N#define DIPPEDHEADLIGHT_ON_XPOS (0)
N#define DIPPEDHEADLIGHT_ON_YPOS (0)
N#define DIPPEDHEADLIGHT_ON_XCPOS (0)
N#define DIPPEDHEADLIGHT_ON_YCPOS (0)
N
N#define DOOR_OFF_SIZE (2967)
N#define DOOR_OFF_HEIGHT (43)
N#define DOOR_OFF_WIDTH (69)
N#define DOOR_OFF_XPOS (0)
N#define DOOR_OFF_YPOS (0)
N#define DOOR_OFF_XCPOS (0)
N#define DOOR_OFF_YCPOS (0)
N
N#define DOOR_ON_SIZE (2967)
N#define DOOR_ON_HEIGHT (43)
N#define DOOR_ON_WIDTH (69)
N#define DOOR_ON_XPOS (0)
N#define DOOR_ON_YPOS (0)
N#define DOOR_ON_XCPOS (0)
N#define DOOR_ON_YCPOS (0)
N
N#define EPS_OFF_SIZE (2560)
N#define EPS_OFF_HEIGHT (40)
N#define EPS_OFF_WIDTH (64)
N#define EPS_OFF_XPOS (0)
N#define EPS_OFF_YPOS (0)
N#define EPS_OFF_XCPOS (0)
N#define EPS_OFF_YCPOS (0)
N
N#define EPS_ON_SIZE (2560)
N#define EPS_ON_HEIGHT (40)
N#define EPS_ON_WIDTH (64)
N#define EPS_ON_XPOS (0)
N#define EPS_ON_YPOS (0)
N#define EPS_ON_XCPOS (0)
N#define EPS_ON_YCPOS (0)
N
N#define F_FOGLAMP_OFF_SIZE (2537)
N#define F_FOGLAMP_OFF_HEIGHT (43)
N#define F_FOGLAMP_OFF_WIDTH (59)
N#define F_FOGLAMP_OFF_XPOS (0)
N#define F_FOGLAMP_OFF_YPOS (0)
N#define F_FOGLAMP_OFF_XCPOS (0)
N#define F_FOGLAMP_OFF_YCPOS (0)
N
N#define F_FOGLAMP_ON_SIZE (2537)
N#define F_FOGLAMP_ON_HEIGHT (43)
N#define F_FOGLAMP_ON_WIDTH (59)
N#define F_FOGLAMP_ON_XPOS (0)
N#define F_FOGLAMP_ON_YPOS (0)
N#define F_FOGLAMP_ON_XCPOS (0)
N#define F_FOGLAMP_ON_YCPOS (0)
N
N#define HIGHBEAM_OFF_SIZE (2752)
N#define HIGHBEAM_OFF_HEIGHT (43)
N#define HIGHBEAM_OFF_WIDTH (64)
N#define HIGHBEAM_OFF_XPOS (0)
N#define HIGHBEAM_OFF_YPOS (0)
N#define HIGHBEAM_OFF_XCPOS (0)
N#define HIGHBEAM_OFF_YCPOS (0)
N
N#define HIGHBEAM_ON_SIZE (2752)
N#define HIGHBEAM_ON_HEIGHT (43)
N#define HIGHBEAM_ON_WIDTH (64)
N#define HIGHBEAM_ON_XPOS (0)
N#define HIGHBEAM_ON_YPOS (0)
N#define HIGHBEAM_ON_XCPOS (0)
N#define HIGHBEAM_ON_YCPOS (0)
N
N#define INSULATIONERR_OFF_SIZE (2160)
N#define INSULATIONERR_OFF_HEIGHT (40)
N#define INSULATIONERR_OFF_WIDTH (54)
N#define INSULATIONERR_OFF_XPOS (0)
N#define INSULATIONERR_OFF_YPOS (0)
N#define INSULATIONERR_OFF_XCPOS (0)
N#define INSULATIONERR_OFF_YCPOS (0)
N
N#define INSULATIONERR_ON_SIZE (2160)
N#define INSULATIONERR_ON_HEIGHT (40)
N#define INSULATIONERR_ON_WIDTH (54)
N#define INSULATIONERR_ON_XPOS (0)
N#define INSULATIONERR_ON_YPOS (0)
N#define INSULATIONERR_ON_XCPOS (0)
N#define INSULATIONERR_ON_YCPOS (0)
N
N#define MOTORERR_OFF_SIZE (2795)
N#define MOTORERR_OFF_HEIGHT (43)
N#define MOTORERR_OFF_WIDTH (65)
N#define MOTORERR_OFF_XPOS (0)
N#define MOTORERR_OFF_YPOS (0)
N#define MOTORERR_OFF_XCPOS (0)
N#define MOTORERR_OFF_YCPOS (0)
N
N#define MOTORERR_ON_SIZE (2795)
N#define MOTORERR_ON_HEIGHT (43)
N#define MOTORERR_ON_WIDTH (65)
N#define MOTORERR_ON_XPOS (0)
N#define MOTORERR_ON_YPOS (0)
N#define MOTORERR_ON_XCPOS (0)
N#define MOTORERR_ON_YCPOS (0)
N
N#define MOTOROT_OFF_SIZE (2623)
N#define MOTOROT_OFF_HEIGHT (43)
N#define MOTOROT_OFF_WIDTH (61)
N#define MOTOROT_OFF_XPOS (0)
N#define MOTOROT_OFF_YPOS (0)
N#define MOTOROT_OFF_XCPOS (0)
N#define MOTOROT_OFF_YCPOS (0)
N
N#define MOTOROT_ON_SIZE (2623)
N#define MOTOROT_ON_HEIGHT (43)
N#define MOTOROT_ON_WIDTH (61)
N#define MOTOROT_ON_XPOS (0)
N#define MOTOROT_ON_YPOS (0)
N#define MOTOROT_ON_XCPOS (0)
N#define MOTOROT_ON_YCPOS (0)
N
N#define MOTORSPEED_OFF_SIZE (2580)
N#define MOTORSPEED_OFF_HEIGHT (43)
N#define MOTORSPEED_OFF_WIDTH (60)
N#define MOTORSPEED_OFF_XPOS (0)
N#define MOTORSPEED_OFF_YPOS (0)
N#define MOTORSPEED_OFF_XCPOS (0)
N#define MOTORSPEED_OFF_YCPOS (0)
N
N#define MOTORSPEED_ON_SIZE (2580)
N#define MOTORSPEED_ON_HEIGHT (43)
N#define MOTORSPEED_ON_WIDTH (60)
N#define MOTORSPEED_ON_XPOS (0)
N#define MOTORSPEED_ON_YPOS (0)
N#define MOTORSPEED_ON_XCPOS (0)
N#define MOTORSPEED_ON_YCPOS (0)
N
N#define PARKING_OFF_SIZE (2520)
N#define PARKING_OFF_HEIGHT (40)
N#define PARKING_OFF_WIDTH (63)
N#define PARKING_OFF_XPOS (0)
N#define PARKING_OFF_YPOS (0)
N#define PARKING_OFF_XCPOS (0)
N#define PARKING_OFF_YCPOS (0)
N
N#define PARKING_ON_SIZE (2520)
N#define PARKING_ON_HEIGHT (40)
N#define PARKING_ON_WIDTH (63)
N#define PARKING_ON_XPOS (0)
N#define PARKING_ON_YPOS (0)
N#define PARKING_ON_XCPOS (0)
N#define PARKING_ON_YCPOS (0)
N
N#define POWERBATTERYCUT_OFF_SIZE (2440)
N#define POWERBATTERYCUT_OFF_HEIGHT (40)
N#define POWERBATTERYCUT_OFF_WIDTH (61)
N#define POWERBATTERYCUT_OFF_XPOS (0)
N#define POWERBATTERYCUT_OFF_YPOS (0)
N#define POWERBATTERYCUT_OFF_XCPOS (0)
N#define POWERBATTERYCUT_OFF_YCPOS (0)
N
N#define POWERBATTERYCUT_ON_SIZE (2440)
N#define POWERBATTERYCUT_ON_HEIGHT (40)
N#define POWERBATTERYCUT_ON_WIDTH (61)
N#define POWERBATTERYCUT_ON_XPOS (0)
N#define POWERBATTERYCUT_ON_YPOS (0)
N#define POWERBATTERYCUT_ON_XCPOS (0)
N#define POWERBATTERYCUT_ON_YCPOS (0)
N
N#define POWERBATTERY_OFF_SIZE (2320)
N#define POWERBATTERY_OFF_HEIGHT (40)
N#define POWERBATTERY_OFF_WIDTH (58)
N#define POWERBATTERY_OFF_XPOS (0)
N#define POWERBATTERY_OFF_YPOS (0)
N#define POWERBATTERY_OFF_XCPOS (0)
N#define POWERBATTERY_OFF_YCPOS (0)
N
N#define POWERBATTERY_ON_SIZE (2320)
N#define POWERBATTERY_ON_HEIGHT (40)
N#define POWERBATTERY_ON_WIDTH (58)
N#define POWERBATTERY_ON_XPOS (0)
N#define POWERBATTERY_ON_YPOS (0)
N#define POWERBATTERY_ON_XCPOS (0)
N#define POWERBATTERY_ON_YCPOS (0)
N
N#define SAFETYBELT_OFF_SIZE (2400)
N#define SAFETYBELT_OFF_HEIGHT (40)
N#define SAFETYBELT_OFF_WIDTH (60)
N#define SAFETYBELT_OFF_XPOS (0)
N#define SAFETYBELT_OFF_YPOS (0)
N#define SAFETYBELT_OFF_XCPOS (0)
N#define SAFETYBELT_OFF_YCPOS (0)
N
N#define SAFETYBELT_ON_SIZE (2400)
N#define SAFETYBELT_ON_HEIGHT (40)
N#define SAFETYBELT_ON_WIDTH (60)
N#define SAFETYBELT_ON_XPOS (0)
N#define SAFETYBELT_ON_YPOS (0)
N#define SAFETYBELT_ON_XCPOS (0)
N#define SAFETYBELT_ON_YCPOS (0)
N
N#define SMALLLIGHT_OFF_SIZE (2360)
N#define SMALLLIGHT_OFF_HEIGHT (40)
N#define SMALLLIGHT_OFF_WIDTH (59)
N#define SMALLLIGHT_OFF_XPOS (0)
N#define SMALLLIGHT_OFF_YPOS (0)
N#define SMALLLIGHT_OFF_XCPOS (0)
N#define SMALLLIGHT_OFF_YCPOS (0)
N
N#define SMALLLIGHT_ON_SIZE (2360)
N#define SMALLLIGHT_ON_HEIGHT (40)
N#define SMALLLIGHT_ON_WIDTH (59)
N#define SMALLLIGHT_ON_XPOS (0)
N#define SMALLLIGHT_ON_YPOS (0)
N#define SMALLLIGHT_ON_XCPOS (0)
N#define SMALLLIGHT_ON_YCPOS (0)
N
N#define SOC_OFF_SIZE (2494)
N#define SOC_OFF_HEIGHT (43)
N#define SOC_OFF_WIDTH (58)
N#define SOC_OFF_XPOS (0)
N#define SOC_OFF_YPOS (0)
N#define SOC_OFF_XCPOS (0)
N#define SOC_OFF_YCPOS (0)
N
N#define SOC_ON_SIZE (2494)
N#define SOC_ON_HEIGHT (43)
N#define SOC_ON_WIDTH (58)
N#define SOC_ON_XPOS (0)
N#define SOC_ON_YPOS (0)
N#define SOC_ON_XCPOS (0)
N#define SOC_ON_YCPOS (0)
N
N#define SYSTEMERR_OFF_SIZE (2537)
N#define SYSTEMERR_OFF_HEIGHT (43)
N#define SYSTEMERR_OFF_WIDTH (59)
N#define SYSTEMERR_OFF_XPOS (0)
N#define SYSTEMERR_OFF_YPOS (0)
N#define SYSTEMERR_OFF_XCPOS (0)
N#define SYSTEMERR_OFF_YCPOS (0)
N
N#define SYSTEMERR_ON_SIZE (2537)
N#define SYSTEMERR_ON_HEIGHT (43)
N#define SYSTEMERR_ON_WIDTH (59)
N#define SYSTEMERR_ON_XPOS (0)
N#define SYSTEMERR_ON_YPOS (0)
N#define SYSTEMERR_ON_XCPOS (0)
N#define SYSTEMERR_ON_YCPOS (0)
N
N
N
N#define BATDOWNINVAL_SIZE (630)
N#define BATDOWNINVAL_HEIGHT (14)
N#define BATDOWNINVAL_WIDTH (45)
N#define BATDOWNINVAL_XPOS (0)
N#define BATDOWNINVAL_YPOS (0)
N#define BATDOWNINVAL_XCPOS (0)
N#define BATDOWNINVAL_YCPOS (0)
N
N#define BATDOWNVAL_SIZE (630)
N#define BATDOWNVAL_HEIGHT (14)
N#define BATDOWNVAL_WIDTH (45)
N#define BATDOWNVAL_XPOS (0)
N#define BATDOWNVAL_YPOS (0)
N#define BATDOWNVAL_XCPOS (0)
N#define BATDOWNVAL_YCPOS (0)
N
N#define BATINVAL_SIZE (495)
N#define BATINVAL_HEIGHT (11)
N#define BATINVAL_WIDTH (45)
N#define BATINVAL_XPOS (0)
N#define BATINVAL_YPOS (0)
N#define BATINVAL_XCPOS (0)
N#define BATINVAL_YCPOS (0)
N
N#define BATUP_SIZE (900)
N#define BATUP_HEIGHT (20)
N#define BATUP_WIDTH (45)
N#define BATUP_XPOS (0)
N#define BATUP_YPOS (0)
N#define BATUP_XCPOS (0)
N#define BATUP_YCPOS (0)
N
N#define BATVAL_SIZE (495)
N#define BATVAL_HEIGHT (11)
N#define BATVAL_WIDTH (45)
N#define BATVAL_XPOS (0)
N#define BATVAL_YPOS (0)
N#define BATVAL_XCPOS (0)
N#define BATVAL_YCPOS (0)
N
N#define PROINVAL_SIZE (189)
N#define PROINVAL_HEIGHT (21)
N#define PROINVAL_WIDTH (9)
N#define PROINVAL_XPOS (0)
N#define PROINVAL_YPOS (0)
N#define PROINVAL_XCPOS (0)
N#define PROINVAL_YCPOS (0)
N
N#define PROLEFT_SIZE (252)
N#define PROLEFT_HEIGHT (21)
N#define PROLEFT_WIDTH (12)
N#define PROLEFT_XPOS (0)
N#define PROLEFT_YPOS (0)
N#define PROLEFT_XCPOS (0)
N#define PROLEFT_YCPOS (0)
N
N#define PRORIGHT_SIZE (210)
N#define PRORIGHT_HEIGHT (21)
N#define PRORIGHT_WIDTH (10)
N#define PRORIGHT_XPOS (0)
N#define PRORIGHT_YPOS (0)
N#define PRORIGHT_XCPOS (0)
N#define PRORIGHT_YCPOS (0)
N
N#define PROVAL_SIZE (210)
N#define PROVAL_HEIGHT (21)
N#define PROVAL_WIDTH (10)
N#define PROVAL_XPOS (0)
N#define PROVAL_YPOS (0)
N#define PROVAL_XCPOS (0)
N#define PROVAL_YCPOS (0)
N
N
N
N#define FONT0_SIZE (165)
N#define FONT0_HEIGHT (15)
N#define FONT0_WIDTH (11)
N#define FONT0_XPOS (0)
N#define FONT0_YPOS (0)
N#define FONT0_XCPOS (0)
N#define FONT0_YCPOS (0)
N
N#define FONT1_SIZE (160)
N#define FONT1_HEIGHT (16)
N#define FONT1_WIDTH (10)
N#define FONT1_XPOS (0)
N#define FONT1_YPOS (0)
N#define FONT1_XCPOS (0)
N#define FONT1_YCPOS (0)
N
N#define FONT2_SIZE (165)
N#define FONT2_HEIGHT (15)
N#define FONT2_WIDTH (11)
N#define FONT2_XPOS (0)
N#define FONT2_YPOS (0)
N#define FONT2_XCPOS (0)
N#define FONT2_YCPOS (0)
N
N#define FONT3_SIZE (165)
N#define FONT3_HEIGHT (15)
N#define FONT3_WIDTH (11)
N#define FONT3_XPOS (0)
N#define FONT3_YPOS (0)
N#define FONT3_XCPOS (0)
N#define FONT3_YCPOS (0)
N
N#define FONT4_SIZE (180)
N#define FONT4_HEIGHT (15)
N#define FONT4_WIDTH (12)
N#define FONT4_XPOS (0)
N#define FONT4_YPOS (0)
N#define FONT4_XCPOS (0)
N#define FONT4_YCPOS (0)
N
N#define FONT5_SIZE (150)
N#define FONT5_HEIGHT (15)
N#define FONT5_WIDTH (10)
N#define FONT5_XPOS (0)
N#define FONT5_YPOS (0)
N#define FONT5_XCPOS (0)
N#define FONT5_YCPOS (0)
N
N#define FONT6_SIZE (165)
N#define FONT6_HEIGHT (15)
N#define FONT6_WIDTH (11)
N#define FONT6_XPOS (0)
N#define FONT6_YPOS (0)
N#define FONT6_XCPOS (0)
N#define FONT6_YCPOS (0)
N
N#define FONT7_SIZE (165)
N#define FONT7_HEIGHT (15)
N#define FONT7_WIDTH (11)
N#define FONT7_XPOS (0)
N#define FONT7_YPOS (0)
N#define FONT7_XCPOS (0)
N#define FONT7_YCPOS (0)
N
N#define FONT8_SIZE (165)
N#define FONT8_HEIGHT (15)
N#define FONT8_WIDTH (11)
N#define FONT8_XPOS (0)
N#define FONT8_YPOS (0)
N#define FONT8_XCPOS (0)
N#define FONT8_YCPOS (0)
N
N#define FONT9_SIZE (165)
N#define FONT9_HEIGHT (15)
N#define FONT9_WIDTH (11)
N#define FONT9_XPOS (0)
N#define FONT9_YPOS (0)
N#define FONT9_XCPOS (0)
N#define FONT9_YCPOS (0)
N
N#define FONTDP_SIZE (42)
N#define FONTDP_HEIGHT (6)
N#define FONTDP_WIDTH (7)
N#define FONTDP_XPOS (0)
N#define FONTDP_YPOS (0)
N#define FONTDP_XCPOS (0)
N#define FONTDP_YCPOS (0)
N
N
N
N#define KM_SIZE (256)
N#define KM_HEIGHT (16)
N#define KM_WIDTH (16)
N#define KM_XPOS (0)
N#define KM_YPOS (0)
N#define KM_XCPOS (0)
N#define KM_YCPOS (0)
N
N#define TOTALDISTANCE_SIZE (960)
N#define TOTALDISTANCE_HEIGHT (16)
N#define TOTALDISTANCE_WIDTH (60)
N#define TOTALDISTANCE_XPOS (0)
N#define TOTALDISTANCE_YPOS (0)
N#define TOTALDISTANCE_XCPOS (0)
N#define TOTALDISTANCE_YCPOS (0)
N
N#define TRIPDISTANCE_SIZE (1200)
N#define TRIPDISTANCE_HEIGHT (16)
N#define TRIPDISTANCE_WIDTH (75)
N#define TRIPDISTANCE_XPOS (0)
N#define TRIPDISTANCE_YPOS (0)
N#define TRIPDISTANCE_XCPOS (0)
N#define TRIPDISTANCE_YCPOS (0)
N
N#define WFONT0_SIZE (128)
N#define WFONT0_HEIGHT (16)
N#define WFONT0_WIDTH (8)
N#define WFONT0_XPOS (0)
N#define WFONT0_YPOS (0)
N#define WFONT0_XCPOS (0)
N#define WFONT0_YCPOS (0)
N
N#define WFONT1_SIZE (128)
N#define WFONT1_HEIGHT (16)
N#define WFONT1_WIDTH (8)
N#define WFONT1_XPOS (0)
N#define WFONT1_YPOS (0)
N#define WFONT1_XCPOS (0)
N#define WFONT1_YCPOS (0)
N
N#define WFONT2_SIZE (128)
N#define WFONT2_HEIGHT (16)
N#define WFONT2_WIDTH (8)
N#define WFONT2_XPOS (0)
N#define WFONT2_YPOS (0)
N#define WFONT2_XCPOS (0)
N#define WFONT2_YCPOS (0)
N
N#define WFONT3_SIZE (128)
N#define WFONT3_HEIGHT (16)
N#define WFONT3_WIDTH (8)
N#define WFONT3_XPOS (0)
N#define WFONT3_YPOS (0)
N#define WFONT3_XCPOS (0)
N#define WFONT3_YCPOS (0)
N
N#define WFONT4_SIZE (128)
N#define WFONT4_HEIGHT (16)
N#define WFONT4_WIDTH (8)
N#define WFONT4_XPOS (0)
N#define WFONT4_YPOS (0)
N#define WFONT4_XCPOS (0)
N#define WFONT4_YCPOS (0)
N
N#define WFONT5_SIZE (128)
N#define WFONT5_HEIGHT (16)
N#define WFONT5_WIDTH (8)
N#define WFONT5_XPOS (0)
N#define WFONT5_YPOS (0)
N#define WFONT5_XCPOS (0)
N#define WFONT5_YCPOS (0)
N
N#define WFONT6_SIZE (128)
N#define WFONT6_HEIGHT (16)
N#define WFONT6_WIDTH (8)
N#define WFONT6_XPOS (0)
N#define WFONT6_YPOS (0)
N#define WFONT6_XCPOS (0)
N#define WFONT6_YCPOS (0)
N
N#define WFONT7_SIZE (128)
N#define WFONT7_HEIGHT (16)
N#define WFONT7_WIDTH (8)
N#define WFONT7_XPOS (0)
N#define WFONT7_YPOS (0)
N#define WFONT7_XCPOS (0)
N#define WFONT7_YCPOS (0)
N
N#define WFONT8_SIZE (128)
N#define WFONT8_HEIGHT (16)
N#define WFONT8_WIDTH (8)
N#define WFONT8_XPOS (0)
N#define WFONT8_YPOS (0)
N#define WFONT8_XCPOS (0)
N#define WFONT8_YCPOS (0)
N
N#define WFONT9_SIZE (128)
N#define WFONT9_HEIGHT (16)
N#define WFONT9_WIDTH (8)
N#define WFONT9_XPOS (0)
N#define WFONT9_YPOS (0)
N#define WFONT9_XCPOS (0)
N#define WFONT9_YCPOS (0)
N
N#define WFONTDP_SIZE (128)
N#define WFONTDP_HEIGHT (16)
N#define WFONTDP_WIDTH (8)
N#define WFONTDP_XPOS (0)
N#define WFONTDP_YPOS (0)
N#define WFONTDP_XCPOS (0)
N#define WFONTDP_YCPOS (0)
N
N
N#define CHARGETIME_SIZE (1800)
N#define CHARGETIME_HEIGHT (24)
N#define CHARGETIME_WIDTH (75)
N#define CHARGETIME_XPOS (0)
N#define CHARGETIME_YPOS (0)
N#define CHARGETIME_XCPOS (0)
N#define CHARGETIME_YCPOS (0)
N
N#define HOUR_SIZE (432)
N#define HOUR_HEIGHT (24)
N#define HOUR_WIDTH (18)
N#define HOUR_XPOS (0)
N#define HOUR_YPOS (0)
N#define HOUR_XCPOS (0)
N#define HOUR_YCPOS (0)
N
N#define MINUTE_SIZE (432)
N#define MINUTE_HEIGHT (24)
N#define MINUTE_WIDTH (18)
N#define MINUTE_XPOS (0)
N#define MINUTE_YPOS (0)
N#define MINUTE_XCPOS (0)
N#define MINUTE_YCPOS (0)
N
N
N
N
N#define ERR1_SIZE (4096)
N#define ERR1_HEIGHT (32)
N#define ERR1_WIDTH (128)
N#define ERR1_XPOS (0)
N#define ERR1_YPOS (0)
N#define ERR1_XCPOS (0)
N#define ERR1_YCPOS (0)
N
N#define ERR10_SIZE (4096)
N#define ERR10_HEIGHT (32)
N#define ERR10_WIDTH (128)
N#define ERR10_XPOS (0)
N#define ERR10_YPOS (0)
N#define ERR10_XCPOS (0)
N#define ERR10_YCPOS (0)
N
N#define ERR11_SIZE (4096)
N#define ERR11_HEIGHT (32)
N#define ERR11_WIDTH (128)
N#define ERR11_XPOS (0)
N#define ERR11_YPOS (0)
N#define ERR11_XCPOS (0)
N#define ERR11_YCPOS (0)
N
N#define ERR12_SIZE (4096)
N#define ERR12_HEIGHT (32)
N#define ERR12_WIDTH (128)
N#define ERR12_XPOS (0)
N#define ERR12_YPOS (0)
N#define ERR12_XCPOS (0)
N#define ERR12_YCPOS (0)
N
N#define ERR13_SIZE (4096)
N#define ERR13_HEIGHT (32)
N#define ERR13_WIDTH (128)
N#define ERR13_XPOS (0)
N#define ERR13_YPOS (0)
N#define ERR13_XCPOS (0)
N#define ERR13_YCPOS (0)
N
N#define ERR14_SIZE (4096)
N#define ERR14_HEIGHT (32)
N#define ERR14_WIDTH (128)
N#define ERR14_XPOS (0)
N#define ERR14_YPOS (0)
N#define ERR14_XCPOS (0)
N#define ERR14_YCPOS (0)
N
N#define ERR15_SIZE (4096)
N#define ERR15_HEIGHT (32)
N#define ERR15_WIDTH (128)
N#define ERR15_XPOS (0)
N#define ERR15_YPOS (0)
N#define ERR15_XCPOS (0)
N#define ERR15_YCPOS (0)
N
N#define ERR16_SIZE (4096)
N#define ERR16_HEIGHT (32)
N#define ERR16_WIDTH (128)
N#define ERR16_XPOS (0)
N#define ERR16_YPOS (0)
N#define ERR16_XCPOS (0)
N#define ERR16_YCPOS (0)
N
N#define ERR17_SIZE (4096)
N#define ERR17_HEIGHT (32)
N#define ERR17_WIDTH (128)
N#define ERR17_XPOS (0)
N#define ERR17_YPOS (0)
N#define ERR17_XCPOS (0)
N#define ERR17_YCPOS (0)
N
N#define ERR18_SIZE (4096)
N#define ERR18_HEIGHT (32)
N#define ERR18_WIDTH (128)
N#define ERR18_XPOS (0)
N#define ERR18_YPOS (0)
N#define ERR18_XCPOS (0)
N#define ERR18_YCPOS (0)
N
N#define ERR19_SIZE (6848)
N#define ERR19_HEIGHT (32)
N#define ERR19_WIDTH (214)
N#define ERR19_XPOS (0)
N#define ERR19_YPOS (0)
N#define ERR19_XCPOS (0)
N#define ERR19_YCPOS (0)
N
N#define ERR2_SIZE (4096)
N#define ERR2_HEIGHT (32)
N#define ERR2_WIDTH (128)
N#define ERR2_XPOS (0)
N#define ERR2_YPOS (0)
N#define ERR2_XCPOS (0)
N#define ERR2_YCPOS (0)
N
N#define ERR3_SIZE (4096)
N#define ERR3_HEIGHT (32)
N#define ERR3_WIDTH (128)
N#define ERR3_XPOS (0)
N#define ERR3_YPOS (0)
N#define ERR3_XCPOS (0)
N#define ERR3_YCPOS (0)
N
N#define ERR4_SIZE (4096)
N#define ERR4_HEIGHT (32)
N#define ERR4_WIDTH (128)
N#define ERR4_XPOS (0)
N#define ERR4_YPOS (0)
N#define ERR4_XCPOS (0)
N#define ERR4_YCPOS (0)
N
N#define ERR5_SIZE (6848)
N#define ERR5_HEIGHT (32)
N#define ERR5_WIDTH (214)
N#define ERR5_XPOS (0)
N#define ERR5_YPOS (0)
N#define ERR5_XCPOS (0)
N#define ERR5_YCPOS (0)
N
N#define ERR6_SIZE (4096)
N#define ERR6_HEIGHT (32)
N#define ERR6_WIDTH (128)
N#define ERR6_XPOS (0)
N#define ERR6_YPOS (0)
N#define ERR6_XCPOS (0)
N#define ERR6_YCPOS (0)
N
N#define ERR7_SIZE (4096)
N#define ERR7_HEIGHT (32)
N#define ERR7_WIDTH (128)
N#define ERR7_XPOS (0)
N#define ERR7_YPOS (0)
N#define ERR7_XCPOS (0)
N#define ERR7_YCPOS (0)
N
N#define ERR8_SIZE (4096)
N#define ERR8_HEIGHT (32)
N#define ERR8_WIDTH (128)
N#define ERR8_XPOS (0)
N#define ERR8_YPOS (0)
N#define ERR8_XCPOS (0)
N#define ERR8_YCPOS (0)
N
N#define ERR9_SIZE (4096)
N#define ERR9_HEIGHT (32)
N#define ERR9_WIDTH (128)
N#define ERR9_XPOS (0)
N#define ERR9_YPOS (0)
N#define ERR9_XCPOS (0)
N#define ERR9_YCPOS (0)
N
N
N
N#define FONTA_SIZE (128)
N#define FONTA_HEIGHT (16)
N#define FONTA_WIDTH (8)
N#define FONTA_XPOS (0)
N#define FONTA_YPOS (0)
N#define FONTA_XCPOS (0)
N#define FONTA_YCPOS (0)
N
N#define FONTE_SIZE (128)
N#define FONTE_HEIGHT (16)
N#define FONTE_WIDTH (8)
N#define FONTE_XPOS (0)
N#define FONTE_YPOS (0)
N#define FONTE_XCPOS (0)
N#define FONTE_YCPOS (0)
N
N#define FONTF_SIZE (128)
N#define FONTF_HEIGHT (16)
N#define FONTF_WIDTH (8)
N#define FONTF_XPOS (0)
N#define FONTF_YPOS (0)
N#define FONTF_XCPOS (0)
N#define FONTF_YCPOS (0)
N
N#define FONTSOC_SIZE (384)
N#define FONTSOC_HEIGHT (16)
N#define FONTSOC_WIDTH (24)
N#define FONTSOC_XPOS (0)
N#define FONTSOC_YPOS (0)
N#define FONTSOC_XCPOS (0)
N#define FONTSOC_YCPOS (0)
N
N#define FONTV_SIZE (128)
N#define FONTV_HEIGHT (16)
N#define FONTV_WIDTH (8)
N#define FONTV_XPOS (0)
N#define FONTV_YPOS (0)
N#define FONTV_XCPOS (0)
N#define FONTV_YCPOS (0)
N
N
N#define LEV_D_SIZE (450)
N#define LEV_D_HEIGHT (30)
N#define LEV_D_WIDTH (15)
N#define LEV_D_XPOS (0)
N#define LEV_D_YPOS (0)
N#define LEV_D_XCPOS (0)
N#define LEV_D_YCPOS (0)
N
N#define LEV_N_SIZE (450)
N#define LEV_N_HEIGHT (30)
N#define LEV_N_WIDTH (15)
N#define LEV_N_XPOS (0)
N#define LEV_N_YPOS (0)
N#define LEV_N_XCPOS (0)
N#define LEV_N_YCPOS (0)
N
N#define LEV_P_SIZE (450)
N#define LEV_P_HEIGHT (30)
N#define LEV_P_WIDTH (15)
N#define LEV_P_XPOS (0)
N#define LEV_P_YPOS (0)
N#define LEV_P_XCPOS (0)
N#define LEV_P_YCPOS (0)
N
N#define LEV_R_SIZE (450)
N#define LEV_R_HEIGHT (30)
N#define LEV_R_WIDTH (15)
N#define LEV_R_XPOS (0)
N#define LEV_R_YPOS (0)
N#define LEV_R_XCPOS (0)
N#define LEV_R_YCPOS (0)
N
N#define LEV_S_SIZE (450)
N#define LEV_S_HEIGHT (30)
N#define LEV_S_WIDTH (15)
N#define LEV_S_XPOS (0)
N#define LEV_S_YPOS (0)
N#define LEV_S_XCPOS (0)
N#define LEV_S_YCPOS (0)
N
N
N#define READY_OFF_SIZE (912)
N#define READY_OFF_HEIGHT (19)
N#define READY_OFF_WIDTH (48)
N#define READY_OFF_XPOS (0)
N#define READY_OFF_YPOS (0)
N#define READY_OFF_XCPOS (0)
N#define READY_OFF_YCPOS (0)
N
N#define READY_ON_SIZE (912)
N#define READY_ON_HEIGHT (19)
N#define READY_ON_WIDTH (48)
N#define READY_ON_XPOS (0)
N#define READY_ON_YPOS (0)
N#define READY_ON_XCPOS (0)
N#define READY_ON_YCPOS (0)
N
N
N#define FONT_NE_SIZE (165)
N#define FONT_NE_HEIGHT (15)
N#define FONT_NE_WIDTH (11)
N#define FONT_NE_XPOS (0)
N#define FONT_NE_YPOS (0)
N#define FONT_NE_XCPOS (0)
N#define FONT_NE_YCPOS (0)
N
N#define FONT_WNE_SIZE (128)
N#define FONT_WNE_HEIGHT (16)
N#define FONT_WNE_WIDTH (8)
N#define FONT_WNE_XPOS (0)
N#define FONT_WNE_YPOS (0)
N#define FONT_WNE_XCPOS (0)
N#define FONT_WNE_YCPOS (0)
N
N#define NEEDLEA_SIZE (15834)
N#define NEEDLEA_HEIGHT (182)
N#define NEEDLEA_WIDTH (87)
N#define NEEDLEA_XPOS (0)
N#define NEEDLEA_YPOS (0)
N#define NEEDLEA_XCPOS (42)
N#define NEEDLEA_YCPOS (143)
N
N#define NEEDLEB_SIZE (6138)
N#define NEEDLEB_HEIGHT (99)
N#define NEEDLEB_WIDTH (62)
N#define NEEDLEB_XPOS (0)
N#define NEEDLEB_YPOS (0)
N#define NEEDLEB_XCPOS (32)
N#define NEEDLEB_YCPOS (74)
N
N
N#define DOOR_1_SIZE (1764)
N#define DOOR_1_HEIGHT (42)
N#define DOOR_1_WIDTH (42)
N#define DOOR_1_XPOS (0)
N#define DOOR_1_YPOS (0)
N#define DOOR_1_XCPOS (0)
N#define DOOR_1_YCPOS (0)
N
N#define DOOR_2_SIZE (1764)
N#define DOOR_2_HEIGHT (42)
N#define DOOR_2_WIDTH (42)
N#define DOOR_2_XPOS (0)
N#define DOOR_2_YPOS (0)
N#define DOOR_2_XCPOS (0)
N#define DOOR_2_YCPOS (0)
N
N#define ERR_RED_SIZE (5103)
N#define ERR_RED_HEIGHT (63)
N#define ERR_RED_WIDTH (81)
N#define ERR_RED_XPOS (0)
N#define ERR_RED_YPOS (0)
N#define ERR_RED_XCPOS (0)
N#define ERR_RED_YCPOS (0)
N
N#define ERR_YELLOW_SIZE (5103)
N#define ERR_YELLOW_HEIGHT (63)
N#define ERR_YELLOW_WIDTH (81)
N#define ERR_YELLOW_XPOS (0)
N#define ERR_YELLOW_YPOS (0)
N#define ERR_YELLOW_XCPOS (0)
N#define ERR_YELLOW_YCPOS (0)
N
N
N/***************************************************************************/
N
N
N#endif
N/****************************************************************************/
N
N/************************** BEGIN of DISCLAIMER   **************************
N
N- TOSHIBA is continually working to improve the quality and reliability of   
N  its products. Nevertheless, semiconductor devices in general can
N  malfunction or fail due to their inherent electrical sensitivity and 
N  vulnerability to physical stress. It is the responsibility of the buyer, 
N  when utilizing TOSHIBA products, to comply with the standards of safety 
N  in making a safe design for the entire system, and to avoid situations in 
N  which a malfunction or failure of such TOSHIBA products could cause loss of
N  human life, bodily injury or damage to property.
N
N  In developing your designs, please ensure that TOSHIBA products are used 
N  within specified operating ranges as set forth in the most recent TOSHIBA
N  products specifications.
N  Also, please keep in mind the precautions and conditions set forth in the 
N  ÔøΩHandling Guide for Semiconductor Devices,Ôø?or 
N  ÔøΩTOSHIBA Semiconductor Reliability HandbookÔø?etc..
N
N- The Toshiba products listed in this document are intended for usage in 
N  general electronics applications (computer, personal equipment, office 
N  equipment, measuring equipment, industrial robotics, domestic appliances,
N  etc.). 
N  These Toshiba products are neither intended nor warranted for usage in 
N  equipment that requires extraordinarily high quality and/or reliability or
N  a malfunction or failure of which may cause loss of human life or bodily 
N  injury (ÔøΩUnintended UsageÔø?. Unintended Usage include atomic energy control
N  instruments, airplane or spaceship instruments, transportation instruments, 
N  traffic signal instruments, combustion control instruments, medical 
N  instruments, all types of safety devices, etc.. 
N  Unintended Usage of Toshiba products listed in this document shall be 
N  made at the customerÔøΩs own risk.
N
N- Toshiba assumes no liability for any damage or losses (including but not
N  limited to, loss of business profit,business interruption, loss of business
N  information,and other pecuniary losses) occurring 
N  from the use of, or inability to use, this product.
N
N- The products described in this document are subject to the foreign exchange
N  and foreign trade laws.
N
N- The products described in this document contain components made in the
N  United States and subject to export control of the U.S. authorities. 
N  Diversion contrary to the U.S. law is prohibited.
N
N- The information contained herein is presented only as a guide for the
N  applications of our products. 
N  No responsibility is assumed by TOSHIBA CORPORATION for any infringements
N  of intellectual property or other rights of the third parties which may 
N  result from its use. 
N  No license is granted by implication or otherwise under any intellectual 
N  property or other rights of TOSHIBA CORPORATION or others.
N
N- The information contained herein is subject to change without notice.
N
N****************************  END of DISCLAIMER ****************************/
N
N/********************************* BEGIN OF LOG ******************************
N*
N* $Log: $
N*
N*********************************** END OF LOG ******************************/
L 15 "..\..\Pictures\LeftIcon\PowerBattery_OFF.c" 2
N
N#if defined(__GHS__) || defined(__ghs__)
X#if 0L || 0L
S#pragma ghs section rodata = ".ROMgraphics"
S#define ALIGNED
N#endif /* defined(__GHS__) || defined(__ghs__) */
N
N#if defined(_DIAB_TOOL)
X#if 0L
S#pragma section .rodata ".ROMgraphics"
S/* fixme: specify alignment */
S#define ALIGNED
N#endif /* defined(_DIAB_TOOL) */
N
N#if defined(__arm__) && defined(__ARMCC_VERSION)
X#if 1L && 1L
N#pragma arm section rodata = ".ROMgraphics"
N#define ALIGNED __align(8)
N#endif /* defined(__arm__) && defined(__ARMCC_VERSION) */
N
N#if defined(__GHS__) || defined(__ghs__)
X#if 0L || 0L
S#pragma alignvar(8)
N#endif /* defined(__GHS__) || defined(__ghs__) */
NALIGNED const uint32_t u32_PowerBattery_OFF[POWERBATTERY_OFF_SIZE] = {
X__align(8) const uint32_t u32_PowerBattery_OFF[(2320)] = {
N0x00000000, 0x00000000, 0x00000000, 0x00000000, 0x00000000, 0x00000000, 0x00000000, 0x00000000, 
N0x00000000, 0x00000000, 0x00000000, 0x00000000, 0x00000000, 0x00000000, 0x00000000, 0x00000000, 
N0x00000000, 0x00000000, 0x00000000, 0x00000000, 0x00000000, 0x00000000, 0x00000000, 0x00000000, 
N0x00000000, 0x00000000, 0x00000000, 0x00000000, 0x00000000, 0x00000000, 0x00000000, 0x00000000, 
N0x00000000, 0x00000000, 0x00000000, 0x00000000, 0x00000000, 0x00000000, 0x00000000, 0x00000000, 
N0x00000000, 0x00000000, 0x00000000, 0x00000000, 0x00000000, 0x00000000, 0x00000000, 0x00000000, 
N0x00000000, 0x00000000, 0x00000000, 0x00000000, 0x00000000, 0x00000000, 0x00000000, 0x00000000, 
N0x00000000, 0x00000000, 0x00000000, 0x00000000, 0x00000000, 0x00000000, 0x00000000, 0x00000000, 
N0x00000000, 0x00000000, 0x00000000, 0x00000000, 0x00000000, 0x00000000, 0x00000000, 0x00000000, 
N0x00000000, 0x00000000, 0x00000000, 0x00000000, 0x00000000, 0x00000000, 0x00000000, 0x00000000, 
N0x00000000, 0x00000000, 0x00000000, 0x00000000, 0x00000000, 0x00000000, 0x00000000, 0x00000000, 
N0x00000000, 0x00000000, 0x00000000, 0x00000000, 0x00000000, 0x00000000, 0x00000000, 0x00000000, 
N0x00000000, 0x00000000, 0x00000000, 0x00000000, 0x00000000, 0x00000000, 0x00000000, 0x00000000, 
N0x00000000, 0x00000000, 0x00000000, 0x00000000, 0x00000000, 0x00000000, 0x00000000, 0x00000000, 
N0x00000000, 0x00000000, 0x00000000, 0x00000000, 0x00000000, 0x00000000, 0x00000000, 0x00000000, 
N0x00000000, 0x00000000, 0x00000000, 0x00000000, 0x00000000, 0x00000000, 0x00000000, 0x00000000, 
N0x00000000, 0x00000000, 0x00000000, 0x00000000, 0x00000000, 0x00000000, 0x00000000, 0x00000000, 
N0x00000000, 0x00000000, 0x00000000, 0x00000000, 0x00000000, 0x00000000, 0x00000000, 0x00000000, 
N0x00000000, 0x00000000, 0x00000000, 0x00000000, 0x00000000, 0x00000000, 0x00000000, 0x00000000, 
N0x00000000, 0x00000000, 0x00000000, 0x00000000, 0x00000000, 0x00000000, 0x00000000, 0x00000000, 
N0x00000000, 0x00000000, 0x00000000, 0x00000000, 0x00000000, 0x00000000, 0x00000000, 0x00000000, 
N0x00000000, 0x00000000, 0x00000000, 0x00000000, 0x00000000, 0x00000000, 0x00000000, 0x00000000, 
N0x00000000, 0x00000000, 0x00000000, 0x00000000, 0x00000000, 0x00000000, 0x00000000, 0x00000000, 
N0x00000000, 0x00000000, 0x00000000, 0x00000000, 0x00000000, 0x00000000, 0x00000000, 0x00000000, 
N0x00000000, 0x00000000, 0x00000000, 0x00000000, 0x00000000, 0x00000000, 0x00000000, 0x00000000, 
N0x00000000, 0x00000000, 0x00000000, 0x00000000, 0x00000000, 0x00000000, 0x00000000, 0x00000000, 
N0x00000000, 0x00000000, 0x00000000, 0x00000000, 0x00000000, 0x00000000, 0x00000000, 0x00000000, 
N0x00000000, 0x00000000, 0x00000000, 0x00000000, 0x00000000, 0x00000000, 0x00000000, 0x00000000, 
N0x00000000, 0x00000000, 0x00000000, 0x00000000, 0x00000000, 0x00000000, 0x00000000, 0x00000000, 
N0x00000000, 0x00000000, 0x00000000, 0x00000000, 0x00000000, 0x00000000, 0x00000000, 0x00000000, 
N0x00000000, 0x00000000, 0x00000000, 0x00000000, 0x00000000, 0x00000000, 0x00000000, 0x00000000, 
N0x00000000, 0x00000000, 0x00000000, 0x00000000, 0x00000000, 0x00000000, 0x00000000, 0x00000000, 
N0x00000000, 0x00000000, 0x00000000, 0x00000000, 0x00000000, 0x00000000, 0x00000000, 0x00000000, 
N0x00000000, 0x00000000, 0x00000000, 0x00000000, 0x00000000, 0x00000000, 0x00000000, 0x00000000, 
N0x00000000, 0x00000000, 0x00000000, 0x00000000, 0x00000000, 0x00000000, 0x00000000, 0x00000000, 
N0x00000000, 0x00000000, 0x00000000, 0x00000000, 0x00000000, 0x00000000, 0x00000000, 0x00000000, 
N0x00000000, 0x00000000, 0x00000000, 0x00000000, 0x00000000, 0x00000000, 0x00000000, 0x00000000, 
N0x00000000, 0x00000000, 0x00000000, 0x00000000, 0x00000000, 0x00000000, 0x00000000, 0x00000000, 
N0x00000000, 0x00000000, 0x00000000, 0x00000000, 0x00000000, 0x00000000, 0x00000000, 0x00000000, 
N0x00000000, 0x00000000, 0x00000000, 0x00000000, 0x00000000, 0x00000000, 0x00000000, 0x00000000, 
N0x00000000, 0x00000000, 0x00000000, 0x00000000, 0x00000000, 0x00000000, 0x00000000, 0x00000000, 
N0x00000000, 0x00000000, 0x00000000, 0x00000000, 0x00000000, 0x00000000, 0x7271714B, 0xBF9C9DE5, 
N0xCEB0B0F8, 0xBFA2A2ED, 0x706F714A, 0x00000000, 0x00000000, 0x00000000, 0x00000000, 0x00000000, 
N0x00000000, 0x00000000, 0x00000000, 0x00000000, 0x00000000, 0x00000000, 0x00000000, 0x00000000, 
N0x00000000, 0x00000000, 0x00000000, 0x00000000, 0x00000000, 0x00000000, 0x00000000, 0x00000000, 
N0x00000000, 0x00000000, 0x00000000, 0x00000000, 0x00000000, 0x00000000, 0x00000000, 0x00000000, 
N0x00000000, 0x00000000, 0x00000000, 0x00000000, 0x00000000, 0x00000000, 0x00000000, 0x00000000, 
N0x00000000, 0x00000000, 0x00000000, 0x00000000, 0x00000000, 0x00000000, 0x00000000, 0x00000000, 
N0x00000000, 0x00000000, 0x00000000, 0x00000000, 0x00000000, 0x00000000, 0x00000000, 0x00000000, 
N0xC6A6A7F1, 0xCCCCCCFF, 0xCCCCCCFF, 0xCCCCCCFF, 0xC09B9BE3, 0x00000000, 0x00000000, 0x00000000, 
N0x00000000, 0x00000000, 0x00000000, 0x00000000, 0x00000000, 0x00000000, 0x00000000, 0x00000000, 
N0x00000000, 0x00000000, 0x00000000, 0x00000000, 0x00000000, 0x00000000, 0x00000000, 0x00000000, 
N0x00000000, 0x00000000, 0x00000000, 0x69666810, 0x66676912, 0x00000000, 0x00000000, 0x00000000, 
N0x6666690C, 0x69666808, 0x00000000, 0x00000000, 0x00000000, 0x00000000, 0x00000000, 0x00000000, 
N0x00000000, 0x6766670C, 0x66666904, 0x00000000, 0x00000000, 0x00000000, 0x6666670A, 0x6A666702, 
N0x00000000, 0x00000000, 0x00000000, 0x00000000, 0x00000000, 0x00000000, 0x00000000, 0x00000000, 
N0x00000000, 0x7F737254, 0xCCCCCCFF, 0xCCCCCCFF, 0xCCCCCCFF, 0xCCCCCCFF, 0xCFBABAFD, 0xBC68670C, 
N0x00000000, 0x00000000, 0x00000000, 0x00000000, 0x00000000, 0x00000000, 0x00000000, 0x00000000, 
N0x00000000, 0x00000000, 0x00000000, 0x00000000, 0x00000000, 0x00000000, 0x00000000, 0x00000000, 
N0x00000000, 0x00000000, 0x00000000, 0x00000000, 0x00000000, 0x66666A0A, 0x83787A86, 0xC6787986, 
N0xE2767671, 0xC47A7B8C, 0x7D767774, 0x00000000, 0x00000000, 0x00000000, 0x00000000, 0x00000000, 
N0x00000000, 0x00000000, 0x00000000, 0x66676814, 0x95777879, 0xE1777780, 0xE2767676, 0xB47B7B8E, 
N0x6E6F714A, 0x00000000, 0x00000000, 0x00000000, 0x00000000, 0x00000000, 0x00000000, 0x00000000, 
N0x00000000, 0x00000000, 0x00000000, 0x81737355, 0xCCCCCCFF, 0xCCCCCCFF, 0xCCCCCCFF, 0xCCCCCCFF, 
N0xD0BABAFD, 0xE566660E, 0x00000000, 0x00000000, 0x00000000, 0x00000000, 0x00000000, 0x00000000, 
N0x00000000, 0x00000000, 0x00000000, 0x00000000, 0x00000000, 0x00000000, 0x00000000, 0x00000000, 
N0x00000000, 0x00000000, 0x00000000, 0x00000000, 0x00000000, 0x00000000, 0x00000000, 0x00000000, 
N0xBA8F90D0, 0xCCCCCCFF, 0xCCCCCCFF, 0xCCCCCCFF, 0xB38889C1, 0x00000000, 0x00000000, 0x00000000, 
N0x00000000, 0x00000000, 0x00000000, 0x00000000, 0x00000000, 0x00000000, 0xCCADADF7, 0xCCCCCCFF, 
N0xCCCCCCFF, 0xCCCCCCFF, 0xA88181A4, 0x00000000, 0x00000000, 0x00000000, 0x00000000, 0x00000000, 
N0x00000000, 0x00000000, 0x00000000, 0x00000000, 0x00000000, 0x726D6D31, 0xCDC7C7FF, 0xCCCCCCFF, 
N0xCCCCCCFF, 0xCCCCCCFF, 0xCDB9B9FC, 0x88676708, 0x00000000, 0x00000000, 0x00000000, 0x00000000, 
N0x00000000, 0x00000000, 0x00000000, 0x00000000, 0x00000000, 0x00000000, 0x00000000, 0x00000000, 
N0x00000000, 0x00000000, 0x00000000, 0x00000000, 0x6E6C6E2A, 0x716E703E, 0x736B6A1B, 0x726A6A21, 
N0x726A6A1F, 0x00000000, 0xBD9595DB, 0xCCCCCCFF, 0xCCCCCCFF, 0xCCCCCCFF, 0xB78E8FCE, 0x00000000, 
N0x726A6A1F, 0x726A6A21, 0x726A6A21, 0x726A6A21, 0x726A6A21, 0x72696A21, 0x6B666610, 0x6768690E, 
N0xCBB0B1F8, 0xCCCCCCFF, 0xCCCCCCFF, 0xCCCCCCFF, 0xAA8787B8, 0x00000000, 0x716A6921, 0x726A6A21, 
N0x736B6B1D, 0x736B6C2E, 0x706F6F45, 0x68676904, 0x00000000, 0x00000000, 0x00000000, 0x66686712, 
N0xCCBBBBFD, 0xCCCCCCFF, 0xCCCCCCFF, 0xCCCCCCFF, 0xC9AAAAF4, 0x00000000, 0x00000000, 0x00000000, 
N0x00000000, 0x00000000, 0x00000000, 0x00000000, 0x00000000, 0x00000000, 0x00000000, 0x00000000, 
N0x00000000, 0x00000000, 0x00000000, 0x00000000, 0x00000000, 0x00000000, 0x7E757768, 0xCCCCCCFF, 
N0xCDC6C6FF, 0xCDC5C5FF, 0xCCCACAFF, 0xCCCACAFF, 0xCCCBCBFF, 0xCCCCCCFF, 0xCCCCCCFF, 0xCCCCCCFF, 
N0xCCCBCBFF, 0xCCCACAFF, 0xCCCACAFF, 0xCCCACAFF, 0xCCCACAFF, 0xCCCACAFF, 0xCCCACAFF, 0xCCCACAFF, 
N0xCCCACAFF, 0xCCCBCBFF, 0xCCCCCCFF, 0xCCCCCCFF, 0xCCCCCCFF, 0xCCCCCCFF, 0xCCCBCBFF, 0xCCCACAFF, 
N0xCCCBCBFF, 0xCDC6C6FF, 0xCEC3C3FE, 0xCCCCCCFF, 0x9D8080A2, 0x00000000, 0x00000000, 0x00000000, 
N0x00000000, 0x00000000, 0xC7A5A5F1, 0xCCCCCCFF, 0xCCCCCCFF, 0xCCCCCCFF, 0xC19B9BE5, 0x00000000, 
N0x00000000, 0x00000000, 0x00000000, 0x00000000, 0x00000000, 0x00000000, 0x00000000, 0x00000000, 
N0x00000000, 0x00000000, 0x00000000, 0x00000000, 0x00000000, 0x00000000, 0x00000000, 0x00000000, 
N0x7E727355, 0xCCCCCCFF, 0xCCCCCCFF, 0xCCCCCCFF, 0xCCCCCCFF, 0xCCCCCCFF, 0xCCCCCCFF, 0xCCCCCCFF, 
N0xCCCCCCFF, 0xCCCCCCFF, 0xCCCCCCFF, 0xCCCCCCFF, 0xCCCCCCFF, 0xCCCCCCFF, 0xCCCCCCFF, 0xCCCCCCFF, 
N0xCCCCCCFF, 0xCCCCCCFF, 0xCCCCCCFF, 0xCCCCCCFF, 0xCCCCCCFF, 0xCCCCCCFF, 0xCCCCCCFF, 0xCCCCCCFF, 
N0xCCCCCCFF, 0xCCCCCCFF, 0xCCCCCCFF, 0xCCCCCCFF, 0xCCCCCCFF, 0xCCCCCCFF, 0xB77A7A8B, 0x00000000, 
N0x00000000, 0x00000000, 0x00000000, 0x00000000, 0xC1A4A4EE, 0xCCCCCCFF, 0xCCCCCCFF, 0xCCCCCCFF, 
N0xB58F8FCF, 0x00000000, 0x00000000, 0x00000000, 0x00000000, 0x00000000, 0x00000000, 0x00000000, 
N0x00000000, 0x00000000, 0x00000000, 0x00000000, 0x00000000, 0x00000000, 0x00000000, 0x00000000, 
N0x00000000, 0x00000000, 0x7D727355, 0xCCCCCCFF, 0xCCCCCCFF, 0xC29A9AE4, 0xBE6A6A1D, 0xE3707054, 
N0xE1717155, 0xE1717155, 0xE1717155, 0xE1717155, 0xE1717155, 0xE2717155, 0xE2717155, 0xE0717155, 
N0xE0717155, 0xE0717155, 0xE0717155, 0xE0717155, 0xE0717155, 0xE2717155, 0xE3717155, 0xE3717155, 
N0xE3717155, 0xE3717155, 0xE3717155, 0xE3717155, 0xDD666614, 0xC48686BA, 0xCCCCCCFF, 0xCCCCCCFF, 
N0xBB7A7A8B, 0x00000000, 0x00000000, 0x00000000, 0x00000000, 0x00000000, 0xAC8E8ECC, 0xCCCCCCFF, 
N0xCCCCCCFF, 0xCCCCCCFF, 0xA98788BB, 0x00000000, 0x00000000, 0x00000000, 0x00000000, 0x00000000, 
N0x00000000, 0x00000000, 0x00000000, 0x00000000, 0x00000000, 0x00000000, 0x00000000, 0x00000000, 
N0x00000000, 0x00000000, 0x00000000, 0x00000000, 0x7D727355, 0xCCCCCCFF, 0xCCCCCCFF, 0xB69191D5, 
N0x00000000, 0x00000000, 0x00000000, 0x00000000, 0x00000000, 0x00000000, 0x00000000, 0x00000000, 
N0x00000000, 0x00000000, 0x00000000, 0x00000000, 0x00000000, 0x00000000, 0x00000000, 0x00000000, 
N0x00000000, 0x00000000, 0x00000000, 0x00000000, 0x00000000, 0x00000000, 0x00000000, 0x9A7E7E98, 
N0xCCCCCCFF, 0xCCCCCCFF, 0xB97A7A8B, 0x00000000, 0x00000000, 0x00000000, 0x00000000, 0x00000000, 
N0x997F7F99, 0xCCCCCCFF, 0xCCCCCCFF, 0xCCCCCCFF, 0x9D8384AF, 0x00000000, 0x00000000, 0x00000000, 
N0x00000000, 0x00000000, 0x00000000, 0x00000000, 0x00000000, 0x00000000, 0x00000000, 0x00000000, 
N0x00000000, 0x00000000, 0x00000000, 0x00000000, 0x00000000, 0x00000000, 0x7D727355, 0xCCCCCCFF, 
N0xCCCCCCFF, 0xBE9292D6, 0x00000000, 0x00000000, 0x00000000, 0x00000000, 0x00000000, 0x00000000, 
N0x00000000, 0x00000000, 0x00000000, 0x00000000, 0x00000000, 0x00000000, 0x00000000, 0x00000000, 
N0x00000000, 0x00000000, 0x66666A04, 0x66666806, 0x00000000, 0x66676604, 0x66676C0A, 0x00000000, 
N0x00000000, 0xAB7E7E98, 0xCCCCCCFF, 0xCCCCCCFF, 0xB97A7A8B, 0x00000000, 0x00000000, 0x00000000, 
N0x00000000, 0x00000000, 0x8A777776, 0xCCCCCCFF, 0xCCCCCCFF, 0xCCCCCCFF, 0x8C7A7A84, 0x00000000, 
N0x00000000, 0x00000000, 0x00000000, 0x00000000, 0x00000000, 0x00000000, 0x00000000, 0x00000000, 
N0x00000000, 0x00000000, 0x00000000, 0x00000000, 0x00000000, 0x00000000, 0x00000000, 0x00000000, 
N0x7D727355, 0xCCCCCCFF, 0xCCCCCCFF, 0xBE9292D6, 0x00000000, 0x00000000, 0x00000000, 0x00000000, 
N0x00000000, 0x00000000, 0x00000000, 0x00000000, 0x00000000, 0x00000000, 0x00000000, 0x00000000, 
N0x00000000, 0x00000000, 0x00000000, 0x00000000, 0x00000000, 0x977D7E97, 0xB98C8CCA, 0xA58182A9, 
N0x69696B21, 0x00000000, 0x00000000, 0xAE7E7E98, 0xCCCCCCFF, 0xCCCCCCFF, 0xB97A7A8B, 0x00000000, 
N0x00000000, 0x00000000, 0x00000000, 0x00000000, 0x7B707046, 0xCCCBCBFF, 0xCCCCCCFF, 0xCCCCCCFF, 
N0x796F7048, 0x00000000, 0x00000000, 0x00000000, 0x00000000, 0x00000000, 0x00000000, 0x00000000, 
N0x00000000, 0x00000000, 0x00000000, 0x00000000, 0x00000000, 0x00000000, 0x00000000, 0x00000000, 
N0x00000000, 0x00000000, 0x7D727355, 0xCCCCCCFF, 0xCCCCCCFF, 0xBD9090D2, 0x00000000, 0x796F724B, 
N0x846E6E45, 0x806E6E43, 0x806E6E43, 0x806E6E43, 0x846E6E45, 0x7970724D, 0x6A6A6D19, 0x00000000, 
N0x00000000, 0x00000000, 0x00000000, 0x00000000, 0x00000000, 0x67676804, 0x00000000, 0xC19C9DE7, 
N0xCCCCCCFF, 0xCEB3B3FA, 0x6D6D6E33, 0x6E6F703F, 0x00000000, 0xA97C7C90, 0xCCCCCCFF, 0xCCCCCCFF, 
N0xB97A7A8B, 0x00000000, 0x00000000, 0x00000000, 0x00000000, 0x00000000, 0x69686816, 0xCDBCBCFD, 
N0xCCCCCCFF, 0xCDC0C0FE, 0x696A6B23, 0x00000000, 0x00000000, 0x00000000, 0x00000000, 0x00000000, 
N0x00000000, 0x00000000, 0x00000000, 0x00000000, 0x00000000, 0x00000000, 0x00000000, 0x00000000, 
N0x00000000, 0x00000000, 0x00000000, 0x00000000, 0x7D727355, 0xCCCCCCFF, 0xCCCCCCFF, 0xBA9090D4, 
N0x00000000, 0xC99293D7, 0xCCCCCCFF, 0xCCCCCCFF, 0xCCCCCCFF, 0xCCCCCCFF, 0xCCCCCCFF, 0xC58C8DC9, 
N0x00000000, 0x00000000, 0x00000000, 0x00000000, 0x00000000, 0x00000000, 0x00000000, 0x9D7C7D8F, 
N0xCCCCCCFF, 0xCDC9C9FF, 0xCCCCCCFF, 0xCDC9C9FF, 0xCCCCCCFF, 0xB69494DC, 0x00000000, 0xAB7C7C90, 
N0xCCCCCCFF, 0xCCCCCCFF, 0xB97A7A8B, 0x00000000, 0x00000000, 0x00000000, 0x00000000, 0x00000000, 
N0x00000000, 0xCAB0B0F8, 0xCCCCCCFF, 0xCAACACF6, 0x00000000, 0x00000000, 0x00000000, 0x00000000, 
N0x00000000, 0x00000000, 0x00000000, 0x00000000, 0x00000000, 0x00000000, 0x00000000, 0x00000000, 
N0x00000000, 0x00000000, 0x00000000, 0x00000000, 0x00000000, 0x00000000, 0x7D727355, 0xCCCCCCFF, 
N0xCCCCCCFF, 0xB99292D6, 0x00000000, 0xD38E8ECE, 0xCCCCCCFF, 0xCCCCCCFF, 0xCCCCCCFF, 0xCCCCCCFF, 
N0xCCCCCCFF, 0xD18889C0, 0x00000000, 0x00000000, 0x00000000, 0x00000000, 0x00000000, 0x00000000, 
N0x00000000, 0xA97D7E94, 0xCCCCCCFF, 0xCCCCCCFF, 0xCCCCCCFF, 0xCCCCCCFF, 0xCCCCCCFF, 0xB8908FD1, 
N0x00000000, 0xAC7D7D96, 0xCCCCCCFF, 0xCCCCCCFF, 0xB97A7A8B, 0x00000000, 0x00000000, 0x00000000, 
N0x00000000, 0x00000000, 0x00000000, 0xC39E9FEA, 0xCCCCCCFF, 0xC2999AE3, 0x00000000, 0x00000000, 
N0x00000000, 0x00000000, 0x00000000, 0x00000000, 0x00000000, 0x00000000, 0x00000000, 0x00000000, 
N0x00000000, 0x00000000, 0x00000000, 0x00000000, 0x00000000, 0x00000000, 0x00000000, 0x00000000, 
N0x7D727355, 0xCCCCCCFF, 0xCCCCCCFF, 0xBD9191D5, 0x00000000, 0x947A7B88, 0xC18F8FCE, 0xBA8787BA, 
N0xB98787BA, 0xBB8787BA, 0xC08F8FCD, 0x8F787980, 0x00000000, 0x00000000, 0x00000000, 0x00000000, 
N0x00000000, 0x00000000, 0x00000000, 0x756D6E33, 0x907E7D96, 0xC9B1B1F9, 0xCCCCCCFF, 0xCEBABAFD, 
N0xA38D8ECA, 0x857E7E94, 0x00000000, 0xA97C7C90, 0xCCCCCCFF, 0xCCCCCCFF, 0xB97A7A8B, 0x00000000, 
N0x00000000, 0x00000000, 0x00000000, 0x00000000, 0x00000000, 0xBA9494D8, 0xCCCCCCFF, 0xB88F8FD0, 
N0x00000000, 0x00000000, 0x00000000, 0x00000000, 0x00000000, 0x00000000, 0x00000000, 0x00000000, 
N0x00000000, 0x00000000, 0x00000000, 0x00000000, 0x00000000, 0x00000000, 0x00000000, 0x00000000, 
N0x00000000, 0x00000000, 0x7D727355, 0xCCCCCCFF, 0xCCCCCCFF, 0xBD9191D5, 0x00000000, 0x66676808, 
N0x00000000, 0x00000000, 0x00000000, 0x00000000, 0x00000000, 0x6667680C, 0x6967670E, 0x00000000, 
N0x00000000, 0x00000000, 0x00000000, 0x00000000, 0x00000000, 0x00000000, 0x00000000, 0xAD8F90CE, 
N0xCCCCCCFF, 0xC39D9DE7, 0x6666680A, 0x00000000, 0x00000000, 0xAC7D7C97, 0xCCCCCCFF, 0xCCCCCCFF, 
N0xB97A7A8B, 0x00000000, 0x00000000, 0x00000000, 0x00000000, 0x00000000, 0x00000000, 0xAC8788BC, 
N0xCCCCCCFF, 0xAC8484B1, 0x00000000, 0x00000000, 0x00000000, 0x00000000, 0x00000000, 0x00000000, 
N0x00000000, 0x00000000, 0x00000000, 0x00000000, 0x00000000, 0x00000000, 0x00000000, 0x00000000, 
N0x00000000, 0x00000000, 0x00000000, 0x00000000, 0x7D727355, 0xCCCCCCFF, 0xCCCCCCFF, 0xBE9292D6, 
N0x00000000, 0x00000000, 0x00000000, 0x00000000, 0x00000000, 0x00000000, 0x00000000, 0x00000000, 
N0x00000000, 0x00000000, 0x00000000, 0x00000000, 0x00000000, 0x00000000, 0x00000000, 0x00000000, 
N0x00000000, 0x66686608, 0x71686804, 0x70676904, 0x6766670A, 0x00000000, 0x00000000, 0xAF7E7E98, 
N0xCCCCCCFF, 0xCCCCCCFF, 0xB97A7A8B, 0x00000000, 0x00000000, 0x00000000, 0x00000000, 0x00000000, 
N0x00000000, 0xA17F809E, 0xCCCCCCFF, 0x9F7F809D, 0x00000000, 0x00000000, 0x00000000, 0x00000000, 
N0x00000000, 0x00000000, 0x00000000, 0x00000000, 0x00000000, 0x00000000, 0x00000000, 0x00000000, 
N0x00000000, 0x00000000, 0x00000000, 0x00000000, 0x00000000, 0x00000000, 0x7D727355, 0xCCCCCCFF, 
N0xCCCCCCFF, 0xBD9292D5, 0x00000000, 0x00000000, 0x00000000, 0x00000000, 0x00000000, 0x00000000, 
N0x00000000, 0x00000000, 0x00000000, 0x00000000, 0x00000000, 0x00000000, 0x00000000, 0x00000000, 
N0x00000000, 0x00000000, 0x00000000, 0x00000000, 0x00000000, 0x00000000, 0x00000000, 0x00000000, 
N0x00000000, 0xA57E7E98, 0xCCCCCCFF, 0xCCCCCCFF, 0xB97A7A8B, 0x00000000, 0x00000000, 0x00000000, 
N0x00000000, 0x00000000, 0x00000000, 0x947A7A84, 0xCCCCCCFF, 0x8C777879, 0x00000000, 0x00000000, 
N0x00000000, 0x00000000, 0x00000000, 0x00000000, 0x00000000, 0x00000000, 0x00000000, 0x00000000, 
N0x00000000, 0x00000000, 0x00000000, 0x00000000, 0x00000000, 0x00000000, 0x00000000, 0x00000000, 
N0x7D727355, 0xCCCCCCFF, 0xCCCCCCFF, 0xBF9A9AE4, 0x00000000, 0x00000000, 0x68676A08, 0x68676A08, 
N0x68676A08, 0x68676A08, 0x68676A08, 0x68676A08, 0x68676A08, 0x68676A08, 0x68676A08, 0x68676A08, 
N0x68676A08, 0x68676A08, 0x68676A08, 0x68676A08, 0x68676A08, 0x68676A08, 0x68676A08, 0x67676A08, 
N0x68676A08, 0x68676A08, 0x00000000, 0x9980809C, 0xCCCCCCFF, 0xCCCCCCFF, 0xB97A7A8B, 0x00000000, 
N0x00000000, 0x00000000, 0x00000000, 0x00000000, 0x00000000, 0x8D7A7B88, 0xCCCCCCFF, 0x82727461, 
N0x00000000, 0x00000000, 0x00000000, 0x00000000, 0x00000000, 0x00000000, 0x00000000, 0x00000000, 
N0x00000000, 0x00000000, 0x00000000, 0x00000000, 0x00000000, 0x00000000, 0x00000000, 0x00000000, 
N0x00000000, 0x00000000, 0x7D727355, 0xCCCCCCFF, 0xCCCCCCFF, 0xCCCACAFF, 0xCDBDBDFD, 0xCEBABAFC, 
N0xCDBBBBFD, 0xCDBBBBFD, 0xCDBBBBFD, 0xCDBBBBFD, 0xCDBBBBFD, 0xCDBBBBFD, 0xCDBBBBFD, 0xCDBBBBFD, 
N0xCDBBBBFD, 0xCDBBBBFD, 0xCDBBBBFD, 0xCDBBBBFD, 0xCDBBBBFD, 0xCDBBBBFD, 0xCDBBBBFD, 0xCDBBBBFD, 
N0xCDBBBBFD, 0xCDBBBBFD, 0xCDBBBBFD, 0xCDBBBBFD, 0xCDB8B8FC, 0xCDC1C1FE, 0xCCCCCCFF, 0xCCCCCCFF, 
N0xBB7A7A8B, 0x00000000, 0x00000000, 0x00000000, 0x00000000, 0x00000000, 0x67686604, 0x726C6E37, 
N0x8A757667, 0x70666916, 0x00000000, 0x00000000, 0x00000000, 0x00000000, 0x00000000, 0x00000000, 
N0x00000000, 0x00000000, 0x00000000, 0x00000000, 0x00000000, 0x00000000, 0x00000000, 0x00000000, 
N0x00000000, 0x00000000, 0x00000000, 0x00000000, 0x7F727457, 0xCCCCCCFF, 0xCCCCCCFF, 0xCCCCCCFF, 
N0xCCCCCCFF, 0xCCCCCCFF, 0xCCCCCCFF, 0xCCCCCCFF, 0xCCCCCCFF, 0xCCCCCCFF, 0xCCCCCCFF, 0xCCCCCCFF, 
N0xCCCCCCFF, 0xCCCCCCFF, 0xCCCCCCFF, 0xCCCCCCFF, 0xCCCCCCFF, 0xCCCCCCFF, 0xCCCCCCFF, 0xCCCCCCFF, 
N0xCCCCCCFF, 0xCCCCCCFF, 0xCCCCCCFF, 0xCCCCCCFF, 0xCCCCCCFF, 0xCCCCCCFF, 0xCCCCCCFF, 0xCCCCCCFF, 
N0xCCCCCCFF, 0xCCCCCCFF, 0xAB7A7B8B, 0x00000000, 0x00000000, 0x00000000, 0x00000000, 0x00000000, 
N0x00000000, 0x00000000, 0x00000000, 0x00000000, 0x00000000, 0x00000000, 0x00000000, 0x00000000, 
N0x00000000, 0x00000000, 0x00000000, 0x00000000, 0x00000000, 0x00000000, 0x00000000, 0x00000000, 
N0x00000000, 0x00000000, 0x00000000, 0x00000000, 0x00000000, 0x00000000, 0x78727457, 0xB79798DF, 
N0xB78E8DCC, 0xB48E8ECB, 0xB48E8ECB, 0xB48E8ECB, 0xB48E8ECB, 0xB48E8ECB, 0xB48E8ECB, 0xB48E8ECB, 
N0xB48E8ECB, 0xB48E8ECB, 0xB48E8ECB, 0xB48E8ECB, 0xB48E8ECB, 0xB48E8ECB, 0xB48E8ECB, 0xB48E8ECB, 
N0xB48E8ECB, 0xB48E8ECB, 0xB48E8ECB, 0xB48E8ECB, 0xB48E8ECB, 0xB48E8ECB, 0xB48E8ECB, 0xB48E8ECB, 
N0xB48E8ECB, 0xB48E8ECB, 0xB58E8ECB, 0xBB9697DE, 0x8B7B7B8A, 0x00000000, 0x00000000, 0x00000000, 
N0x00000000, 0x00000000, 0x00000000, 0x00000000, 0x00000000, 0x00000000, 0x00000000, 0x00000000, 
N0x00000000, 0x00000000, 0x00000000, 0x00000000, 0x00000000, 0x00000000, 0x00000000, 0x00000000, 
N0x00000000, 0x00000000, 0x00000000, 0x00000000, 0x00000000, 0x00000000, 0x00000000, 0x00000000, 
N0x6B676908, 0x66676904, 0x00000000, 0x00000000, 0x00000000, 0x00000000, 0x00000000, 0x00000000, 
N0x00000000, 0x00000000, 0x00000000, 0x00000000, 0x00000000, 0x00000000, 0x00000000, 0x00000000, 
N0x00000000, 0x00000000, 0x00000000, 0x00000000, 0x00000000, 0x00000000, 0x00000000, 0x00000000, 
N0x00000000, 0x00000000, 0x00000000, 0x00000000, 0x00000000, 0x00000000, 0x6C6C6B17, 0x6A676A08, 
N0x00000000, 0x00000000, 0x00000000, 0x00000000, 0x6C6C6E37, 0xB49091D1, 0xCF9E9EE9, 0xB38F8FCD, 
N0x6A6B6D2C, 0x00000000, 0x00000000, 0x00000000, 0x00000000, 0x00000000, 0x00000000, 0x00000000, 
N0x00000000, 0x00000000, 0x00000000, 0x00000000, 0x00000000, 0x00000000, 0x00000000, 0x00000000, 
N0x00000000, 0x00000000, 0x00000000, 0x00000000, 0x00000000, 0x00000000, 0x00000000, 0x00000000, 
N0x00000000, 0x00000000, 0x00000000, 0x00000000, 0x00000000, 0x00000000, 0x00000000, 0x00000000, 
N0x00000000, 0x00000000, 0x00000000, 0x00000000, 0x00000000, 0x00000000, 0x00000000, 0x00000000, 
N0x00000000, 0x00000000, 0x00000000, 0x00000000, 0x00000000, 0x00000000, 0x00000000, 0x00000000, 
N0x00000000, 0x00000000, 0x00000000, 0x00000000, 0x00000000, 0x6668690E, 0xC9B1B1F8, 0xCCCCCCFF, 
N0xCCCCCCFF, 0xCCCCCCFF, 0xBF9F9FE9, 0x00000000, 0x00000000, 0x00000000, 0x00000000, 0x00000000, 
N0x00000000, 0x00000000, 0x00000000, 0x00000000, 0x00000000, 0x00000000, 0x00000000, 0x00000000, 
N0x00000000, 0x00000000, 0x00000000, 0x00000000, 0x00000000, 0x00000000, 0x00000000, 0x00000000, 
N0x00000000, 0x00000000, 0x00000000, 0x00000000, 0x00000000, 0x00000000, 0x00000000, 0x00000000, 
N0x00000000, 0x00000000, 0x00000000, 0x00000000, 0x00000000, 0x00000000, 0x00000000, 0x00000000, 
N0x00000000, 0x00000000, 0x00000000, 0x00000000, 0x00000000, 0x00000000, 0x00000000, 0x00000000, 
N0x00000000, 0x00000000, 0x00000000, 0x00000000, 0x00000000, 0x00000000, 0x00000000, 0x7C737352, 
N0xCCCCCCFF, 0xCCCCCCFF, 0xCCCCCCFF, 0xCCCCCCFF, 0xCEBABAFD, 0x8367670C, 0x00000000, 0x00000000, 
N0x00000000, 0x00000000, 0x00000000, 0x00000000, 0x00000000, 0x00000000, 0x00000000, 0x00000000, 
N0x00000000, 0x00000000, 0x00000000, 0x00000000, 0x00000000, 0x00000000, 0x00000000, 0x00000000, 
N0x00000000, 0x00000000, 0x00000000, 0x00000000, 0x00000000, 0x00000000, 0x00000000, 0x00000000, 
N0x00000000, 0x00000000, 0x00000000, 0x00000000, 0x00000000, 0x00000000, 0x00000000, 0x00000000, 
N0x00000000, 0x00000000, 0x00000000, 0x00000000, 0x00000000, 0x00000000, 0x00000000, 0x00000000, 
N0x00000000, 0x00000000, 0x00000000, 0x00000000, 0x00000000, 0x00000000, 0x00000000, 0x00000000, 
N0x00000000, 0x696B6A21, 0xCBB5B5FB, 0xCCCCCCFF, 0xCCCCCCFF, 0xCCCCCCFF, 0xC39F9FE8, 0x00000000, 
N0x00000000, 0x00000000, 0x00000000, 0x00000000, 0x00000000, 0x00000000, 0x00000000, 0x00000000, 
N0x00000000, 0x00000000, 0x00000000, 0x00000000, 0x00000000, 0x00000000, 0x00000000, 0x00000000, 
N0x00000000, 0x00000000, 0x00000000, 0x00000000, 0x00000000, 0x00000000, 0x00000000, 0x00000000, 
N0x00000000, 0x00000000, 0x00000000, 0x00000000, 0x00000000, 0x00000000, 0x00000000, 0x00000000, 
N0x00000000, 0x00000000, 0x00000000, 0x00000000, 0x00000000, 0x00000000, 0x00000000, 0x00000000, 
N0x00000000, 0x00000000, 0x00000000, 0x00000000, 0x00000000, 0x00000000, 0x00000000, 0x00000000, 
N0x00000000, 0x00000000, 0x00000000, 0x00000000, 0x76717254, 0xC1A5A6F0, 0xCDB4B4FA, 0xBC9E9EE8, 
N0x6F6E6E3E, 0x00000000, 0x00000000, 0x00000000, 0x00000000, 0x00000000, 0x00000000, 0x00000000, 
N0x00000000, 0x00000000, 0x00000000, 0x00000000, 0x00000000, 0x00000000, 0x00000000, 0x00000000, 
N0x00000000, 0x00000000, 0x00000000, 0x00000000, 0x00000000, 0x00000000, 0x00000000, 0x00000000, 
N0x00000000, 0x00000000, 0x00000000, 0x00000000, 0x00000000, 0x00000000, 0x00000000, 0x00000000, 
N0x00000000, 0x00000000, 0x00000000, 0x00000000, 0x00000000, 0x00000000, 0x00000000, 0x00000000, 
N0x00000000, 0x00000000, 0x00000000, 0x00000000, 0x00000000, 0x00000000, 0x00000000, 0x00000000, 
N0x00000000, 0x00000000, 0x00000000, 0x00000000, 0x00000000, 0x6A666606, 0x67666704, 0x66676902, 
N0x66686804, 0x00000000, 0x68666802, 0x00000000, 0x00000000, 0x00000000, 0x00000000, 0x00000000, 
N0x00000000, 0x00000000, 0x00000000, 0x00000000, 0x00000000, 0x00000000, 0x00000000, 0x00000000, 
N0x00000000, 0x00000000, 0x00000000, 0x00000000, 0x00000000, 0x00000000, 0x00000000, 0x00000000, 
N0x00000000, 0x00000000, 0x00000000, 0x00000000, 0x00000000, 0x00000000, 0x00000000, 0x00000000, 
N0x00000000, 0x00000000, 0x00000000, 0x00000000, 0x00000000, 0x00000000, 0x00000000, 0x00000000, 
N0x00000000, 0x00000000, 0x00000000, 0x00000000, 0x00000000, 0x00000000, 0x00000000, 0x00000000, 
N0x00000000, 0x00000000, 0x00000000, 0x00000000, 0x00000000, 0x00000000, 0x00000000, 0x00000000, 
N0x00000000, 0x00000000, 0x00000000, 0x00000000, 0x00000000, 0x00000000, 0x00000000, 0x00000000, 
N0x00000000, 0x00000000, 0x00000000, 0x00000000, 0x00000000, 0x00000000, 0x00000000, 0x00000000, 
N0x00000000, 0x00000000, 0x00000000, 0x00000000, 0x00000000, 0x00000000, 0x00000000, 0x00000000, 
N0x00000000, 0x00000000, 0x00000000, 0x00000000, 0x00000000, 0x00000000, 0x00000000, 0x00000000, 
N0x00000000, 0x00000000, 0x00000000, 0x00000000, 0x00000000, 0x00000000, 0x00000000, 0x00000000, 
N0x00000000, 0x00000000, 0x00000000, 0x00000000, 0x00000000, 0x00000000, 0x00000000, 0x00000000, 
N0x00000000, 0x00000000, 0x00000000, 0x00000000, 0x00000000, 0x00000000, 0x00000000, 0x00000000, 
N0x00000000, 0x00000000, 0x00000000, 0x00000000, 0x00000000, 0x00000000, 0x00000000, 0x00000000, 
N0x00000000, 0x00000000, 0x00000000, 0x00000000, 0x00000000, 0x00000000, 0x00000000, 0x00000000, 
N0x00000000, 0x00000000, 0x00000000, 0x00000000, 0x00000000, 0x00000000, 0x00000000, 0x00000000, 
N0x00000000, 0x00000000, 0x00000000, 0x00000000, 0x00000000, 0x00000000, 0x00000000, 0x00000000, 
N0x00000000, 0x00000000, 0x00000000, 0x00000000, 0x00000000, 0x00000000, 0x00000000, 0x00000000, 
N0x00000000, 0x00000000, 0x00000000, 0x00000000, 0x00000000, 0x00000000, 0x00000000, 0x00000000, 
N0x00000000, 0x00000000, 0x00000000, 0x00000000, 0x00000000, 0x00000000, 0x00000000, 0x00000000, 
N0x00000000, 0x00000000, 0x00000000, 0x00000000, 0x00000000, 0x00000000, 0x00000000, 0x00000000, 
N0x00000000, 0x00000000, 0x00000000, 0x00000000, 0x00000000, 0x00000000, 0x00000000, 0x00000000, 
N0x00000000, 0x00000000, 0x00000000, 0x00000000, 0x00000000, 0x00000000, 0x00000000, 0x00000000, 
N0x00000000, 0x00000000, 0x00000000, 0x00000000, 0x00000000, 0x00000000, 0x00000000, 0x00000000, 
N0x00000000, 0x00000000, 0x00000000, 0x00000000, 0x00000000, 0x00000000, 0x00000000, 0x00000000, 
N0x00000000, 0x00000000, 0x00000000, 0x00000000, 0x00000000, 0x00000000, 0x00000000, 0x00000000, 
N0x00000000, 0x00000000, 0x00000000, 0x00000000, 0x00000000, 0x00000000, 0x00000000, 0x00000000, 
N0x00000000, 0x00000000, 0x00000000, 0x00000000, 0x00000000, 0x00000000, 0x00000000, 0x00000000, 
N0x00000000, 0x00000000, 0x00000000, 0x00000000, 0x00000000, 0x00000000, 0x00000000, 0x00000000, 
N0x00000000, 0x00000000, 0x00000000, 0x00000000, 0x00000000, 0x00000000, 0x00000000, 0x00000000, 
N0x00000000, 0x00000000, 0x00000000, 0x00000000, 0x00000000, 0x00000000, 0x00000000, 0x00000000, 
N0x00000000, 0x00000000, 0x00000000, 0x00000000, 0x00000000, 0x00000000, 0x00000000, 0x00000000, 
N0x00000000, 0x00000000, 0x00000000, 0x00000000, 0x00000000, 0x00000000, 0x00000000, 0x00000000, 
N0x00000000, 0x00000000, 0x00000000, 0x00000000, 0x00000000, 0x00000000, 0x00000000, 0x00000000, 
N0x00000000, 0x00000000, 0x00000000, 0x00000000, 0x00000000, 0x00000000, 0x00000000, 0x00000000, 
N0x00000000, 0x00000000, 0x00000000, 0x00000000, 0x00000000, 0x00000000, 0x00000000, 0x00000000, 
N0x00000000, 0x00000000, 0x00000000, 0x00000000, 0x00000000, 0x00000000, 0x00000000, 0x00000000, 
N0x00000000, 0x00000000, 0x00000000, 0x00000000, 0x00000000, 0x00000000, 0x00000000, 0x00000000, 
N0x00000000, 0x00000000, 0x00000000, 0x00000000, 0x00000000, 0x00000000, 0x00000000, 0x00000000, 
N0x00000000, 0x00000000, 0x00000000, 0x00000000, 0x00000000, 0x00000000, 0x00000000, 0x00000000, 
N0x00000000, 0x00000000, 0x00000000, 0x00000000, 0x00000000, 0x00000000, 0x00000000, 0x00000000, 
N0x00000000, 0x00000000, 0x00000000, 0x00000000, 0x00000000, 0x00000000, 0x00000000, 0x00000000, 
N0x00000000, 0x00000000, 0x00000000, 0x00000000, 0x00000000, 0x00000000, 0x00000000, 0x00000000, 
N0x00000000, 0x00000000, 0x00000000, 0x00000000, 0x00000000, 0x00000000, 0x00000000, 0x00000000
N};
N
N#if defined(__GHS__) || defined(__ghs__)
X#if 0L || 0L
S#pragma ghs section rodata = default
N#endif /* defined(__GHS__) || defined(__ghs__) */
N
N#if defined(_DIAB_TOOL)
X#if 0L
S#pragma section .rodata "default"
S/* fixme: specify alignment */
N#endif /* defined(_DIAB_TOOL) */
N
N#if defined(__arm__) && defined(__ARMCC_VERSION)
X#if 1L && 1L
N#pragma arm section rodata
N#endif /* defined(__arm__) && defined(__ARMCC_VERSION) */
N
